Wed Feb 28 08:50:44 UTC 2024 - Executing "openroad -exit -no_init -python /openlane/scripts/odbpy/lefutil.py get_metal_layers -o /openlane/designs/dff_ram/runs/first_run/tmp/layers.list /home/sajjad/OpenLane/pdks/sky130A/libs.ref/sky130_fd_sc_hd/techlef/sky130_fd_sc_hd__nom.tlef"

Wed Feb 28 08:50:45 UTC 2024 - Executing "/openlane/scripts/mergeLef.py -o /openlane/designs/dff_ram/runs/first_run/tmp/merged.nom.lef -i /home/sajjad/OpenLane/pdks/sky130A/libs.ref/sky130_fd_sc_hd/techlef/sky130_fd_sc_hd__nom.tlef {/home/sajjad/OpenLane/pdks/sky130A/libs.ref/sky130_fd_sc_hd/lef/sky130_ef_sc_hd.lef /home/sajjad/OpenLane/pdks/sky130A/libs.ref/sky130_fd_sc_hd/lef/sky130_fd_sc_hd.lef} |& tee /dev/null"

Wed Feb 28 08:50:45 UTC 2024 - Executing "/openlane/scripts/mergeLef.py -o /openlane/designs/dff_ram/runs/first_run/tmp/merged.min.lef -i /home/sajjad/OpenLane/pdks/sky130A/libs.ref/sky130_fd_sc_hd/techlef/sky130_fd_sc_hd__min.tlef {/home/sajjad/OpenLane/pdks/sky130A/libs.ref/sky130_fd_sc_hd/lef/sky130_ef_sc_hd.lef /home/sajjad/OpenLane/pdks/sky130A/libs.ref/sky130_fd_sc_hd/lef/sky130_fd_sc_hd.lef} |& tee /dev/null"

Wed Feb 28 08:50:45 UTC 2024 - Executing "/openlane/scripts/mergeLef.py -o /openlane/designs/dff_ram/runs/first_run/tmp/merged.max.lef -i /home/sajjad/OpenLane/pdks/sky130A/libs.ref/sky130_fd_sc_hd/techlef/sky130_fd_sc_hd__max.tlef {/home/sajjad/OpenLane/pdks/sky130A/libs.ref/sky130_fd_sc_hd/lef/sky130_ef_sc_hd.lef /home/sajjad/OpenLane/pdks/sky130A/libs.ref/sky130_fd_sc_hd/lef/sky130_fd_sc_hd.lef} |& tee /dev/null"

Wed Feb 28 08:50:45 UTC 2024 - Executing "python3 /openlane/scripts/mergeLib.py --output /openlane/designs/dff_ram/runs/first_run/tmp/synthesis/merged.lib --name sky130A_merged /home/sajjad/OpenLane/pdks/sky130A/libs.ref/sky130_fd_sc_hd/lib/sky130_fd_sc_hd__tt_025C_1v80.lib"

Wed Feb 28 08:50:46 UTC 2024 - Executing "python3 /openlane/scripts/libtrim.py --cell-file /openlane/designs/dff_ram/runs/first_run/tmp/synthesis/trimmed.lib.exclude.list --output /openlane/designs/dff_ram/runs/first_run/tmp/synthesis/trimmed.lib /openlane/designs/dff_ram/runs/first_run/tmp/synthesis/merged.lib"

Wed Feb 28 08:50:46 UTC 2024 - Executing "python3 /openlane/scripts/libtrim.py --cell-file /openlane/designs/dff_ram/runs/first_run/tmp/cts/cts.lib.exclude.list --output /openlane/designs/dff_ram/runs/first_run/tmp/cts/cts.lib /home/sajjad/OpenLane/pdks/sky130A/libs.ref/sky130_fd_sc_hd/lib/sky130_fd_sc_hd__tt_025C_1v80.lib"

Wed Feb 28 08:50:47 UTC 2024 - Executing "python3 /openlane/scripts/new_tracks.py -i /home/sajjad/OpenLane/pdks/sky130A/libs.tech/openlane/sky130_fd_sc_hd/tracks.info -o /openlane/designs/dff_ram/runs/first_run/tmp/routing/config.tracks"

Wed Feb 28 08:50:47 UTC 2024 - Executing "echo {OpenLane f507637dbcb9e58fa08bcf86ce54289c23cd6817} > /openlane/designs/dff_ram/runs/first_run/OPENLANE_VERSION"

Wed Feb 28 08:50:56 UTC 2024 - Executing "sed -E {s/^([[:space:]]+)pg_pin(.*)/\1pin\2\n\1    direction : "inout";/g} /home/sajjad/OpenLane/pdks/sky130A/libs.ref/sky130_fd_sc_hd/lib/sky130_fd_sc_hd__tt_025C_1v80.lib > /openlane/designs/dff_ram/runs/first_run/tmp/synthesis/1-sky130_fd_sc_hd__tt_025C_1v80.no_pg.lib"

Wed Feb 28 08:50:56 UTC 2024 - Executing "sed -E {s/^([[:space:]]+)pg_pin(.*)/\1pin\2\n\1    direction : "inout";/g} /openlane/designs/dff_ram/runs/first_run/tmp/synthesis/trimmed.lib > /openlane/designs/dff_ram/runs/first_run/tmp/synthesis/1-trimmed.no_pg.lib"

Wed Feb 28 08:50:56 UTC 2024 - Executing "yosys -c /openlane/scripts/yosys/synth.tcl |& tee /dev/null /openlane/designs/dff_ram/runs/first_run/logs/synthesis/1-synthesis.log"

Wed Feb 28 08:52:05 UTC 2024 - Executing "sed -E {s/^([[:space:]]+)pg_pin(.*)/\1pin\2\n\1    direction : "inout";/g} /home/sajjad/OpenLane/pdks/sky130A/libs.ref/sky130_fd_sc_hd/lib/sky130_fd_sc_hd__tt_025C_1v80.lib > /openlane/designs/dff_ram/runs/first_run/tmp/synthesis/2-sky130_fd_sc_hd__tt_025C_1v80.no_pg.lib"

Wed Feb 28 08:52:05 UTC 2024 - Executing "sed -E {s/^([[:space:]]+)pg_pin(.*)/\1pin\2\n\1    direction : "inout";/g} /openlane/designs/dff_ram/runs/first_run/tmp/synthesis/trimmed.lib > /openlane/designs/dff_ram/runs/first_run/tmp/synthesis/2-trimmed.no_pg.lib"

Wed Feb 28 08:52:05 UTC 2024 - Executing "yosys -c /openlane/scripts/yosys/synth.tcl |& tee /dev/null /openlane/designs/dff_ram/runs/first_run/logs/synthesis/2-synthesis.log"

Wed Feb 28 08:52:06 UTC 2024 - Executing "python3 /openlane/scripts/generate_reports.py -d /openlane/designs/dff_ram --design_name dff_ram --tag first_run --output_file /openlane/designs/dff_ram/runs/first_run/reports/metrics.csv --man_report /openlane/designs/dff_ram/runs/first_run/reports/manufacturability.rpt --run_path /openlane/designs/dff_ram/runs/first_run"

Wed Feb 28 08:55:35 UTC 2024 - Executing "echo {OpenLane f507637dbcb9e58fa08bcf86ce54289c23cd6817} > /openlane/designs/dff_ram/runs/first_run/OPENLANE_VERSION"

Wed Feb 28 08:55:42 UTC 2024 - Executing "sed -E {s/^([[:space:]]+)pg_pin(.*)/\1pin\2\n\1    direction : "inout";/g} /home/sajjad/OpenLane/pdks/sky130A/libs.ref/sky130_fd_sc_hd/lib/sky130_fd_sc_hd__tt_025C_1v80.lib > /openlane/designs/dff_ram/runs/first_run/tmp/synthesis/3-sky130_fd_sc_hd__tt_025C_1v80.no_pg.lib"

Wed Feb 28 08:55:43 UTC 2024 - Executing "sed -E {s/^([[:space:]]+)pg_pin(.*)/\1pin\2\n\1    direction : "inout";/g} /openlane/designs/dff_ram/runs/first_run/tmp/synthesis/trimmed.lib > /openlane/designs/dff_ram/runs/first_run/tmp/synthesis/3-trimmed.no_pg.lib"

Wed Feb 28 08:55:43 UTC 2024 - Executing "yosys -c /openlane/scripts/yosys/synth.tcl |& tee /dev/null /openlane/designs/dff_ram/runs/first_run/logs/synthesis/3-synthesis.log"

Wed Feb 28 08:56:03 UTC 2024 - Executing "sed -E {s/^([[:space:]]+)pg_pin(.*)/\1pin\2\n\1    direction : "inout";/g} /home/sajjad/OpenLane/pdks/sky130A/libs.ref/sky130_fd_sc_hd/lib/sky130_fd_sc_hd__tt_025C_1v80.lib > /openlane/designs/dff_ram/runs/first_run/tmp/synthesis/4-sky130_fd_sc_hd__tt_025C_1v80.no_pg.lib"

Wed Feb 28 08:56:03 UTC 2024 - Executing "sed -E {s/^([[:space:]]+)pg_pin(.*)/\1pin\2\n\1    direction : "inout";/g} /openlane/designs/dff_ram/runs/first_run/tmp/synthesis/trimmed.lib > /openlane/designs/dff_ram/runs/first_run/tmp/synthesis/4-trimmed.no_pg.lib"

Wed Feb 28 08:56:03 UTC 2024 - Executing "yosys -c /openlane/scripts/yosys/synth.tcl |& tee /dev/null /openlane/designs/dff_ram/runs/first_run/logs/synthesis/4-synthesis.log"

Wed Feb 28 08:56:04 UTC 2024 - Executing "sed -i -e {s/\(set ::env(CURRENT_NETLIST)\).*/\1 \/openlane\/designs\/dff_ram\/runs\/first_run\/results\/synthesis\/dff_ram.v/} /openlane/designs/dff_ram/runs/first_run/config.tcl"

Wed Feb 28 08:56:04 UTC 2024 - Executing "sed -i /defparam/d /openlane/designs/dff_ram/runs/first_run/results/synthesis/dff_ram.v"

Wed Feb 28 08:56:04 UTC 2024 - Executing "openroad -exit /openlane/scripts/openroad/sta.tcl |& tee /dev/null /openlane/designs/dff_ram/runs/first_run/logs/synthesis/5-sta.log"

Wed Feb 28 08:56:16 UTC 2024 - Executing "openroad -exit /openlane/scripts/openroad/floorplan.tcl |& tee /dev/null /openlane/designs/dff_ram/runs/first_run/logs/floorplan/6-initial_fp.log"

Wed Feb 28 08:56:17 UTC 2024 - Executing "openroad -exit -no_init -python /openlane/scripts/odbpy/snap_to_grid.py --output /openlane/designs/dff_ram/runs/first_run/tmp/floorplan/6-minimized_pdn.txt --input-lef /openlane/designs/dff_ram/runs/first_run/tmp/merged.nom.lef 6.3825 6.12 12.765 12.24"

Wed Feb 28 08:56:17 UTC 2024 - Executing "openroad -exit -no_init -python /openlane/scripts/odbpy/defutil.py extract_core_dims --output-data /openlane/designs/dff_ram/runs/first_run/tmp/dimensions.txt --input-lef /openlane/designs/dff_ram/runs/first_run/tmp/merged.nom.lef /openlane/designs/dff_ram/runs/first_run/tmp/floorplan/6-initial_fp.def"

Wed Feb 28 08:56:18 UTC 2024 - Executing "openroad -exit /openlane/scripts/openroad/ioplacer.tcl |& tee /dev/null /openlane/designs/dff_ram/runs/first_run/logs/floorplan/7-io.log"

Wed Feb 28 08:56:19 UTC 2024 - Executing "openroad -exit /openlane/scripts/openroad/tapcell.tcl |& tee /dev/null /openlane/designs/dff_ram/runs/first_run/logs/floorplan/8-tap.log"

Wed Feb 28 08:56:20 UTC 2024 - Executing "openroad -exit /openlane/scripts/openroad/pdn.tcl |& tee /dev/null /openlane/designs/dff_ram/runs/first_run/logs/floorplan/9-pdn.log"

Wed Feb 28 08:58:25 UTC 2024 - Executing "openroad -exit /openlane/scripts/openroad/floorplan.tcl |& tee /dev/null /openlane/designs/dff_ram/runs/first_run/logs/floorplan/10-initial_fp.log"

Wed Feb 28 08:58:26 UTC 2024 - Executing "openroad -exit -no_init -python /openlane/scripts/odbpy/defutil.py extract_core_dims --output-data /openlane/designs/dff_ram/runs/first_run/tmp/dimensions.txt --input-lef /openlane/designs/dff_ram/runs/first_run/tmp/merged.nom.lef /openlane/designs/dff_ram/runs/first_run/tmp/floorplan/10-initial_fp.def"

Wed Feb 28 08:58:26 UTC 2024 - Executing "openroad -exit /openlane/scripts/openroad/ioplacer.tcl |& tee /dev/null /openlane/designs/dff_ram/runs/first_run/logs/floorplan/11-io.log"

Wed Feb 28 08:58:27 UTC 2024 - Executing "openroad -exit /openlane/scripts/openroad/tapcell.tcl |& tee /dev/null /openlane/designs/dff_ram/runs/first_run/logs/floorplan/12-tap.log"

Wed Feb 28 08:58:28 UTC 2024 - Executing "openroad -exit /openlane/scripts/openroad/pdn.tcl |& tee /dev/null /openlane/designs/dff_ram/runs/first_run/logs/floorplan/13-pdn.log"

Wed Feb 28 10:04:46 UTC 2024 - Executing "echo {OpenLane f507637dbcb9e58fa08bcf86ce54289c23cd6817} > /openlane/designs/dff_ram/runs/first_run/OPENLANE_VERSION"

Wed Feb 28 10:05:35 UTC 2024 - Executing "sed -i -e {s/\(set ::env(CURRENT_NETLIST)\).*/\1 \/openlane\/designs\/dff_ram\/runs\/first_run\/results\/synthesis\/dff_ram.v/} /openlane/designs/dff_ram/runs/first_run/config.tcl"

Wed Feb 28 10:05:35 UTC 2024 - Executing "openroad -exit /openlane/scripts/openroad/sta.tcl |& tee /dev/null /openlane/designs/dff_ram/runs/first_run/logs/synthesis/16-sta.log"

