[ERROR]: during executing yosys script /openlane/scripts/yosys/synth.tcl
[ERROR]: Log: designs/dff_ram/runs/first_run/logs/synthesis/2-synthesis.log
[ERROR]: Last 10 lines:
[TCL: yosys -import] Command name collision: found pre-existing command `exec' -> skip.
[TCL: yosys -import] Command name collision: found pre-existing command `read' -> skip.
[TCL: yosys -import] Command name collision: found pre-existing command `trace' -> skip.

1. Executing Verilog-2005 frontend: /openlane/designs/dff_ram/src/ram.v
Parsing SystemVerilog input from `/openlane/designs/dff_ram/src/ram.v' to AST representation.
Generating RTLIL representation for module `\ram'.
Warning: Replacing memory \mem with list of registers. See /openlane/designs/dff_ram/src/ram.v:17, /openlane/designs/dff_ram/src/ram.v:14
ERROR: No such module: dff_ram
child process exited abnormally

[ERROR]: Creating issue reproducible...
[ERROR]: Flow failed.
[ERROR]: during executing openroad script /openlane/scripts/openroad/ioplacer.tcl
[ERROR]: Log: designs/dff_ram/runs/first_run/logs/floorplan/7-io.log
[ERROR]: Last 10 lines:
OpenROAD 4f1108b6f558718ed142cbb6c1f5ba20958195ca 
This program is licensed under the BSD-3 license. See the LICENSE file for details.
Components of this program may be licensed under more restrictive licenses which must be honored.
Found 0 macro blocks.
Using 1u default distance from corners.
[INFO PPL-0007] Random pin placement.
[ERROR PPL-0072] Number of pins (149) exceed number of valid positions (84).
Error: ioplacer.tcl, 51 PPL-0072
child process exited abnormally

[ERROR]: Creating issue reproducible...
[ERROR]: during executing openroad script /openlane/scripts/openroad/tapcell.tcl
[ERROR]: Log: designs/dff_ram/runs/first_run/logs/floorplan/8-tap.log
[ERROR]: Last 10 lines:
OpenROAD 4f1108b6f558718ed142cbb6c1f5ba20958195ca 
This program is licensed under the BSD-3 license. See the LICENSE file for details.
Components of this program may be licensed under more restrictive licenses which must be honored.
[ERROR ORD-0007] /openlane/designs/dff_ram/runs/first_run/tmp/floorplan/7-io.odb does not exist.
ORD-0007
child process exited abnormally

[ERROR]: Creating issue reproducible...
[ERROR]: Failed to package reproducible.
[ERROR]: during executing openroad script /openlane/scripts/openroad/pdn.tcl
[ERROR]: Log: designs/dff_ram/runs/first_run/logs/floorplan/9-pdn.log
[ERROR]: Last 10 lines:
OpenROAD 4f1108b6f558718ed142cbb6c1f5ba20958195ca 
This program is licensed under the BSD-3 license. See the LICENSE file for details.
Components of this program may be licensed under more restrictive licenses which must be honored.
[ERROR ORD-0007] /openlane/designs/dff_ram/runs/first_run/results/floorplan/dff_ram.odb does not exist.
ORD-0007
child process exited abnormally

[ERROR]: Creating issue reproducible...
[ERROR]: Failed to package reproducible.
[ERROR]: during executing openroad script /openlane/scripts/openroad/ioplacer.tcl
[ERROR]: Log: designs/dff_ram/runs/first_run/logs/floorplan/11-io.log
[ERROR]: Last 10 lines:
OpenROAD 4f1108b6f558718ed142cbb6c1f5ba20958195ca 
This program is licensed under the BSD-3 license. See the LICENSE file for details.
Components of this program may be licensed under more restrictive licenses which must be honored.
Found 0 macro blocks.
Using 1u default distance from corners.
[INFO PPL-0007] Random pin placement.
[ERROR PPL-0072] Number of pins (149) exceed number of valid positions (84).
Error: ioplacer.tcl, 51 PPL-0072
child process exited abnormally

[ERROR]: Creating issue reproducible...
[ERROR]: during executing openroad script /openlane/scripts/openroad/tapcell.tcl
[ERROR]: Log: designs/dff_ram/runs/first_run/logs/floorplan/12-tap.log
[ERROR]: Last 10 lines:
OpenROAD 4f1108b6f558718ed142cbb6c1f5ba20958195ca 
This program is licensed under the BSD-3 license. See the LICENSE file for details.
Components of this program may be licensed under more restrictive licenses which must be honored.
[ERROR ORD-0007] /openlane/designs/dff_ram/runs/first_run/tmp/floorplan/11-io.odb does not exist.
ORD-0007
child process exited abnormally

[ERROR]: Creating issue reproducible...
[ERROR]: Failed to package reproducible.
[ERROR]: during executing openroad script /openlane/scripts/openroad/pdn.tcl
[ERROR]: Log: designs/dff_ram/runs/first_run/logs/floorplan/13-pdn.log
[ERROR]: Last 10 lines:
OpenROAD 4f1108b6f558718ed142cbb6c1f5ba20958195ca 
This program is licensed under the BSD-3 license. See the LICENSE file for details.
Components of this program may be licensed under more restrictive licenses which must be honored.
[ERROR ORD-0007] /openlane/designs/dff_ram/runs/first_run/results/floorplan/dff_ram.odb does not exist.
ORD-0007
child process exited abnormally

[ERROR]: Creating issue reproducible...
[ERROR]: Failed to package reproducible.
[ERROR]: during executing openroad script /openlane/scripts/openroad/sta.tcl
[ERROR]: Log: designs/dff_ram/runs/first_run/logs/synthesis/16-sta.log
[ERROR]: Last 10 lines:
OpenROAD 4f1108b6f558718ed142cbb6c1f5ba20958195ca 
This program is licensed under the BSD-3 license. See the LICENSE file for details.
Components of this program may be licensed under more restrictive licenses which must be honored.
[ERROR ORD-0007] /openlane/designs/dff_ram/runs/first_run/tmp/floorplan/13-pdn.odb does not exist.
ORD-0007
child process exited abnormally

[ERROR]: Creating issue reproducible...
[ERROR]: Failed to package reproducible.
[ERROR]: during executing openroad script /openlane/scripts/openroad/sta.tcl
[ERROR]: Log: designs/dff_ram/runs/first_run/logs/synthesis/18-sta.log
[ERROR]: Last 10 lines:
OpenROAD 4f1108b6f558718ed142cbb6c1f5ba20958195ca 
This program is licensed under the BSD-3 license. See the LICENSE file for details.
Components of this program may be licensed under more restrictive licenses which must be honored.
[ERROR ORD-0007] /openlane/designs/dff_ram/runs/first_run/tmp/floorplan/13-pdn.odb does not exist.
ORD-0007
child process exited abnormally

[ERROR]: Creating issue reproducible...
[ERROR]: Failed to package reproducible.
