Wed Feb 28 11:58:41 UTC 2024 - Executing "openroad -exit -no_init -python /openlane/scripts/odbpy/lefutil.py get_metal_layers -o /openlane/designs/dff_ram/runs/run/tmp/layers.list /home/sajjad/OpenLane/pdks/sky130A/libs.ref/sky130_fd_sc_hd/techlef/sky130_fd_sc_hd__nom.tlef"

Wed Feb 28 11:58:41 UTC 2024 - Executing "/openlane/scripts/mergeLef.py -o /openlane/designs/dff_ram/runs/run/tmp/merged.nom.lef -i /home/sajjad/OpenLane/pdks/sky130A/libs.ref/sky130_fd_sc_hd/techlef/sky130_fd_sc_hd__nom.tlef {/home/sajjad/OpenLane/pdks/sky130A/libs.ref/sky130_fd_sc_hd/lef/sky130_ef_sc_hd.lef /home/sajjad/OpenLane/pdks/sky130A/libs.ref/sky130_fd_sc_hd/lef/sky130_fd_sc_hd.lef} |& tee /dev/null"

Wed Feb 28 11:58:41 UTC 2024 - Executing "/openlane/scripts/mergeLef.py -o /openlane/designs/dff_ram/runs/run/tmp/merged.min.lef -i /home/sajjad/OpenLane/pdks/sky130A/libs.ref/sky130_fd_sc_hd/techlef/sky130_fd_sc_hd__min.tlef {/home/sajjad/OpenLane/pdks/sky130A/libs.ref/sky130_fd_sc_hd/lef/sky130_ef_sc_hd.lef /home/sajjad/OpenLane/pdks/sky130A/libs.ref/sky130_fd_sc_hd/lef/sky130_fd_sc_hd.lef} |& tee /dev/null"

Wed Feb 28 11:58:41 UTC 2024 - Executing "/openlane/scripts/mergeLef.py -o /openlane/designs/dff_ram/runs/run/tmp/merged.max.lef -i /home/sajjad/OpenLane/pdks/sky130A/libs.ref/sky130_fd_sc_hd/techlef/sky130_fd_sc_hd__max.tlef {/home/sajjad/OpenLane/pdks/sky130A/libs.ref/sky130_fd_sc_hd/lef/sky130_ef_sc_hd.lef /home/sajjad/OpenLane/pdks/sky130A/libs.ref/sky130_fd_sc_hd/lef/sky130_fd_sc_hd.lef} |& tee /dev/null"

Wed Feb 28 11:58:41 UTC 2024 - Executing "python3 /openlane/scripts/mergeLib.py --output /openlane/designs/dff_ram/runs/run/tmp/synthesis/merged.lib --name sky130A_merged /home/sajjad/OpenLane/pdks/sky130A/libs.ref/sky130_fd_sc_hd/lib/sky130_fd_sc_hd__tt_025C_1v80.lib"

Wed Feb 28 11:58:42 UTC 2024 - Executing "python3 /openlane/scripts/libtrim.py --cell-file /openlane/designs/dff_ram/runs/run/tmp/synthesis/trimmed.lib.exclude.list --output /openlane/designs/dff_ram/runs/run/tmp/synthesis/trimmed.lib /openlane/designs/dff_ram/runs/run/tmp/synthesis/merged.lib"

Wed Feb 28 11:58:42 UTC 2024 - Executing "python3 /openlane/scripts/libtrim.py --cell-file /openlane/designs/dff_ram/runs/run/tmp/cts/cts.lib.exclude.list --output /openlane/designs/dff_ram/runs/run/tmp/cts/cts.lib /home/sajjad/OpenLane/pdks/sky130A/libs.ref/sky130_fd_sc_hd/lib/sky130_fd_sc_hd__tt_025C_1v80.lib"

Wed Feb 28 11:58:43 UTC 2024 - Executing "python3 /openlane/scripts/new_tracks.py -i /home/sajjad/OpenLane/pdks/sky130A/libs.tech/openlane/sky130_fd_sc_hd/tracks.info -o /openlane/designs/dff_ram/runs/run/tmp/routing/config.tracks"

Wed Feb 28 11:58:43 UTC 2024 - Executing "echo {OpenLane f507637dbcb9e58fa08bcf86ce54289c23cd6817} > /openlane/designs/dff_ram/runs/run/OPENLANE_VERSION"

Wed Feb 28 11:59:08 UTC 2024 - Executing "sed -E {s/^([[:space:]]+)pg_pin(.*)/\1pin\2\n\1    direction : "inout";/g} /home/sajjad/OpenLane/pdks/sky130A/libs.ref/sky130_fd_sc_hd/lib/sky130_fd_sc_hd__tt_025C_1v80.lib > /openlane/designs/dff_ram/runs/run/tmp/synthesis/1-sky130_fd_sc_hd__tt_025C_1v80.no_pg.lib"

Wed Feb 28 11:59:08 UTC 2024 - Executing "sed -E {s/^([[:space:]]+)pg_pin(.*)/\1pin\2\n\1    direction : "inout";/g} /openlane/designs/dff_ram/runs/run/tmp/synthesis/trimmed.lib > /openlane/designs/dff_ram/runs/run/tmp/synthesis/1-trimmed.no_pg.lib"

Wed Feb 28 11:59:09 UTC 2024 - Executing "yosys -c /openlane/scripts/yosys/synth.tcl |& tee /dev/null /openlane/designs/dff_ram/runs/run/logs/synthesis/1-synthesis.log"

Wed Feb 28 11:59:09 UTC 2024 - Executing "sed -i -e {s/\(set ::env(CURRENT_NETLIST)\).*/\1 \/openlane\/designs\/dff_ram\/runs\/run\/results\/synthesis\/dff_ram.v/} /openlane/designs/dff_ram/runs/run/config.tcl"

Wed Feb 28 11:59:10 UTC 2024 - Executing "sed -i /defparam/d /openlane/designs/dff_ram/runs/run/results/synthesis/dff_ram.v"

Wed Feb 28 11:59:10 UTC 2024 - Executing "openroad -exit /openlane/scripts/openroad/sta.tcl |& tee /dev/null /openlane/designs/dff_ram/runs/run/logs/synthesis/2-sta.log"

Wed Feb 28 11:59:20 UTC 2024 - Executing "openroad -exit /openlane/scripts/openroad/floorplan.tcl |& tee /dev/null /openlane/designs/dff_ram/runs/run/logs/floorplan/3-initial_fp.log"

Wed Feb 28 11:59:20 UTC 2024 - Executing "openroad -exit -no_init -python /openlane/scripts/odbpy/defutil.py extract_core_dims --output-data /openlane/designs/dff_ram/runs/run/tmp/dimensions.txt --input-lef /openlane/designs/dff_ram/runs/run/tmp/merged.nom.lef /openlane/designs/dff_ram/runs/run/tmp/floorplan/3-initial_fp.def"

Wed Feb 28 11:59:21 UTC 2024 - Executing "openroad -exit /openlane/scripts/openroad/ioplacer.tcl |& tee /dev/null /openlane/designs/dff_ram/runs/run/logs/floorplan/4-io.log"

Wed Feb 28 11:59:22 UTC 2024 - Executing "openroad -exit /openlane/scripts/openroad/tapcell.tcl |& tee /dev/null /openlane/designs/dff_ram/runs/run/logs/floorplan/5-tap.log"

Wed Feb 28 11:59:22 UTC 2024 - Executing "openroad -exit /openlane/scripts/openroad/pdn.tcl |& tee /dev/null /openlane/designs/dff_ram/runs/run/logs/floorplan/6-pdn.log"

Wed Feb 28 12:05:06 UTC 2024 - Executing "openroad -exit /openlane/scripts/openroad/gpl.tcl |& tee /dev/null /openlane/designs/dff_ram/runs/run/logs/placement/7-global.log"

Wed Feb 28 12:05:25 UTC 2024 - Executing "python3 /openlane/scripts/generate_reports.py -d /openlane/designs/dff_ram --design_name dff_ram --tag run --output_file /openlane/designs/dff_ram/runs/run/reports/metrics.csv --man_report /openlane/designs/dff_ram/runs/run/reports/manufacturability.rpt --run_path /openlane/designs/dff_ram/runs/run"

Mon Mar 04 09:45:02 UTC 2024 - Executing "echo {OpenLane f507637dbcb9e58fa08bcf86ce54289c23cd6817} > /openlane/designs/dff_ram/runs/run/OPENLANE_VERSION"

Mon Mar 04 09:45:48 UTC 2024 - Executing "sed -i -e {s/\(set ::env(CURRENT_NETLIST)\).*/\1 \/openlane\/designs\/dff_ram\/runs\/run\/results\/synthesis\/dff_ram.v/} /openlane/designs/dff_ram/runs/run/config.tcl"

Mon Mar 04 09:45:48 UTC 2024 - Executing "openroad -exit /openlane/scripts/openroad/sta.tcl |& tee /dev/null /openlane/designs/dff_ram/runs/run/logs/synthesis/10-sta.log"

Mon Mar 04 09:46:01 UTC 2024 - Executing "openroad -exit /openlane/scripts/openroad/floorplan.tcl |& tee /dev/null /openlane/designs/dff_ram/runs/run/logs/floorplan/11-initial_fp.log"

Mon Mar 04 09:46:02 UTC 2024 - Executing "openroad -exit -no_init -python /openlane/scripts/odbpy/defutil.py extract_core_dims --output-data /openlane/designs/dff_ram/runs/run/tmp/dimensions.txt --input-lef /openlane/designs/dff_ram/runs/run/tmp/merged.nom.lef /openlane/designs/dff_ram/runs/run/tmp/floorplan/11-initial_fp.def"

Mon Mar 04 09:46:02 UTC 2024 - Executing "openroad -exit /openlane/scripts/openroad/ioplacer.tcl |& tee /dev/null /openlane/designs/dff_ram/runs/run/logs/floorplan/12-io.log"

Mon Mar 04 09:46:03 UTC 2024 - Executing "openroad -exit /openlane/scripts/openroad/tapcell.tcl |& tee /dev/null /openlane/designs/dff_ram/runs/run/logs/floorplan/13-tap.log"

Mon Mar 04 09:46:04 UTC 2024 - Executing "openroad -exit /openlane/scripts/openroad/pdn.tcl |& tee /dev/null /openlane/designs/dff_ram/runs/run/logs/floorplan/14-pdn.log"

Mon Mar 04 09:46:16 UTC 2024 - Executing "openroad -exit /openlane/scripts/openroad/gpl.tcl |& tee /dev/null /openlane/designs/dff_ram/runs/run/logs/placement/15-global.log"

Mon Mar 04 09:46:35 UTC 2024 - Executing "openroad -exit /openlane/scripts/openroad/resizer.tcl |& tee /dev/null /openlane/designs/dff_ram/runs/run/logs/placement/16-resizer.log"

Mon Mar 04 09:46:36 UTC 2024 - Executing "sed -i -e {s/\(set ::env(CURRENT_NETLIST)\).*/\1 \/openlane\/designs\/dff_ram\/runs\/run\/tmp\/placement\/16-resizer.nl.v/} /openlane/designs/dff_ram/runs/run/config.tcl"

Mon Mar 04 09:46:36 UTC 2024 - Executing "openroad -exit /openlane/scripts/openroad/dpl.tcl |& tee /dev/null /openlane/designs/dff_ram/runs/run/logs/placement/17-detailed.log"

Mon Mar 04 09:46:37 UTC 2024 - Executing "sed -i -e {s/\(set ::env(CURRENT_NETLIST)\).*/\1 \/openlane\/designs\/dff_ram\/runs\/run\/results\/placement\/dff_ram.nl.v/} /openlane/designs/dff_ram/runs/run/config.tcl"

