[INFO]: Run Directory: /openlane/designs/dff_ram/runs/run
[INFO]: Preparing LEF files for the nom corner...
[INFO]: Preparing LEF files for the min corner...
[INFO]: Preparing LEF files for the max corner...
[INFO]: Running Synthesis (log: designs/dff_ram/runs/run/logs/synthesis/1-synthesis.log)...
[INFO]: Executing yosys with Tcl script 'scripts/yosys/synth.tcl'...
[INFO]: Changing netlist to 'designs/dff_ram/runs/run/results/synthesis/dff_ram.v'...
[INFO]: Running Single-Corner Static Timing Analysis (log: designs/dff_ram/runs/run/logs/synthesis/2-sta.log)...
[INFO]: Executing openroad with Tcl script 'scripts/openroad/sta.tcl'...
[INFO]: Running Initial Floorplanning (log: designs/dff_ram/runs/run/logs/floorplan/3-initial_fp.log)...
[INFO]: Executing openroad with Tcl script 'scripts/openroad/floorplan.tcl'...
[INFO]: Changing layout to 'designs/dff_ram/runs/run/tmp/floorplan/3-initial_fp.def'...
[INFO]: Changing timing constraints to 'designs/dff_ram/runs/run/tmp/floorplan/3-initial_fp.sdc'...
[INFO]: Changing database to 'designs/dff_ram/runs/run/tmp/floorplan/3-initial_fp.odb'...
[INFO]: Core area width: 1199.68
[INFO]: Core area height: 1196.8
[INFO]: Final Vertical PDN Offset: 16.32
[INFO]: Final Horizontal PDN Offset: 16.65
[INFO]: Final Vertical PDN Pitch: 153.6
[INFO]: Final Horizontal PDN Pitch: 153.18
[INFO]: Extracting core dimensions...
[INFO]: Floorplanned with width 1199.68 and height 1196.8.
[INFO]: Running IO Placement...
[INFO]: Executing openroad with Tcl script 'scripts/openroad/ioplacer.tcl'...
[INFO]: Changing layout to 'designs/dff_ram/runs/run/tmp/floorplan/4-io.def'...
[INFO]: Changing database to 'designs/dff_ram/runs/run/tmp/floorplan/4-io.odb'...
[INFO]: Running Tap/Decap Insertion (log: designs/dff_ram/runs/run/logs/floorplan/5-tap.log)...
[INFO]: Executing openroad with Tcl script 'scripts/openroad/tapcell.tcl'...
[INFO]: Changing layout to 'designs/dff_ram/runs/run/results/floorplan/dff_ram.def'...
[INFO]: Changing database to 'designs/dff_ram/runs/run/results/floorplan/dff_ram.odb'...
[INFO]: Power planning with power {VPWR} and ground {VGND}...
[INFO]: Generating PDN (log: designs/dff_ram/runs/run/logs/floorplan/6-pdn.log)...
[INFO]: Executing openroad with Tcl script 'scripts/openroad/pdn.tcl'...
[INFO]: Changing layout to 'designs/dff_ram/runs/run/tmp/floorplan/6-pdn.def'...
[INFO]: Changing database to 'designs/dff_ram/runs/run/tmp/floorplan/6-pdn.odb'...
[INFO]: Running Global Placement (log: designs/dff_ram/runs/run/logs/placement/7-global.log)...
[INFO]: Executing openroad with Tcl script 'scripts/openroad/gpl.tcl'...
[ERROR]: during executing openroad script /openlane/scripts/openroad/gpl.tcl
[ERROR]: Log: designs/dff_ram/runs/run/logs/placement/7-global.log
[ERROR]: Last 10 lines:
[INFO GPL-0103] Weighted 84 nets.
[NesterovSolve] Snapshot saved at iter = 328
[NesterovSolve] Iter: 330 overflow: 0.329052 HPWL: 54987181
[INFO GPL-0100] worst slack 6.14e-09
[INFO GPL-0103] Weighted 84 nets.
[NesterovSolve] Iter: 340 overflow: 0.309409 HPWL: 61557217
[NesterovSolve] Iter: 350 overflow: 0.29864 HPWL: 67131756
[ERROR GPL-0307] RePlAce divergence detected. Re-run with a smaller max_phi_cof value.
Error: gpl.tcl, 69 GPL-0307
child process exited abnormally

[ERROR]: Creating issue reproducible...
[INFO]: Saving runtime environment...
[INFO]: Reproducible packaged: Please tarball and upload 'designs/dff_ram/runs/run/issue_reproducible' if you're going to submit an issue.
[INFO]: Calculating runtime...
[INFO]: Saving current set of views in 'designs/dff_ram/runs/run/results/final'...
[INFO]: Generating final set of reports...
[INFO]: Created manufacturability report at 'designs/dff_ram/runs/run/reports/manufacturability.rpt'.
[INFO]: Created metrics report at 'designs/dff_ram/runs/run/reports/metrics.csv'.
[INFO]: Saving runtime environment...
[ERROR]: Flow failed.
