
24. Printing statistics.

=== dff_ram ===

   Number of wires:                 86
   Number of wire bits:            229
   Number of public wires:          26
   Number of public wire bits:     169
   Number of memories:               0
   Number of memory bits:            0
   Number of processes:              0
   Number of cells:                152
     sky130_fd_sc_hd__and2b_2        1
     sky130_fd_sc_hd__and4_2         1
     sky130_fd_sc_hd__and4b_2        2
     sky130_fd_sc_hd__and4bb_2       1
     sky130_fd_sc_hd__buf_1         25
     sky130_fd_sc_hd__conb_1        67
     sky130_fd_sc_hd__dfxtp_2       25
     sky130_fd_sc_hd__mux2_2        25
     sky130_fd_sc_hd__mux4_2         5

   Chip area for module '\dff_ram': 1325.020800

