
24. Printing statistics.

=== dff_ram ===

   Number of wires:                 71
   Number of wire bits:            214
   Number of public wires:          22
   Number of public wire bits:     165
   Number of memories:               0
   Number of memory bits:            0
   Number of processes:              0
   Number of cells:                137
     sky130_fd_sc_hd__and2b_2        1
     sky130_fd_sc_hd__and4_2         1
     sky130_fd_sc_hd__and4b_2        2
     sky130_fd_sc_hd__and4bb_2       1
     sky130_fd_sc_hd__buf_1         20
     sky130_fd_sc_hd__conb_1        68
     sky130_fd_sc_hd__dfxtp_2       20
     sky130_fd_sc_hd__mux2_2        20
     sky130_fd_sc_hd__mux4_2         4

   Chip area for module '\dff_ram': 1124.828800

