
===========================================================================
report_checks -path_delay min (Hold)
============================================================================
Startpoint: _125_ (rising edge-triggered flip-flop clocked by clk)
Endpoint: _125_ (rising edge-triggered flip-flop clocked by clk)
Path Group: clk
Path Type: min

Fanout     Cap    Slew   Delay    Time   Description
-----------------------------------------------------------------------------
                  0.15    0.00    0.00   clock clk (rise edge)
                          0.00    0.00   clock network delay (ideal)
                  0.15    0.00    0.00 ^ _125_/CLK (sky130_fd_sc_hd__dfxtp_2)
                  0.04    0.33    0.33 ^ _125_/Q (sky130_fd_sc_hd__dfxtp_2)
     2    0.00                           mem[2][0] (net)
                  0.04    0.00    0.33 ^ _072_/A0 (sky130_fd_sc_hd__mux2_2)
                  0.03    0.12    0.45 ^ _072_/X (sky130_fd_sc_hd__mux2_2)
     1    0.00                           _044_ (net)
                  0.03    0.00    0.45 ^ _073_/A (sky130_fd_sc_hd__buf_1)
                  0.03    0.06    0.51 ^ _073_/X (sky130_fd_sc_hd__buf_1)
     1    0.00                           _005_ (net)
                  0.03    0.00    0.51 ^ _125_/D (sky130_fd_sc_hd__dfxtp_2)
                                  0.51   data arrival time

                  0.15    0.00    0.00   clock clk (rise edge)
                          0.00    0.00   clock network delay (ideal)
                          0.25    0.25   clock uncertainty
                          0.00    0.25   clock reconvergence pessimism
                                  0.25 ^ _125_/CLK (sky130_fd_sc_hd__dfxtp_2)
                         -0.01    0.24   library hold time
                                  0.24   data required time
-----------------------------------------------------------------------------
                                  0.24   data required time
                                 -0.51   data arrival time
-----------------------------------------------------------------------------
                                  0.28   slack (MET)


Startpoint: _126_ (rising edge-triggered flip-flop clocked by clk)
Endpoint: _126_ (rising edge-triggered flip-flop clocked by clk)
Path Group: clk
Path Type: min

Fanout     Cap    Slew   Delay    Time   Description
-----------------------------------------------------------------------------
                  0.15    0.00    0.00   clock clk (rise edge)
                          0.00    0.00   clock network delay (ideal)
                  0.15    0.00    0.00 ^ _126_/CLK (sky130_fd_sc_hd__dfxtp_2)
                  0.04    0.33    0.33 ^ _126_/Q (sky130_fd_sc_hd__dfxtp_2)
     2    0.00                           mem[2][1] (net)
                  0.04    0.00    0.33 ^ _074_/A0 (sky130_fd_sc_hd__mux2_2)
                  0.03    0.12    0.45 ^ _074_/X (sky130_fd_sc_hd__mux2_2)
     1    0.00                           _045_ (net)
                  0.03    0.00    0.45 ^ _075_/A (sky130_fd_sc_hd__buf_1)
                  0.03    0.06    0.51 ^ _075_/X (sky130_fd_sc_hd__buf_1)
     1    0.00                           _006_ (net)
                  0.03    0.00    0.51 ^ _126_/D (sky130_fd_sc_hd__dfxtp_2)
                                  0.51   data arrival time

                  0.15    0.00    0.00   clock clk (rise edge)
                          0.00    0.00   clock network delay (ideal)
                          0.25    0.25   clock uncertainty
                          0.00    0.25   clock reconvergence pessimism
                                  0.25 ^ _126_/CLK (sky130_fd_sc_hd__dfxtp_2)
                         -0.01    0.24   library hold time
                                  0.24   data required time
-----------------------------------------------------------------------------
                                  0.24   data required time
                                 -0.51   data arrival time
-----------------------------------------------------------------------------
                                  0.28   slack (MET)


Startpoint: _127_ (rising edge-triggered flip-flop clocked by clk)
Endpoint: _127_ (rising edge-triggered flip-flop clocked by clk)
Path Group: clk
Path Type: min

Fanout     Cap    Slew   Delay    Time   Description
-----------------------------------------------------------------------------
                  0.15    0.00    0.00   clock clk (rise edge)
                          0.00    0.00   clock network delay (ideal)
                  0.15    0.00    0.00 ^ _127_/CLK (sky130_fd_sc_hd__dfxtp_2)
                  0.04    0.33    0.33 ^ _127_/Q (sky130_fd_sc_hd__dfxtp_2)
     2    0.00                           mem[2][2] (net)
                  0.04    0.00    0.33 ^ _076_/A0 (sky130_fd_sc_hd__mux2_2)
                  0.03    0.12    0.45 ^ _076_/X (sky130_fd_sc_hd__mux2_2)
     1    0.00                           _046_ (net)
                  0.03    0.00    0.45 ^ _077_/A (sky130_fd_sc_hd__buf_1)
                  0.03    0.06    0.51 ^ _077_/X (sky130_fd_sc_hd__buf_1)
     1    0.00                           _007_ (net)
                  0.03    0.00    0.51 ^ _127_/D (sky130_fd_sc_hd__dfxtp_2)
                                  0.51   data arrival time

                  0.15    0.00    0.00   clock clk (rise edge)
                          0.00    0.00   clock network delay (ideal)
                          0.25    0.25   clock uncertainty
                          0.00    0.25   clock reconvergence pessimism
                                  0.25 ^ _127_/CLK (sky130_fd_sc_hd__dfxtp_2)
                         -0.01    0.24   library hold time
                                  0.24   data required time
-----------------------------------------------------------------------------
                                  0.24   data required time
                                 -0.51   data arrival time
-----------------------------------------------------------------------------
                                  0.28   slack (MET)


Startpoint: _128_ (rising edge-triggered flip-flop clocked by clk)
Endpoint: _128_ (rising edge-triggered flip-flop clocked by clk)
Path Group: clk
Path Type: min

Fanout     Cap    Slew   Delay    Time   Description
-----------------------------------------------------------------------------
                  0.15    0.00    0.00   clock clk (rise edge)
                          0.00    0.00   clock network delay (ideal)
                  0.15    0.00    0.00 ^ _128_/CLK (sky130_fd_sc_hd__dfxtp_2)
                  0.04    0.33    0.33 ^ _128_/Q (sky130_fd_sc_hd__dfxtp_2)
     2    0.00                           mem[2][3] (net)
                  0.04    0.00    0.33 ^ _078_/A0 (sky130_fd_sc_hd__mux2_2)
                  0.03    0.12    0.45 ^ _078_/X (sky130_fd_sc_hd__mux2_2)
     1    0.00                           _047_ (net)
                  0.03    0.00    0.45 ^ _079_/A (sky130_fd_sc_hd__buf_1)
                  0.03    0.06    0.51 ^ _079_/X (sky130_fd_sc_hd__buf_1)
     1    0.00                           _008_ (net)
                  0.03    0.00    0.51 ^ _128_/D (sky130_fd_sc_hd__dfxtp_2)
                                  0.51   data arrival time

                  0.15    0.00    0.00   clock clk (rise edge)
                          0.00    0.00   clock network delay (ideal)
                          0.25    0.25   clock uncertainty
                          0.00    0.25   clock reconvergence pessimism
                                  0.25 ^ _128_/CLK (sky130_fd_sc_hd__dfxtp_2)
                         -0.01    0.24   library hold time
                                  0.24   data required time
-----------------------------------------------------------------------------
                                  0.24   data required time
                                 -0.51   data arrival time
-----------------------------------------------------------------------------
                                  0.28   slack (MET)


Startpoint: _129_ (rising edge-triggered flip-flop clocked by clk)
Endpoint: _129_ (rising edge-triggered flip-flop clocked by clk)
Path Group: clk
Path Type: min

Fanout     Cap    Slew   Delay    Time   Description
-----------------------------------------------------------------------------
                  0.15    0.00    0.00   clock clk (rise edge)
                          0.00    0.00   clock network delay (ideal)
                  0.15    0.00    0.00 ^ _129_/CLK (sky130_fd_sc_hd__dfxtp_2)
                  0.04    0.33    0.33 ^ _129_/Q (sky130_fd_sc_hd__dfxtp_2)
     2    0.00                           mem[2][4] (net)
                  0.04    0.00    0.33 ^ _080_/A0 (sky130_fd_sc_hd__mux2_2)
                  0.03    0.12    0.45 ^ _080_/X (sky130_fd_sc_hd__mux2_2)
     1    0.00                           _048_ (net)
                  0.03    0.00    0.45 ^ _081_/A (sky130_fd_sc_hd__buf_1)
                  0.03    0.06    0.51 ^ _081_/X (sky130_fd_sc_hd__buf_1)
     1    0.00                           _009_ (net)
                  0.03    0.00    0.51 ^ _129_/D (sky130_fd_sc_hd__dfxtp_2)
                                  0.51   data arrival time

                  0.15    0.00    0.00   clock clk (rise edge)
                          0.00    0.00   clock network delay (ideal)
                          0.25    0.25   clock uncertainty
                          0.00    0.25   clock reconvergence pessimism
                                  0.25 ^ _129_/CLK (sky130_fd_sc_hd__dfxtp_2)
                         -0.01    0.24   library hold time
                                  0.24   data required time
-----------------------------------------------------------------------------
                                  0.24   data required time
                                 -0.51   data arrival time
-----------------------------------------------------------------------------
                                  0.28   slack (MET)


