Wed Feb 28 10:07:41 UTC 2024 - Executing "openroad -exit -no_init -python /openlane/scripts/odbpy/lefutil.py get_metal_layers -o /openlane/designs/dff_ram/runs/firstrun/tmp/layers.list /home/sajjad/OpenLane/pdks/sky130A/libs.ref/sky130_fd_sc_hd/techlef/sky130_fd_sc_hd__nom.tlef"

Wed Feb 28 10:07:42 UTC 2024 - Executing "/openlane/scripts/mergeLef.py -o /openlane/designs/dff_ram/runs/firstrun/tmp/merged.nom.lef -i /home/sajjad/OpenLane/pdks/sky130A/libs.ref/sky130_fd_sc_hd/techlef/sky130_fd_sc_hd__nom.tlef {/home/sajjad/OpenLane/pdks/sky130A/libs.ref/sky130_fd_sc_hd/lef/sky130_ef_sc_hd.lef /home/sajjad/OpenLane/pdks/sky130A/libs.ref/sky130_fd_sc_hd/lef/sky130_fd_sc_hd.lef} |& tee /dev/null"

Wed Feb 28 10:07:42 UTC 2024 - Executing "/openlane/scripts/mergeLef.py -o /openlane/designs/dff_ram/runs/firstrun/tmp/merged.min.lef -i /home/sajjad/OpenLane/pdks/sky130A/libs.ref/sky130_fd_sc_hd/techlef/sky130_fd_sc_hd__min.tlef {/home/sajjad/OpenLane/pdks/sky130A/libs.ref/sky130_fd_sc_hd/lef/sky130_ef_sc_hd.lef /home/sajjad/OpenLane/pdks/sky130A/libs.ref/sky130_fd_sc_hd/lef/sky130_fd_sc_hd.lef} |& tee /dev/null"

Wed Feb 28 10:07:42 UTC 2024 - Executing "/openlane/scripts/mergeLef.py -o /openlane/designs/dff_ram/runs/firstrun/tmp/merged.max.lef -i /home/sajjad/OpenLane/pdks/sky130A/libs.ref/sky130_fd_sc_hd/techlef/sky130_fd_sc_hd__max.tlef {/home/sajjad/OpenLane/pdks/sky130A/libs.ref/sky130_fd_sc_hd/lef/sky130_ef_sc_hd.lef /home/sajjad/OpenLane/pdks/sky130A/libs.ref/sky130_fd_sc_hd/lef/sky130_fd_sc_hd.lef} |& tee /dev/null"

Wed Feb 28 10:07:42 UTC 2024 - Executing "python3 /openlane/scripts/mergeLib.py --output /openlane/designs/dff_ram/runs/firstrun/tmp/synthesis/merged.lib --name sky130A_merged /home/sajjad/OpenLane/pdks/sky130A/libs.ref/sky130_fd_sc_hd/lib/sky130_fd_sc_hd__tt_025C_1v80.lib"

Wed Feb 28 10:07:42 UTC 2024 - Executing "python3 /openlane/scripts/libtrim.py --cell-file /openlane/designs/dff_ram/runs/firstrun/tmp/synthesis/trimmed.lib.exclude.list --output /openlane/designs/dff_ram/runs/firstrun/tmp/synthesis/trimmed.lib /openlane/designs/dff_ram/runs/firstrun/tmp/synthesis/merged.lib"

Wed Feb 28 10:07:43 UTC 2024 - Executing "python3 /openlane/scripts/libtrim.py --cell-file /openlane/designs/dff_ram/runs/firstrun/tmp/cts/cts.lib.exclude.list --output /openlane/designs/dff_ram/runs/firstrun/tmp/cts/cts.lib /home/sajjad/OpenLane/pdks/sky130A/libs.ref/sky130_fd_sc_hd/lib/sky130_fd_sc_hd__tt_025C_1v80.lib"

Wed Feb 28 10:07:43 UTC 2024 - Executing "python3 /openlane/scripts/new_tracks.py -i /home/sajjad/OpenLane/pdks/sky130A/libs.tech/openlane/sky130_fd_sc_hd/tracks.info -o /openlane/designs/dff_ram/runs/firstrun/tmp/routing/config.tracks"

Wed Feb 28 10:07:43 UTC 2024 - Executing "echo {OpenLane f507637dbcb9e58fa08bcf86ce54289c23cd6817} > /openlane/designs/dff_ram/runs/firstrun/OPENLANE_VERSION"

Wed Feb 28 10:08:12 UTC 2024 - Executing "sed -E {s/^([[:space:]]+)pg_pin(.*)/\1pin\2\n\1    direction : "inout";/g} /home/sajjad/OpenLane/pdks/sky130A/libs.ref/sky130_fd_sc_hd/lib/sky130_fd_sc_hd__tt_025C_1v80.lib > /openlane/designs/dff_ram/runs/firstrun/tmp/synthesis/1-sky130_fd_sc_hd__tt_025C_1v80.no_pg.lib"

Wed Feb 28 10:08:12 UTC 2024 - Executing "sed -E {s/^([[:space:]]+)pg_pin(.*)/\1pin\2\n\1    direction : "inout";/g} /openlane/designs/dff_ram/runs/firstrun/tmp/synthesis/trimmed.lib > /openlane/designs/dff_ram/runs/firstrun/tmp/synthesis/1-trimmed.no_pg.lib"

Wed Feb 28 10:08:12 UTC 2024 - Executing "yosys -c /openlane/scripts/yosys/synth.tcl |& tee /dev/null /openlane/designs/dff_ram/runs/firstrun/logs/synthesis/1-synthesis.log"

Wed Feb 28 10:08:13 UTC 2024 - Executing "sed -i -e {s/\(set ::env(CURRENT_NETLIST)\).*/\1 \/openlane\/designs\/dff_ram\/runs\/firstrun\/results\/synthesis\/dff_ram.v/} /openlane/designs/dff_ram/runs/firstrun/config.tcl"

Wed Feb 28 10:08:13 UTC 2024 - Executing "sed -i /defparam/d /openlane/designs/dff_ram/runs/firstrun/results/synthesis/dff_ram.v"

Wed Feb 28 10:08:13 UTC 2024 - Executing "openroad -exit /openlane/scripts/openroad/sta.tcl |& tee /dev/null /openlane/designs/dff_ram/runs/firstrun/logs/synthesis/2-sta.log"

Wed Feb 28 10:08:21 UTC 2024 - Executing "openroad -exit /openlane/scripts/openroad/floorplan.tcl |& tee /dev/null /openlane/designs/dff_ram/runs/firstrun/logs/floorplan/3-initial_fp.log"

Wed Feb 28 10:08:21 UTC 2024 - Executing "openroad -exit -no_init -python /openlane/scripts/odbpy/snap_to_grid.py --output /openlane/designs/dff_ram/runs/firstrun/tmp/floorplan/3-minimized_pdn.txt --input-lef /openlane/designs/dff_ram/runs/firstrun/tmp/merged.nom.lef 6.3825 6.12 12.765 12.24"

Wed Feb 28 10:08:22 UTC 2024 - Executing "openroad -exit -no_init -python /openlane/scripts/odbpy/defutil.py extract_core_dims --output-data /openlane/designs/dff_ram/runs/firstrun/tmp/dimensions.txt --input-lef /openlane/designs/dff_ram/runs/firstrun/tmp/merged.nom.lef /openlane/designs/dff_ram/runs/firstrun/tmp/floorplan/3-initial_fp.def"

Wed Feb 28 10:08:22 UTC 2024 - Executing "openroad -exit /openlane/scripts/openroad/ioplacer.tcl |& tee /dev/null /openlane/designs/dff_ram/runs/firstrun/logs/floorplan/4-io.log"

Wed Feb 28 10:08:24 UTC 2024 - Executing "python3 /openlane/scripts/generate_reports.py -d /openlane/designs/dff_ram --design_name dff_ram --tag firstrun --output_file /openlane/designs/dff_ram/runs/firstrun/reports/metrics.csv --man_report /openlane/designs/dff_ram/runs/firstrun/reports/manufacturability.rpt --run_path /openlane/designs/dff_ram/runs/firstrun"

Wed Feb 28 10:33:35 UTC 2024 - Executing "echo {OpenLane f507637dbcb9e58fa08bcf86ce54289c23cd6817} > /openlane/designs/dff_ram/runs/firstrun/OPENLANE_VERSION"

Wed Feb 28 10:34:02 UTC 2024 - Executing "sed -i -e {s/\(set ::env(CURRENT_NETLIST)\).*/\1 \/openlane\/designs\/dff_ram\/runs\/firstrun\/results\/synthesis\/dff_ram.v/} /openlane/designs/dff_ram/runs/firstrun/config.tcl"

Wed Feb 28 10:34:02 UTC 2024 - Executing "openroad -exit /openlane/scripts/openroad/sta.tcl |& tee /dev/null /openlane/designs/dff_ram/runs/firstrun/logs/synthesis/6-sta.log"

Wed Feb 28 10:34:14 UTC 2024 - Executing "openroad -exit /openlane/scripts/openroad/floorplan.tcl |& tee /dev/null /openlane/designs/dff_ram/runs/firstrun/logs/floorplan/7-initial_fp.log"

Wed Feb 28 10:34:15 UTC 2024 - Executing "openroad -exit -no_init -python /openlane/scripts/odbpy/defutil.py extract_core_dims --output-data /openlane/designs/dff_ram/runs/firstrun/tmp/dimensions.txt --input-lef /openlane/designs/dff_ram/runs/firstrun/tmp/merged.nom.lef /openlane/designs/dff_ram/runs/firstrun/tmp/floorplan/7-initial_fp.def"

Wed Feb 28 10:34:15 UTC 2024 - Executing "openroad -exit /openlane/scripts/openroad/ioplacer.tcl |& tee /dev/null /openlane/designs/dff_ram/runs/firstrun/logs/floorplan/8-io.log"

Wed Feb 28 10:34:16 UTC 2024 - Executing "openroad -exit /openlane/scripts/openroad/tapcell.tcl |& tee /dev/null /openlane/designs/dff_ram/runs/firstrun/logs/floorplan/9-tap.log"

Wed Feb 28 10:34:17 UTC 2024 - Executing "openroad -exit /openlane/scripts/openroad/pdn.tcl |& tee /dev/null /openlane/designs/dff_ram/runs/firstrun/logs/floorplan/10-pdn.log"

