[INFO]: Run Directory: /openlane/designs/dff_ram/runs/firstrun
[INFO]: Preparing LEF files for the nom corner...
[INFO]: Preparing LEF files for the min corner...
[INFO]: Preparing LEF files for the max corner...
[INFO]: Running Synthesis (log: designs/dff_ram/runs/firstrun/logs/synthesis/1-synthesis.log)...
[INFO]: Executing yosys with Tcl script 'scripts/yosys/synth.tcl'...
[INFO]: Changing netlist to 'designs/dff_ram/runs/firstrun/results/synthesis/dff_ram.v'...
[INFO]: Running Single-Corner Static Timing Analysis (log: designs/dff_ram/runs/firstrun/logs/synthesis/2-sta.log)...
[INFO]: Executing openroad with Tcl script 'scripts/openroad/sta.tcl'...
[INFO]: Running Initial Floorplanning (log: designs/dff_ram/runs/firstrun/logs/floorplan/3-initial_fp.log)...
[INFO]: Executing openroad with Tcl script 'scripts/openroad/floorplan.tcl'...
[INFO]: Changing layout to 'designs/dff_ram/runs/firstrun/tmp/floorplan/3-initial_fp.def'...
[INFO]: Changing timing constraints to 'designs/dff_ram/runs/firstrun/tmp/floorplan/3-initial_fp.sdc'...
[INFO]: Changing database to 'designs/dff_ram/runs/firstrun/tmp/floorplan/3-initial_fp.odb'...
[INFO]: Core area width: 51.06
[INFO]: Core area height: 48.96
[WARNING]: Current core area is too small for the power grid settings chosen. The power grid will be scaled down.
[INFO]: Final Vertical PDN Offset: 6.380
[INFO]: Final Horizontal PDN Offset: 6.120
[INFO]: Final Vertical PDN Pitch: 12.765
[INFO]: Final Horizontal PDN Pitch: 12.240
[INFO]: Extracting core dimensions...
[INFO]: Floorplanned with width 51.06 and height 48.96.
[INFO]: Running IO Placement...
[INFO]: Executing openroad with Tcl script 'scripts/openroad/ioplacer.tcl'...
[ERROR]: during executing openroad script /openlane/scripts/openroad/ioplacer.tcl
[ERROR]: Log: designs/dff_ram/runs/firstrun/logs/floorplan/4-io.log
[ERROR]: Last 10 lines:
OpenROAD 4f1108b6f558718ed142cbb6c1f5ba20958195ca 
This program is licensed under the BSD-3 license. See the LICENSE file for details.
Components of this program may be licensed under more restrictive licenses which must be honored.
Found 0 macro blocks.
Using 1u default distance from corners.
[INFO PPL-0007] Random pin placement.
[ERROR PPL-0072] Number of pins (149) exceed number of valid positions (84).
Error: ioplacer.tcl, 51 PPL-0072
child process exited abnormally

[ERROR]: Creating issue reproducible...
[INFO]: Saving runtime environment...
[INFO]: Reproducible packaged: Please tarball and upload 'designs/dff_ram/runs/firstrun/issue_reproducible' if you're going to submit an issue.
[INFO]: Calculating runtime...
[INFO]: Saving current set of views in 'designs/dff_ram/runs/firstrun/results/final'...
[INFO]: Generating final set of reports...
[INFO]: Created manufacturability report at 'designs/dff_ram/runs/firstrun/reports/manufacturability.rpt'.
[INFO]: Created metrics report at 'designs/dff_ram/runs/firstrun/reports/metrics.csv'.
[INFO]: Saving runtime environment...
[ERROR]: Flow failed.
[INFO]: The failure may have been because of the following warnings:
[INFO]: Run Directory: /openlane/designs/dff_ram/runs/firstrun
[WARNING]: A run for dff_ram with tag 'firstrun' already exists. Pass the -overwrite option to overwrite it.
[INFO]: Sourcing /openlane/designs/dff_ram/runs/firstrun/config.tcl. Note that any changes to the DESIGN config file will NOT be applied.
[INFO]: Current DEF: /openlane/designs/dff_ram/runs/firstrun/tmp/floorplan/3-initial_fp.def.
[INFO]: Use 'set_def file_name.def' if you'd like to change it.
[INFO]: Running Synthesis (log: designs/dff_ram/runs/firstrun/logs/synthesis/5-synthesis.log)...
[WARNING]: A netlist at /openlane/designs/dff_ram/runs/firstrun/results/synthesis/dff_ram.v already exists. Synthesis will be skipped.
[INFO]: Changing netlist to 'designs/dff_ram/runs/firstrun/results/synthesis/dff_ram.v'...
[INFO]: Running Single-Corner Static Timing Analysis (log: designs/dff_ram/runs/firstrun/logs/synthesis/6-sta.log)...
[INFO]: Executing openroad with Tcl script 'scripts/openroad/sta.tcl'...
[INFO]: Running Initial Floorplanning (log: designs/dff_ram/runs/firstrun/logs/floorplan/7-initial_fp.log)...
[INFO]: Executing openroad with Tcl script 'scripts/openroad/floorplan.tcl'...
[INFO]: Changing layout to 'designs/dff_ram/runs/firstrun/tmp/floorplan/7-initial_fp.def'...
[INFO]: Changing timing constraints to 'designs/dff_ram/runs/firstrun/tmp/floorplan/7-initial_fp.sdc'...
[INFO]: Changing database to 'designs/dff_ram/runs/firstrun/tmp/floorplan/7-initial_fp.odb'...
[INFO]: Core area width: 51.06
[INFO]: Core area height: 48.96
[INFO]: Final Vertical PDN Offset: 6.380
[INFO]: Final Horizontal PDN Offset: 6.120
[INFO]: Final Vertical PDN Pitch: 12.765
[INFO]: Final Horizontal PDN Pitch: 12.240
[INFO]: Extracting core dimensions...
[INFO]: Floorplanned with width 51.06 and height 48.96.
[INFO]: Running IO Placement...
[INFO]: Executing openroad with Tcl script 'scripts/openroad/ioplacer.tcl'...
[ERROR]: during executing openroad script /openlane/scripts/openroad/ioplacer.tcl
[ERROR]: Log: designs/dff_ram/runs/firstrun/logs/floorplan/8-io.log
[ERROR]: Last 10 lines:
OpenROAD 4f1108b6f558718ed142cbb6c1f5ba20958195ca 
This program is licensed under the BSD-3 license. See the LICENSE file for details.
Components of this program may be licensed under more restrictive licenses which must be honored.
Found 0 macro blocks.
Using 1u default distance from corners.
[INFO PPL-0007] Random pin placement.
[ERROR PPL-0072] Number of pins (149) exceed number of valid positions (84).
Error: ioplacer.tcl, 51 PPL-0072
child process exited abnormally

[ERROR]: Creating issue reproducible...
[INFO]: Saving runtime environment...
[INFO]: Reproducible packaged: Please tarball and upload 'designs/dff_ram/runs/firstrun/issue_reproducible' if you're going to submit an issue.
[INFO]: Changing layout to 'designs/dff_ram/runs/firstrun/tmp/floorplan/8-io.def'...
[INFO]: Changing database to 'designs/dff_ram/runs/firstrun/tmp/floorplan/8-io.odb'...
[INFO]: Running Tap/Decap Insertion (log: designs/dff_ram/runs/firstrun/logs/floorplan/9-tap.log)...
[INFO]: Executing openroad with Tcl script 'scripts/openroad/tapcell.tcl'...
[ERROR]: during executing openroad script /openlane/scripts/openroad/tapcell.tcl
[ERROR]: Log: designs/dff_ram/runs/firstrun/logs/floorplan/9-tap.log
[ERROR]: Last 10 lines:
OpenROAD 4f1108b6f558718ed142cbb6c1f5ba20958195ca 
This program is licensed under the BSD-3 license. See the LICENSE file for details.
Components of this program may be licensed under more restrictive licenses which must be honored.
[ERROR ORD-0007] /openlane/designs/dff_ram/runs/firstrun/tmp/floorplan/8-io.odb does not exist.
ORD-0007
child process exited abnormally

[ERROR]: Creating issue reproducible...
[INFO]: Saving runtime environment...
[ERROR]: Failed to package reproducible.
[INFO]: Reproducible packaged: Please tarball and upload 'designs/dff_ram/runs/firstrun/issue_reproducible' if you're going to submit an issue.
[INFO]: Changing layout to 'designs/dff_ram/runs/firstrun/results/floorplan/dff_ram.def'...
[INFO]: Changing database to 'designs/dff_ram/runs/firstrun/results/floorplan/dff_ram.odb'...
[INFO]: Power planning with power {VPWR} and ground {VGND}...
[INFO]: Generating PDN (log: designs/dff_ram/runs/firstrun/logs/floorplan/10-pdn.log)...
[INFO]: Executing openroad with Tcl script 'scripts/openroad/pdn.tcl'...
[ERROR]: during executing openroad script /openlane/scripts/openroad/pdn.tcl
[ERROR]: Log: designs/dff_ram/runs/firstrun/logs/floorplan/10-pdn.log
[ERROR]: Last 10 lines:
OpenROAD 4f1108b6f558718ed142cbb6c1f5ba20958195ca 
This program is licensed under the BSD-3 license. See the LICENSE file for details.
Components of this program may be licensed under more restrictive licenses which must be honored.
[ERROR ORD-0007] /openlane/designs/dff_ram/runs/firstrun/results/floorplan/dff_ram.odb does not exist.
ORD-0007
child process exited abnormally

[ERROR]: Creating issue reproducible...
[INFO]: Saving runtime environment...
[ERROR]: Failed to package reproducible.
[INFO]: Reproducible packaged: Please tarball and upload 'designs/dff_ram/runs/firstrun/issue_reproducible' if you're going to submit an issue.
[INFO]: Changing layout to 'designs/dff_ram/runs/firstrun/tmp/floorplan/10-pdn.def'...
[INFO]: Changing database to 'designs/dff_ram/runs/firstrun/tmp/floorplan/10-pdn.odb'...
