OpenROAD 4f1108b6f558718ed142cbb6c1f5ba20958195ca 
This program is licensed under the BSD-3 license. See the LICENSE file for details.
Components of this program may be licensed under more restrictive licenses which must be honored.
[INFO]: Setting signal min routing layer to: met1 and clock min routing layer to met1. 
[INFO]: Setting signal max routing layer to: met5 and clock max routing layer to met5. 
-congestion_iterations 50 -verbose
[INFO GRT-0020] Min routing layer: met1
[INFO GRT-0021] Max routing layer: met5
[INFO GRT-0022] Global adjustment: 30%
[INFO GRT-0023] Grid origin: (0, 0)
[INFO GRT-0043] No OR_DEFAULT vias defined.
[INFO GRT-0088] Layer li1     Track-Pitch = 0.4600  line-2-Via Pitch: 0.3400
[INFO GRT-0088] Layer met1    Track-Pitch = 0.3400  line-2-Via Pitch: 0.3400
[INFO GRT-0088] Layer met2    Track-Pitch = 0.4600  line-2-Via Pitch: 0.3500
[INFO GRT-0088] Layer met3    Track-Pitch = 0.6800  line-2-Via Pitch: 0.6150
[INFO GRT-0088] Layer met4    Track-Pitch = 0.9200  line-2-Via Pitch: 1.0400
[INFO GRT-0088] Layer met5    Track-Pitch = 3.4000  line-2-Via Pitch: 3.1100
[INFO GRT-0019] Found 4 clock nets.
[INFO GRT-0001] Minimum degree: 2
[INFO GRT-0002] Maximum degree: 13
[INFO GRT-0003] Macros: 0
[INFO GRT-0004] Blockages: 361

[INFO GRT-0053] Routing resources analysis:
          Routing      Original      Derated      Resource
Layer     Direction    Resources     Resources    Reduction (%)
---------------------------------------------------------------
li1        Vertical            0             0          0.00%
met1       Horizontal    1670420       1096906          34.33%
met2       Vertical      1252815        836556          33.23%
met3       Horizontal     835210        585504          29.90%
met4       Vertical       501126        332752          33.60%
met5       Horizontal     167042         83808          49.83%
---------------------------------------------------------------

[INFO GRT-0197] Via related to pin nodes: 601
[INFO GRT-0198] Via related Steiner nodes: 10
[INFO GRT-0199] Via filling finished.
[INFO GRT-0111] Final number of vias: 762
[INFO GRT-0112] Final usage 3D: 11602

[INFO GRT-0096] Final congestion report:
Layer         Resource        Demand        Usage (%)    Max H / Max V / Total Overflow
---------------------------------------------------------------------------------------
li1                  0             0            0.00%             0 /  0 /  0
met1           1096906          4987            0.45%             0 /  0 /  0
met2            836556          4329            0.52%             0 /  0 /  0
met3            585504             0            0.00%             0 /  0 /  0
met4            332752             0            0.00%             0 /  0 /  0
met5             83808             0            0.00%             0 /  0 /  0
---------------------------------------------------------------------------------------
Total          2935526          9316            0.32%             0 /  0 /  0

[INFO GRT-0018] Total wirelength: 68606 um
[INFO GRT-0014] Routed nets: 161
[INFO GRT-0006] Repairing antennas, iteration 1.
[INFO GRT-0043] No OR_DEFAULT vias defined.
[WARNING ANT-0009] Net net5 requires more than 10 diodes per gate to repair violations.
[WARNING ANT-0009] Net net11 requires more than 10 diodes per gate to repair violations.
[WARNING ANT-0009] Net net12 requires more than 10 diodes per gate to repair violations.
[INFO GRT-0012] Found 22 antenna violations.
[INFO GRT-0015] Inserted 73 diodes.
[INFO GRT-0054] Using detailed placer to place 9 diodes.
[INFO GRT-0009] rerouting 107 nets.
[INFO GRT-0001] Minimum degree: 2
[INFO GRT-0002] Maximum degree: 17
[INFO GRT-0006] Repairing antennas, iteration 2.
[INFO GRT-0043] No OR_DEFAULT vias defined.
[INFO GRT-0012] Found 3 antenna violations.
[INFO GRT-0015] Inserted 35 diodes.
[INFO GRT-0054] Using detailed placer to place 4 diodes.
[INFO GRT-0009] rerouting 31 nets.
[INFO GRT-0001] Minimum degree: 2
[INFO GRT-0002] Maximum degree: 26
[INFO GRT-0006] Repairing antennas, iteration 3.
[INFO GRT-0043] No OR_DEFAULT vias defined.
[INFO GRT-0012] Found 2 antenna violations.
[INFO GRT-0015] Inserted 17 diodes.
[INFO GRT-0054] Using detailed placer to place 5 diodes.
[INFO GRT-0009] rerouting 6 nets.
[INFO GRT-0001] Minimum degree: 2
[INFO GRT-0002] Maximum degree: 35
Setting global connections for newly added cells...
Writing OpenROAD database to /openlane/designs/dff_ram/runs/second_run/tmp/routing/14-global_1.odb...
Writing layout to /openlane/designs/dff_ram/runs/second_run/tmp/routing/14-global_1.def...
Writing routing guides to /openlane/designs/dff_ram/runs/second_run/tmp/routing/14-global_1.guide...
[INFO]: Setting RC values...
min_report

===========================================================================
report_checks -path_delay min (Hold)
============================================================================
Startpoint: _109_ (rising edge-triggered flip-flop clocked by clk)
Endpoint: _109_ (rising edge-triggered flip-flop clocked by clk)
Path Group: clk
Path Type: min

Fanout     Cap    Slew   Delay    Time   Description
-----------------------------------------------------------------------------
                          0.00    0.00   clock clk (rise edge)
                          0.00    0.00   clock source latency
                  0.20    0.14    0.14 ^ clk (in)
     1    0.04                           clk (net)
                  0.20    0.00    0.14 ^ clkbuf_0_clk/A (sky130_fd_sc_hd__clkbuf_16)
                  0.04    0.17    0.31 ^ clkbuf_0_clk/X (sky130_fd_sc_hd__clkbuf_16)
     2    0.02                           clknet_0_clk (net)
                  0.04    0.00    0.31 ^ clkbuf_1_0__f_clk/A (sky130_fd_sc_hd__clkbuf_16)
                  0.04    0.12    0.43 ^ clkbuf_1_0__f_clk/X (sky130_fd_sc_hd__clkbuf_16)
     8    0.02                           clknet_1_0__leaf_clk (net)
                  0.04    0.00    0.43 ^ _109_/CLK (sky130_fd_sc_hd__dfxtp_2)
                  0.13    0.36    0.79 ^ _109_/Q (sky130_fd_sc_hd__dfxtp_2)
     2    0.02                           mem[1][3] (net)
                  0.13    0.00    0.79 ^ _074_/A0 (sky130_fd_sc_hd__mux2_1)
                  0.06    0.15    0.94 ^ _074_/X (sky130_fd_sc_hd__mux2_1)
     1    0.01                           _034_ (net)
                  0.06    0.00    0.94 ^ _075_/A (sky130_fd_sc_hd__clkbuf_1)
                  0.06    0.09    1.03 ^ _075_/X (sky130_fd_sc_hd__clkbuf_1)
     1    0.00                           _011_ (net)
                  0.06    0.00    1.03 ^ _109_/D (sky130_fd_sc_hd__dfxtp_2)
                                  1.03   data arrival time

                          0.00    0.00   clock clk (rise edge)
                          0.00    0.00   clock source latency
                  0.20    0.15    0.15 ^ clk (in)
     1    0.04                           clk (net)
                  0.20    0.00    0.15 ^ clkbuf_0_clk/A (sky130_fd_sc_hd__clkbuf_16)
                  0.04    0.19    0.34 ^ clkbuf_0_clk/X (sky130_fd_sc_hd__clkbuf_16)
     2    0.02                           clknet_0_clk (net)
                  0.04    0.00    0.34 ^ clkbuf_1_0__f_clk/A (sky130_fd_sc_hd__clkbuf_16)
                  0.04    0.13    0.47 ^ clkbuf_1_0__f_clk/X (sky130_fd_sc_hd__clkbuf_16)
     8    0.02                           clknet_1_0__leaf_clk (net)
                  0.04    0.00    0.47 ^ _109_/CLK (sky130_fd_sc_hd__dfxtp_2)
                          0.25    0.72   clock uncertainty
                         -0.04    0.68   clock reconvergence pessimism
                         -0.03    0.64   library hold time
                                  0.64   data required time
-----------------------------------------------------------------------------
                                  0.64   data required time
                                 -1.03   data arrival time
-----------------------------------------------------------------------------
                                  0.39   slack (MET)


Startpoint: _107_ (rising edge-triggered flip-flop clocked by clk)
Endpoint: _107_ (rising edge-triggered flip-flop clocked by clk)
Path Group: clk
Path Type: min

Fanout     Cap    Slew   Delay    Time   Description
-----------------------------------------------------------------------------
                          0.00    0.00   clock clk (rise edge)
                          0.00    0.00   clock source latency
                  0.20    0.14    0.14 ^ clk (in)
     1    0.04                           clk (net)
                  0.20    0.00    0.14 ^ clkbuf_0_clk/A (sky130_fd_sc_hd__clkbuf_16)
                  0.04    0.17    0.31 ^ clkbuf_0_clk/X (sky130_fd_sc_hd__clkbuf_16)
     2    0.02                           clknet_0_clk (net)
                  0.04    0.00    0.31 ^ clkbuf_1_0__f_clk/A (sky130_fd_sc_hd__clkbuf_16)
                  0.04    0.12    0.43 ^ clkbuf_1_0__f_clk/X (sky130_fd_sc_hd__clkbuf_16)
     8    0.02                           clknet_1_0__leaf_clk (net)
                  0.04    0.00    0.43 ^ _107_/CLK (sky130_fd_sc_hd__dfxtp_2)
                  0.13    0.36    0.79 ^ _107_/Q (sky130_fd_sc_hd__dfxtp_2)
     2    0.02                           mem[1][1] (net)
                  0.13    0.00    0.79 ^ _070_/A0 (sky130_fd_sc_hd__mux2_1)
                  0.05    0.14    0.93 ^ _070_/X (sky130_fd_sc_hd__mux2_1)
     1    0.00                           _032_ (net)
                  0.05    0.00    0.93 ^ _071_/A (sky130_fd_sc_hd__clkbuf_2)
                  0.13    0.16    1.09 ^ _071_/X (sky130_fd_sc_hd__clkbuf_2)
     2    0.02                           _009_ (net)
                  0.13    0.00    1.10 ^ _107_/D (sky130_fd_sc_hd__dfxtp_2)
                                  1.10   data arrival time

                          0.00    0.00   clock clk (rise edge)
                          0.00    0.00   clock source latency
                  0.20    0.15    0.15 ^ clk (in)
     1    0.04                           clk (net)
                  0.20    0.00    0.15 ^ clkbuf_0_clk/A (sky130_fd_sc_hd__clkbuf_16)
                  0.04    0.19    0.34 ^ clkbuf_0_clk/X (sky130_fd_sc_hd__clkbuf_16)
     2    0.02                           clknet_0_clk (net)
                  0.04    0.00    0.34 ^ clkbuf_1_0__f_clk/A (sky130_fd_sc_hd__clkbuf_16)
                  0.04    0.13    0.47 ^ clkbuf_1_0__f_clk/X (sky130_fd_sc_hd__clkbuf_16)
     8    0.02                           clknet_1_0__leaf_clk (net)
                  0.04    0.00    0.47 ^ _107_/CLK (sky130_fd_sc_hd__dfxtp_2)
                          0.25    0.72   clock uncertainty
                         -0.04    0.68   clock reconvergence pessimism
                         -0.05    0.63   library hold time
                                  0.63   data required time
-----------------------------------------------------------------------------
                                  0.63   data required time
                                 -1.10   data arrival time
-----------------------------------------------------------------------------
                                  0.47   slack (MET)


Startpoint: _105_ (rising edge-triggered flip-flop clocked by clk)
Endpoint: _105_ (rising edge-triggered flip-flop clocked by clk)
Path Group: clk
Path Type: min

Fanout     Cap    Slew   Delay    Time   Description
-----------------------------------------------------------------------------
                          0.00    0.00   clock clk (rise edge)
                          0.00    0.00   clock source latency
                  0.20    0.14    0.14 ^ clk (in)
     1    0.04                           clk (net)
                  0.20    0.00    0.14 ^ clkbuf_0_clk/A (sky130_fd_sc_hd__clkbuf_16)
                  0.04    0.17    0.31 ^ clkbuf_0_clk/X (sky130_fd_sc_hd__clkbuf_16)
     2    0.02                           clknet_0_clk (net)
                  0.04    0.00    0.31 ^ clkbuf_1_1__f_clk/A (sky130_fd_sc_hd__clkbuf_16)
                  0.05    0.13    0.44 ^ clkbuf_1_1__f_clk/X (sky130_fd_sc_hd__clkbuf_16)
    12    0.03                           clknet_1_1__leaf_clk (net)
                  0.05    0.00    0.44 ^ _105_/CLK (sky130_fd_sc_hd__dfxtp_2)
                  0.16    0.39    0.83 ^ _105_/Q (sky130_fd_sc_hd__dfxtp_2)
     2    0.03                           mem[2][3] (net)
                  0.16    0.00    0.83 ^ _065_/A0 (sky130_fd_sc_hd__mux2_1)
                  0.13    0.21    1.04 ^ _065_/X (sky130_fd_sc_hd__mux2_1)
     1    0.01                           _029_ (net)
                  0.13    0.00    1.04 ^ _066_/A (sky130_fd_sc_hd__clkbuf_1)
                  0.06    0.11    1.15 ^ _066_/X (sky130_fd_sc_hd__clkbuf_1)
     1    0.00                           _007_ (net)
                  0.06    0.00    1.15 ^ _105_/D (sky130_fd_sc_hd__dfxtp_2)
                                  1.15   data arrival time

                          0.00    0.00   clock clk (rise edge)
                          0.00    0.00   clock source latency
                  0.20    0.15    0.15 ^ clk (in)
     1    0.04                           clk (net)
                  0.20    0.00    0.15 ^ clkbuf_0_clk/A (sky130_fd_sc_hd__clkbuf_16)
                  0.04    0.19    0.34 ^ clkbuf_0_clk/X (sky130_fd_sc_hd__clkbuf_16)
     2    0.02                           clknet_0_clk (net)
                  0.04    0.00    0.34 ^ clkbuf_1_1__f_clk/A (sky130_fd_sc_hd__clkbuf_16)
                  0.05    0.14    0.48 ^ clkbuf_1_1__f_clk/X (sky130_fd_sc_hd__clkbuf_16)
    12    0.03                           clknet_1_1__leaf_clk (net)
                  0.05    0.00    0.48 ^ _105_/CLK (sky130_fd_sc_hd__dfxtp_2)
                          0.25    0.73   clock uncertainty
                         -0.05    0.69   clock reconvergence pessimism
                         -0.03    0.66   library hold time
                                  0.66   data required time
-----------------------------------------------------------------------------
                                  0.66   data required time
                                 -1.15   data arrival time
-----------------------------------------------------------------------------
                                  0.49   slack (MET)


Startpoint: _101_ (rising edge-triggered flip-flop clocked by clk)
Endpoint: _101_ (rising edge-triggered flip-flop clocked by clk)
Path Group: clk
Path Type: min

Fanout     Cap    Slew   Delay    Time   Description
-----------------------------------------------------------------------------
                          0.00    0.00   clock clk (rise edge)
                          0.00    0.00   clock source latency
                  0.20    0.14    0.14 ^ clk (in)
     1    0.04                           clk (net)
                  0.20    0.00    0.14 ^ clkbuf_0_clk/A (sky130_fd_sc_hd__clkbuf_16)
                  0.04    0.17    0.31 ^ clkbuf_0_clk/X (sky130_fd_sc_hd__clkbuf_16)
     2    0.02                           clknet_0_clk (net)
                  0.04    0.00    0.31 ^ clkbuf_1_1__f_clk/A (sky130_fd_sc_hd__clkbuf_16)
                  0.05    0.13    0.44 ^ clkbuf_1_1__f_clk/X (sky130_fd_sc_hd__clkbuf_16)
    12    0.03                           clknet_1_1__leaf_clk (net)
                  0.05    0.00    0.44 ^ _101_/CLK (sky130_fd_sc_hd__dfxtp_1)
                  0.19    0.39    0.83 ^ _101_/Q (sky130_fd_sc_hd__dfxtp_1)
     2    0.02                           mem[0][3] (net)
                  0.19    0.00    0.83 ^ _056_/A0 (sky130_fd_sc_hd__mux2_1)
                  0.07    0.17    1.00 ^ _056_/X (sky130_fd_sc_hd__mux2_1)
     1    0.01                           _024_ (net)
                  0.07    0.00    1.00 ^ _057_/A (sky130_fd_sc_hd__clkbuf_1)
                  0.13    0.14    1.15 ^ _057_/X (sky130_fd_sc_hd__clkbuf_1)
     1    0.01                           _003_ (net)
                  0.13    0.00    1.15 ^ _101_/D (sky130_fd_sc_hd__dfxtp_1)
                                  1.15   data arrival time

                          0.00    0.00   clock clk (rise edge)
                          0.00    0.00   clock source latency
                  0.20    0.15    0.15 ^ clk (in)
     1    0.04                           clk (net)
                  0.20    0.00    0.15 ^ clkbuf_0_clk/A (sky130_fd_sc_hd__clkbuf_16)
                  0.04    0.19    0.34 ^ clkbuf_0_clk/X (sky130_fd_sc_hd__clkbuf_16)
     2    0.02                           clknet_0_clk (net)
                  0.04    0.00    0.34 ^ clkbuf_1_1__f_clk/A (sky130_fd_sc_hd__clkbuf_16)
                  0.05    0.14    0.48 ^ clkbuf_1_1__f_clk/X (sky130_fd_sc_hd__clkbuf_16)
    12    0.03                           clknet_1_1__leaf_clk (net)
                  0.05    0.00    0.48 ^ _101_/CLK (sky130_fd_sc_hd__dfxtp_1)
                          0.25    0.73   clock uncertainty
                         -0.05    0.69   clock reconvergence pessimism
                         -0.05    0.64   library hold time
                                  0.64   data required time
-----------------------------------------------------------------------------
                                  0.64   data required time
                                 -1.15   data arrival time
-----------------------------------------------------------------------------
                                  0.51   slack (MET)


Startpoint: _117_ (rising edge-triggered flip-flop clocked by clk)
Endpoint: _117_ (rising edge-triggered flip-flop clocked by clk)
Path Group: clk
Path Type: min

Fanout     Cap    Slew   Delay    Time   Description
-----------------------------------------------------------------------------
                          0.00    0.00   clock clk (rise edge)
                          0.00    0.00   clock source latency
                  0.20    0.14    0.14 ^ clk (in)
     1    0.04                           clk (net)
                  0.20    0.00    0.14 ^ clkbuf_0_clk/A (sky130_fd_sc_hd__clkbuf_16)
                  0.04    0.17    0.31 ^ clkbuf_0_clk/X (sky130_fd_sc_hd__clkbuf_16)
     2    0.02                           clknet_0_clk (net)
                  0.04    0.00    0.31 ^ clkbuf_1_1__f_clk/A (sky130_fd_sc_hd__clkbuf_16)
                  0.05    0.13    0.44 ^ clkbuf_1_1__f_clk/X (sky130_fd_sc_hd__clkbuf_16)
    12    0.03                           clknet_1_1__leaf_clk (net)
                  0.05    0.00    0.44 ^ _117_/CLK (sky130_fd_sc_hd__dfxtp_2)
                  0.15    0.38    0.82 ^ _117_/Q (sky130_fd_sc_hd__dfxtp_2)
     2    0.03                           mem[3][3] (net)
                  0.15    0.00    0.82 ^ _096_/A0 (sky130_fd_sc_hd__mux2_1)
                  0.09    0.18    1.00 ^ _096_/X (sky130_fd_sc_hd__mux2_1)
     1    0.01                           _048_ (net)
                  0.09    0.00    1.00 ^ _097_/A (sky130_fd_sc_hd__clkbuf_1)
                  0.14    0.15    1.15 ^ _097_/X (sky130_fd_sc_hd__clkbuf_1)
     1    0.01                           _019_ (net)
                  0.14    0.00    1.15 ^ _117_/D (sky130_fd_sc_hd__dfxtp_2)
                                  1.15   data arrival time

                          0.00    0.00   clock clk (rise edge)
                          0.00    0.00   clock source latency
                  0.20    0.15    0.15 ^ clk (in)
     1    0.04                           clk (net)
                  0.20    0.00    0.15 ^ clkbuf_0_clk/A (sky130_fd_sc_hd__clkbuf_16)
                  0.04    0.19    0.34 ^ clkbuf_0_clk/X (sky130_fd_sc_hd__clkbuf_16)
     2    0.02                           clknet_0_clk (net)
                  0.04    0.00    0.34 ^ clkbuf_1_1__f_clk/A (sky130_fd_sc_hd__clkbuf_16)
                  0.05    0.14    0.48 ^ clkbuf_1_1__f_clk/X (sky130_fd_sc_hd__clkbuf_16)
    12    0.03                           clknet_1_1__leaf_clk (net)
                  0.05    0.00    0.48 ^ _117_/CLK (sky130_fd_sc_hd__dfxtp_2)
                          0.25    0.73   clock uncertainty
                         -0.05    0.69   clock reconvergence pessimism
                         -0.05    0.64   library hold time
                                  0.64   data required time
-----------------------------------------------------------------------------
                                  0.64   data required time
                                 -1.15   data arrival time
-----------------------------------------------------------------------------
                                  0.51   slack (MET)


min_report_end
max_report

===========================================================================
report_checks -path_delay max (Setup)
============================================================================
Startpoint: _112_ (rising edge-triggered flip-flop clocked by clk)
Endpoint: r_data[2] (output port clocked by clk)
Path Group: clk
Path Type: max

Fanout     Cap    Slew   Delay    Time   Description
-----------------------------------------------------------------------------
                          0.00    0.00   clock clk (rise edge)
                          0.00    0.00   clock source latency
                  0.20    0.15    0.15 ^ clk (in)
     1    0.04                           clk (net)
                  0.20    0.00    0.15 ^ clkbuf_0_clk/A (sky130_fd_sc_hd__clkbuf_16)
                  0.04    0.19    0.34 ^ clkbuf_0_clk/X (sky130_fd_sc_hd__clkbuf_16)
     2    0.02                           clknet_0_clk (net)
                  0.04    0.00    0.34 ^ clkbuf_1_0__f_clk/A (sky130_fd_sc_hd__clkbuf_16)
                  0.04    0.13    0.47 ^ clkbuf_1_0__f_clk/X (sky130_fd_sc_hd__clkbuf_16)
     8    0.02                           clknet_1_0__leaf_clk (net)
                  0.04    0.00    0.47 ^ _112_/CLK (sky130_fd_sc_hd__dfxtp_4)
                  0.52    0.63    1.11 ^ _112_/Q (sky130_fd_sc_hd__dfxtp_4)
    13    0.19                           net11 (net)
                  0.60    0.17    1.27 ^ output11/A (sky130_fd_sc_hd__buf_2)
                  0.43    0.50    1.77 ^ output11/X (sky130_fd_sc_hd__buf_2)
     1    0.03                           r_data[2] (net)
                  0.43    0.04    1.81 ^ r_data[2] (out)
                                  1.81   data arrival time

                         10.00   10.00   clock clk (rise edge)
                          0.00   10.00   clock network delay (propagated)
                         -0.25    9.75   clock uncertainty
                          0.00    9.75   clock reconvergence pessimism
                         -2.00    7.75   output external delay
                                  7.75   data required time
-----------------------------------------------------------------------------
                                  7.75   data required time
                                 -1.81   data arrival time
-----------------------------------------------------------------------------
                                  5.94   slack (MET)


Startpoint: _111_ (rising edge-triggered flip-flop clocked by clk)
Endpoint: r_data[1] (output port clocked by clk)
Path Group: clk
Path Type: max

Fanout     Cap    Slew   Delay    Time   Description
-----------------------------------------------------------------------------
                          0.00    0.00   clock clk (rise edge)
                          0.00    0.00   clock source latency
                  0.20    0.15    0.15 ^ clk (in)
     1    0.04                           clk (net)
                  0.20    0.00    0.15 ^ clkbuf_0_clk/A (sky130_fd_sc_hd__clkbuf_16)
                  0.04    0.19    0.34 ^ clkbuf_0_clk/X (sky130_fd_sc_hd__clkbuf_16)
     2    0.02                           clknet_0_clk (net)
                  0.04    0.00    0.34 ^ clkbuf_1_1__f_clk/A (sky130_fd_sc_hd__clkbuf_16)
                  0.05    0.14    0.48 ^ clkbuf_1_1__f_clk/X (sky130_fd_sc_hd__clkbuf_16)
    12    0.03                           clknet_1_1__leaf_clk (net)
                  0.05    0.00    0.48 ^ _111_/CLK (sky130_fd_sc_hd__dfxtp_4)
                  0.45    0.62    1.11 ^ _111_/Q (sky130_fd_sc_hd__dfxtp_4)
    16    0.16                           net10 (net)
                  0.49    0.11    1.22 ^ output10/A (sky130_fd_sc_hd__buf_2)
                  0.33    0.42    1.64 ^ output10/X (sky130_fd_sc_hd__buf_2)
     1    0.03                           r_data[1] (net)
                  0.33    0.02    1.66 ^ r_data[1] (out)
                                  1.66   data arrival time

                         10.00   10.00   clock clk (rise edge)
                          0.00   10.00   clock network delay (propagated)
                         -0.25    9.75   clock uncertainty
                          0.00    9.75   clock reconvergence pessimism
                         -2.00    7.75   output external delay
                                  7.75   data required time
-----------------------------------------------------------------------------
                                  7.75   data required time
                                 -1.66   data arrival time
-----------------------------------------------------------------------------
                                  6.09   slack (MET)


Startpoint: _113_ (rising edge-triggered flip-flop clocked by clk)
Endpoint: r_data[3] (output port clocked by clk)
Path Group: clk
Path Type: max

Fanout     Cap    Slew   Delay    Time   Description
-----------------------------------------------------------------------------
                          0.00    0.00   clock clk (rise edge)
                          0.00    0.00   clock source latency
                  0.20    0.15    0.15 ^ clk (in)
     1    0.04                           clk (net)
                  0.20    0.00    0.15 ^ clkbuf_0_clk/A (sky130_fd_sc_hd__clkbuf_16)
                  0.04    0.19    0.34 ^ clkbuf_0_clk/X (sky130_fd_sc_hd__clkbuf_16)
     2    0.02                           clknet_0_clk (net)
                  0.04    0.00    0.34 ^ clkbuf_1_1__f_clk/A (sky130_fd_sc_hd__clkbuf_16)
                  0.05    0.14    0.48 ^ clkbuf_1_1__f_clk/X (sky130_fd_sc_hd__clkbuf_16)
    12    0.03                           clknet_1_1__leaf_clk (net)
                  0.05    0.00    0.48 ^ _113_/CLK (sky130_fd_sc_hd__dfxtp_4)
                  0.46    0.63    1.12 ^ _113_/Q (sky130_fd_sc_hd__dfxtp_4)
    25    0.16                           net12 (net)
                  0.49    0.10    1.21 ^ output12/A (sky130_fd_sc_hd__buf_2)
                  0.33    0.42    1.64 ^ output12/X (sky130_fd_sc_hd__buf_2)
     1    0.03                           r_data[3] (net)
                  0.33    0.02    1.66 ^ r_data[3] (out)
                                  1.66   data arrival time

                         10.00   10.00   clock clk (rise edge)
                          0.00   10.00   clock network delay (propagated)
                         -0.25    9.75   clock uncertainty
                          0.00    9.75   clock reconvergence pessimism
                         -2.00    7.75   output external delay
                                  7.75   data required time
-----------------------------------------------------------------------------
                                  7.75   data required time
                                 -1.66   data arrival time
-----------------------------------------------------------------------------
                                  6.09   slack (MET)


Startpoint: _110_ (rising edge-triggered flip-flop clocked by clk)
Endpoint: r_data[0] (output port clocked by clk)
Path Group: clk
Path Type: max

Fanout     Cap    Slew   Delay    Time   Description
-----------------------------------------------------------------------------
                          0.00    0.00   clock clk (rise edge)
                          0.00    0.00   clock source latency
                  0.20    0.15    0.15 ^ clk (in)
     1    0.04                           clk (net)
                  0.20    0.00    0.15 ^ clkbuf_0_clk/A (sky130_fd_sc_hd__clkbuf_16)
                  0.04    0.19    0.34 ^ clkbuf_0_clk/X (sky130_fd_sc_hd__clkbuf_16)
     2    0.02                           clknet_0_clk (net)
                  0.04    0.00    0.34 ^ clkbuf_1_1__f_clk/A (sky130_fd_sc_hd__clkbuf_16)
                  0.05    0.14    0.48 ^ clkbuf_1_1__f_clk/X (sky130_fd_sc_hd__clkbuf_16)
    12    0.03                           clknet_1_1__leaf_clk (net)
                  0.05    0.00    0.48 ^ _110_/CLK (sky130_fd_sc_hd__dfxtp_4)
                  0.25    0.50    0.99 ^ _110_/Q (sky130_fd_sc_hd__dfxtp_4)
     3    0.09                           net9 (net)
                  0.26    0.04    1.03 ^ output9/A (sky130_fd_sc_hd__buf_2)
                  0.32    0.37    1.40 ^ output9/X (sky130_fd_sc_hd__buf_2)
     1    0.03                           r_data[0] (net)
                  0.32    0.02    1.42 ^ r_data[0] (out)
                                  1.42   data arrival time

                         10.00   10.00   clock clk (rise edge)
                          0.00   10.00   clock network delay (propagated)
                         -0.25    9.75   clock uncertainty
                          0.00    9.75   clock reconvergence pessimism
                         -2.00    7.75   output external delay
                                  7.75   data required time
-----------------------------------------------------------------------------
                                  7.75   data required time
                                 -1.42   data arrival time
-----------------------------------------------------------------------------
                                  6.33   slack (MET)


Startpoint: addr[0] (input port clocked by clk)
Endpoint: _111_ (rising edge-triggered flip-flop clocked by clk)
Path Group: clk
Path Type: max

Fanout     Cap    Slew   Delay    Time   Description
-----------------------------------------------------------------------------
                          0.00    0.00   clock clk (rise edge)
                          0.00    0.00   clock network delay (propagated)
                          2.00    2.00 ^ input external delay
                  0.19    0.14    2.14 ^ addr[0] (in)
     1    0.04                           addr[0] (net)
                  0.19    0.00    2.14 ^ input1/A (sky130_fd_sc_hd__buf_12)
                  0.15    0.20    2.34 ^ input1/X (sky130_fd_sc_hd__buf_12)
    10    0.14                           net1 (net)
                  0.24    0.10    2.44 ^ _080_/S0 (sky130_fd_sc_hd__mux4_1)
                  0.11    0.65    3.09 v _080_/X (sky130_fd_sc_hd__mux4_1)
     1    0.01                           _038_ (net)
                  0.11    0.00    3.09 v _081_/A1 (sky130_fd_sc_hd__mux2_2)
                  0.11    0.38    3.47 v _081_/X (sky130_fd_sc_hd__mux2_2)
     2    0.03                           _039_ (net)
                  0.11    0.00    3.48 v _082_/A (sky130_fd_sc_hd__dlymetal6s2s_1)
                  0.10    0.23    3.71 v _082_/X (sky130_fd_sc_hd__dlymetal6s2s_1)
     1    0.02                           _013_ (net)
                  0.10    0.00    3.71 v _111_/D (sky130_fd_sc_hd__dfxtp_4)
                                  3.71   data arrival time

                         10.00   10.00   clock clk (rise edge)
                          0.00   10.00   clock source latency
                  0.20    0.14   10.14 ^ clk (in)
     1    0.04                           clk (net)
                  0.20    0.00   10.14 ^ clkbuf_0_clk/A (sky130_fd_sc_hd__clkbuf_16)
                  0.04    0.17   10.31 ^ clkbuf_0_clk/X (sky130_fd_sc_hd__clkbuf_16)
     2    0.02                           clknet_0_clk (net)
                  0.04    0.00   10.31 ^ clkbuf_1_1__f_clk/A (sky130_fd_sc_hd__clkbuf_16)
                  0.05    0.13   10.44 ^ clkbuf_1_1__f_clk/X (sky130_fd_sc_hd__clkbuf_16)
    12    0.03                           clknet_1_1__leaf_clk (net)
                  0.05    0.00   10.44 ^ _111_/CLK (sky130_fd_sc_hd__dfxtp_4)
                         -0.25   10.19   clock uncertainty
                          0.00   10.19   clock reconvergence pessimism
                         -0.13   10.05   library setup time
                                 10.05   data required time
-----------------------------------------------------------------------------
                                 10.05   data required time
                                 -3.71   data arrival time
-----------------------------------------------------------------------------
                                  6.35   slack (MET)


max_report_end
check_report

===========================================================================
report_checks -unconstrained
============================================================================
Startpoint: _112_ (rising edge-triggered flip-flop clocked by clk)
Endpoint: r_data[2] (output port clocked by clk)
Path Group: clk
Path Type: max

Fanout     Cap    Slew   Delay    Time   Description
-----------------------------------------------------------------------------
                          0.00    0.00   clock clk (rise edge)
                          0.00    0.00   clock source latency
                  0.20    0.15    0.15 ^ clk (in)
     1    0.04                           clk (net)
                  0.20    0.00    0.15 ^ clkbuf_0_clk/A (sky130_fd_sc_hd__clkbuf_16)
                  0.04    0.19    0.34 ^ clkbuf_0_clk/X (sky130_fd_sc_hd__clkbuf_16)
     2    0.02                           clknet_0_clk (net)
                  0.04    0.00    0.34 ^ clkbuf_1_0__f_clk/A (sky130_fd_sc_hd__clkbuf_16)
                  0.04    0.13    0.47 ^ clkbuf_1_0__f_clk/X (sky130_fd_sc_hd__clkbuf_16)
     8    0.02                           clknet_1_0__leaf_clk (net)
                  0.04    0.00    0.47 ^ _112_/CLK (sky130_fd_sc_hd__dfxtp_4)
                  0.52    0.63    1.11 ^ _112_/Q (sky130_fd_sc_hd__dfxtp_4)
    13    0.19                           net11 (net)
                  0.60    0.17    1.27 ^ output11/A (sky130_fd_sc_hd__buf_2)
                  0.43    0.50    1.77 ^ output11/X (sky130_fd_sc_hd__buf_2)
     1    0.03                           r_data[2] (net)
                  0.43    0.04    1.81 ^ r_data[2] (out)
                                  1.81   data arrival time

                         10.00   10.00   clock clk (rise edge)
                          0.00   10.00   clock network delay (propagated)
                         -0.25    9.75   clock uncertainty
                          0.00    9.75   clock reconvergence pessimism
                         -2.00    7.75   output external delay
                                  7.75   data required time
-----------------------------------------------------------------------------
                                  7.75   data required time
                                 -1.81   data arrival time
-----------------------------------------------------------------------------
                                  5.94   slack (MET)



===========================================================================
report_checks --slack_max -0.01
============================================================================
No paths found.
check_report_end
parastic_annotation_check

===========================================================================
report_parasitic_annotation -report_unannotated
============================================================================
Found 68 unannotated nets.
 data[10]
 data[11]
 data[12]
 data[13]
 data[14]
 data[15]
 data[16]
 data[17]
 data[18]
 data[19]
 data[20]
 data[21]
 data[22]
 data[23]
 data[24]
 data[25]
 data[26]
 data[27]
 data[28]
 data[29]
 data[30]
 data[31]
 data[32]
 data[33]
 data[34]
 data[35]
 data[36]
 data[37]
 data[38]
 data[39]
 data[40]
 data[41]
 data[42]
 data[43]
 data[44]
 data[45]
 data[46]
 data[47]
 data[48]
 data[49]
 data[4]
 data[50]
 data[51]
 data[52]
 data[53]
 data[54]
 data[55]
 data[56]
 data[57]
 data[58]
 data[59]
 data[5]
 data[60]
 data[61]
 data[62]
 data[63]
 data[64]
 data[65]
 data[66]
 data[67]
 data[68]
 data[69]
 data[6]
 data[70]
 data[71]
 data[7]
 data[8]
 data[9]
Found 0 partially unannotated nets.
parastic_annotation_check
check_slew

===========================================================================
 report_check_types -max_slew -max_cap -max_fanout -violators
============================================================================
max fanout

Pin                                   Limit Fanout  Slack
---------------------------------------------------------
input3/X                                 10     34    -24 (VIOLATED)
_113_/Q                                  10     25    -15 (VIOLATED)
input5/X                                 10     24    -14 (VIOLATED)
_111_/Q                                  10     16     -6 (VIOLATED)
_112_/Q                                  10     13     -3 (VIOLATED)
clkbuf_1_1__f_clk/X                      10     12     -2 (VIOLATED)


===========================================================================
max slew violation count 0
max fanout violation count 6
max cap violation count 0
============================================================================
check_slew_end
tns_report

===========================================================================
 report_tns
============================================================================
tns 0.00
tns_report_end
wns_report

===========================================================================
 report_wns
============================================================================
wns 0.00
wns_report_end
worst_slack

===========================================================================
 report_worst_slack -max (Setup)
============================================================================
worst slack 5.94

===========================================================================
 report_worst_slack -min (Hold)
============================================================================
worst slack 0.39
worst_slack_end
clock_skew

===========================================================================
 report_clock_skew
============================================================================
Clock clk
Latency      CRPR       Skew
_104_/CLK ^
   0.48
_112_/CLK ^
   0.43     -0.03       0.02

clock_skew_end
power_report

===========================================================================
 report_power
============================================================================
Group                  Internal  Switching    Leakage      Total
                          Power      Power      Power      Power (Watts)
----------------------------------------------------------------
Sequential             8.66e-05   2.44e-05   1.70e-10   1.11e-04  45.6%
Combinational          7.21e-05   6.00e-05   3.46e-09   1.32e-04  54.4%
Macro                  0.00e+00   0.00e+00   0.00e+00   0.00e+00   0.0%
Pad                    0.00e+00   0.00e+00   0.00e+00   0.00e+00   0.0%
----------------------------------------------------------------
Total                  1.59e-04   8.44e-05   3.63e-09   2.43e-04 100.0%
                          65.3%      34.7%       0.0%
power_report_end
area_report

===========================================================================
 report_design_area
============================================================================
Design area 27481 u^2 2% utilization.
area_report_end
Setting global connections for newly added cells...
Writing OpenROAD database to /openlane/designs/dff_ram/runs/second_run/tmp/routing/14-global_1.odb...
Writing layout to /openlane/designs/dff_ram/runs/second_run/tmp/routing/14-global_1.def...
Writing routing guides to /openlane/designs/dff_ram/runs/second_run/tmp/routing/14-global_1.guide...
