OpenROAD 4f1108b6f558718ed142cbb6c1f5ba20958195ca 
This program is licensed under the BSD-3 license. See the LICENSE file for details.
Components of this program may be licensed under more restrictive licenses which must be honored.
[INFO ODB-0222] Reading LEF file: /openlane/designs/dff_ram/runs/second_run/tmp/merged.nom.lef
[WARNING ODB-0220] WARNING (LEFPARS-2036): SOURCE statement is obsolete in version 5.6 and later.
The LEF parser will ignore this statement.
To avoid this warning in the future, remove this statement from the LEF file with version 5.6 or later. See file /openlane/designs/dff_ram/runs/second_run/tmp/merged.nom.lef at line 930.

[INFO ODB-0223]     Created 13 technology layers
[INFO ODB-0224]     Created 25 technology vias
[INFO ODB-0225]     Created 441 library cells
[INFO ODB-0226] Finished LEF file:  /openlane/designs/dff_ram/runs/second_run/tmp/merged.nom.lef
Reading netlist...
[INFO]: Setting output delay to: 2.0
[INFO]: Setting input delay to: 2.0
[INFO]: Setting load to: 0.033442
[INFO]: Setting clock uncertainty to: 0.25
[INFO]: Setting clock transition to: 0.15
[INFO]: Setting timing derate to: 0.5 %
[INFO] Using the set CORE_AREA; ignoring core margin parameters
[WARNING IFP-0028] Core area lower left (400.000, 400.000) snapped to (400.200, 402.560).
[INFO IFP-0001] Added 440 rows of 2608 sites.
[INFO IFP-0030] Inserted 0 tiecells using sky130_fd_sc_hd__conb_1/LO.
[INFO IFP-0030] Inserted 0 tiecells using sky130_fd_sc_hd__conb_1/HI.
[INFO] Extracting DIE_AREA and CORE_AREA from the floorplan
[INFO] Floorplanned on a die area of 0.0 0.0 2000.0 2000.0 (microns). Saving to /openlane/designs/dff_ram/runs/second_run/reports/floorplan/4-initial_fp_die_area.rpt.
[INFO] Floorplanned on a core area of 400.2 402.56 1599.88 1599.36 (microns). Saving to /openlane/designs/dff_ram/runs/second_run/reports/floorplan/4-initial_fp_core_area.rpt.
Writing OpenROAD database to /openlane/designs/dff_ram/runs/second_run/tmp/floorplan/4-initial_fp.odb...
Writing layout to /openlane/designs/dff_ram/runs/second_run/tmp/floorplan/4-initial_fp.def...
Writing timing constraints to /openlane/designs/dff_ram/runs/second_run/tmp/floorplan/4-initial_fp.sdc...
