OpenROAD 4f1108b6f558718ed142cbb6c1f5ba20958195ca 
This program is licensed under the BSD-3 license. See the LICENSE file for details.
Components of this program may be licensed under more restrictive licenses which must be honored.
Placement Analysis
---------------------------------
total displacement          0.0 u
average displacement        0.0 u
max displacement            0.0 u
original HPWL           65439.1 u
legalized HPWL          65566.7 u
delta HPWL                    0 %

[INFO DPL-0020] Mirrored 75 instances
[INFO DPL-0021] HPWL before           65566.7 u
[INFO DPL-0022] HPWL after            65439.1 u
[INFO DPL-0023] HPWL delta               -0.2 %
Setting global connections for newly added cells...
Writing OpenROAD database to /openlane/designs/dff_ram/runs/second_run/results/placement/dff_ram.odb...
Writing netlist to /openlane/designs/dff_ram/runs/second_run/results/placement/dff_ram.nl.v...
Writing powered netlist to /openlane/designs/dff_ram/runs/second_run/results/placement/dff_ram.pnl.v...
Writing layout to /openlane/designs/dff_ram/runs/second_run/results/placement/dff_ram.def...
