OpenROAD 4f1108b6f558718ed142cbb6c1f5ba20958195ca 
This program is licensed under the BSD-3 license. See the LICENSE file for details.
Components of this program may be licensed under more restrictive licenses which must be honored.
[INFO]: Setting RC values...
[INFO]: Setting signal min routing layer to: met1 and clock min routing layer to met1. 
[INFO]: Setting signal max routing layer to: met5 and clock max routing layer to met5. 
[INFO GPL-0002] DBU: 1000
[INFO GPL-0003] SiteSize: 460 2720
[INFO GPL-0004] CoreAreaLxLy: 400200 402560
[INFO GPL-0005] CoreAreaUxUy: 1599880 1599360
[INFO GPL-0006] NumInstances: 21585
[INFO GPL-0007] NumPlaceInstances: 152
[INFO GPL-0008] NumFixedInstances: 21433
[INFO GPL-0009] NumDummyInstances: 0
[INFO GPL-0010] NumNets: 229
[INFO GPL-0011] NumPins: 499
[INFO GPL-0012] DieAreaLxLy: 0 0
[INFO GPL-0013] DieAreaUxUy: 2000000 2000000
[INFO GPL-0014] CoreAreaLxLy: 400200 402560
[INFO GPL-0015] CoreAreaUxUy: 1599880 1599360
[INFO GPL-0016] CoreArea: 1435777024000
[INFO GPL-0017] NonPlaceInstsArea: 29019081600
[INFO GPL-0018] PlaceInstsArea: 1325020800
[INFO GPL-0019] Util(%): 0.09
[INFO GPL-0020] StdInstsArea: 1325020800
[INFO GPL-0021] MacroInstsArea: 0
[InitialPlace]  Iter: 1 CG residual: 0.00528905 HPWL: 155835570
[InitialPlace]  Iter: 2 CG residual: 0.00000012 HPWL: 23244842
[InitialPlace]  Iter: 3 CG residual: 0.00000012 HPWL: 22017344
[InitialPlace]  Iter: 4 CG residual: 0.00000012 HPWL: 21851635
[InitialPlace]  Iter: 5 CG residual: 0.00000010 HPWL: 21824529
[INFO GPL-0031] FillerInit: NumGCells: 94462
[INFO GPL-0032] FillerInit: NumGNets: 229
[INFO GPL-0033] FillerInit: NumGPins: 499
[INFO GPL-0023] TargetDensity: 0.55
[INFO GPL-0024] AveragePlaceInstArea: 8717242
[INFO GPL-0025] IdealBinArea: 15849531
[INFO GPL-0026] IdealBinCnt: 90587
[INFO GPL-0027] TotalBinArea: 1435777024000
[INFO GPL-0028] BinCnt: 256 256
[INFO GPL-0029] BinSize: 4687 4675
[INFO GPL-0030] NumBins: 65536
[NesterovSolve] Iter: 1 overflow: 0.608544 HPWL: 53925994
[INFO GPL-0100] worst slack 6.16e-09
[INFO GPL-0103] Weighted 84 nets.
[NesterovSolve] Iter: 10 overflow: 0.608544 HPWL: 53925994
[NesterovSolve] Iter: 20 overflow: 0.608544 HPWL: 53925994
[NesterovSolve] Iter: 30 overflow: 0.608544 HPWL: 53925994
[NesterovSolve] Iter: 40 overflow: 0.608544 HPWL: 53925994
[NesterovSolve] Iter: 50 overflow: 0.608544 HPWL: 53925994
[NesterovSolve] Iter: 60 overflow: 0.608544 HPWL: 53925994
[NesterovSolve] Iter: 70 overflow: 0.608544 HPWL: 53925994
[NesterovSolve] Iter: 80 overflow: 0.608544 HPWL: 53925994
[NesterovSolve] Iter: 90 overflow: 0.608544 HPWL: 53925994
[NesterovSolve] Iter: 100 overflow: 0.608544 HPWL: 53925994
[NesterovSolve] Iter: 110 overflow: 0.608544 HPWL: 53925994
[NesterovSolve] Iter: 120 overflow: 0.608544 HPWL: 53925994
[NesterovSolve] Iter: 130 overflow: 0.608544 HPWL: 53925994
[NesterovSolve] Iter: 140 overflow: 0.608544 HPWL: 53925994
[NesterovSolve] Iter: 150 overflow: 0.608544 HPWL: 53925994
[NesterovSolve] Iter: 160 overflow: 0.608544 HPWL: 53925994
[NesterovSolve] Iter: 170 overflow: 0.608544 HPWL: 53925994
[NesterovSolve] Iter: 180 overflow: 0.608544 HPWL: 53925994
[NesterovSolve] Iter: 190 overflow: 0.608544 HPWL: 53925994
[NesterovSolve] Iter: 200 overflow: 0.608544 HPWL: 53925994
[NesterovSolve] Iter: 210 overflow: 0.608544 HPWL: 53925994
[NesterovSolve] Iter: 220 overflow: 0.608544 HPWL: 53925994
[NesterovSolve] Iter: 230 overflow: 0.608544 HPWL: 53925994
[NesterovSolve] Iter: 240 overflow: 0.608544 HPWL: 53925994
[NesterovSolve] Iter: 250 overflow: 0.608544 HPWL: 53925994
[NesterovSolve] Iter: 260 overflow: 0.608544 HPWL: 53925994
[NesterovSolve] Iter: 270 overflow: 0.608544 HPWL: 53925994
[NesterovSolve] Iter: 280 overflow: 0.608544 HPWL: 53925994
[NesterovSolve] Iter: 290 overflow: 0.608544 HPWL: 53925994
[NesterovSolve] Iter: 300 overflow: 0.608544 HPWL: 53925994
[NesterovSolve] Iter: 310 overflow: 0.608544 HPWL: 53925994
[NesterovSolve] Iter: 320 overflow: 0.608544 HPWL: 53925994
[INFO GPL-0100] worst slack 6.16e-09
[INFO GPL-0103] Weighted 84 nets.
[NesterovSolve] Snapshot saved at iter = 328
[NesterovSolve] Iter: 330 overflow: 0.329052 HPWL: 54987181
[INFO GPL-0100] worst slack 6.14e-09
[INFO GPL-0103] Weighted 84 nets.
[NesterovSolve] Iter: 340 overflow: 0.309409 HPWL: 61557217
[NesterovSolve] Iter: 350 overflow: 0.29864 HPWL: 67131756
[ERROR GPL-0307] RePlAce divergence detected. Re-run with a smaller max_phi_cof value.
Error: gpl.tcl, 69 GPL-0307
