OpenROAD 4f1108b6f558718ed142cbb6c1f5ba20958195ca 
This program is licensed under the BSD-3 license. See the LICENSE file for details.
Components of this program may be licensed under more restrictive licenses which must be honored.
[INFO]: Setting RC values...
[INFO]: Setting signal min routing layer to: met1 and clock min routing layer to met1. 
[INFO]: Setting signal max routing layer to: met5 and clock max routing layer to met5. 
[INFO GPL-0002] DBU: 1000
[INFO GPL-0003] SiteSize: 460 2720
[INFO GPL-0004] CoreAreaLxLy: 400200 402560
[INFO GPL-0005] CoreAreaUxUy: 1599880 1599360
[INFO GPL-0006] NumInstances: 21570
[INFO GPL-0007] NumPlaceInstances: 137
[INFO GPL-0008] NumFixedInstances: 21433
[INFO GPL-0009] NumDummyInstances: 0
[INFO GPL-0010] NumNets: 214
[INFO GPL-0011] NumPins: 448
[INFO GPL-0012] DieAreaLxLy: 0 0
[INFO GPL-0013] DieAreaUxUy: 2000000 2000000
[INFO GPL-0014] CoreAreaLxLy: 400200 402560
[INFO GPL-0015] CoreAreaUxUy: 1599880 1599360
[INFO GPL-0016] CoreArea: 1435777024000
[INFO GPL-0017] NonPlaceInstsArea: 29019081600
[INFO GPL-0018] PlaceInstsArea: 1124828800
[INFO GPL-0019] Util(%): 0.08
[INFO GPL-0020] StdInstsArea: 1124828800
[INFO GPL-0021] MacroInstsArea: 0
[InitialPlace]  Iter: 1 CG residual: 0.00018472 HPWL: 153602330
[InitialPlace]  Iter: 2 CG residual: 0.00000011 HPWL: 18887810
[InitialPlace]  Iter: 3 CG residual: 0.00000011 HPWL: 18705094
[InitialPlace]  Iter: 4 CG residual: 0.00000003 HPWL: 18618726
[InitialPlace]  Iter: 5 CG residual: 0.00000011 HPWL: 18579660
[INFO GPL-0031] FillerInit: NumGCells: 101183
[INFO GPL-0032] FillerInit: NumGNets: 214
[INFO GPL-0033] FillerInit: NumGPins: 448
[INFO GPL-0023] TargetDensity: 0.55
[INFO GPL-0024] AveragePlaceInstArea: 8210429
[INFO GPL-0025] IdealBinArea: 14928052
[INFO GPL-0026] IdealBinCnt: 96179
[INFO GPL-0027] TotalBinArea: 1435777024000
[INFO GPL-0028] BinCnt: 256 256
[INFO GPL-0029] BinSize: 4687 4675
[INFO GPL-0030] NumBins: 65536
[NesterovSolve] Iter: 1 overflow: 0.583857 HPWL: 51073937
[INFO GPL-0100] worst slack 6.25e-09
[INFO GPL-0103] Weighted 82 nets.
[NesterovSolve] Snapshot saved at iter = 0
[NesterovSolve] Iter: 10 overflow: 0.583857 HPWL: 51073937
[NesterovSolve] Iter: 20 overflow: 0.583857 HPWL: 51073937
[NesterovSolve] Iter: 30 overflow: 0.583857 HPWL: 51073937
[NesterovSolve] Iter: 40 overflow: 0.583857 HPWL: 51073937
[NesterovSolve] Iter: 50 overflow: 0.583857 HPWL: 51073937
[NesterovSolve] Iter: 60 overflow: 0.583857 HPWL: 51073937
[NesterovSolve] Iter: 70 overflow: 0.583857 HPWL: 51073937
[NesterovSolve] Iter: 80 overflow: 0.583857 HPWL: 51073937
[NesterovSolve] Iter: 90 overflow: 0.583857 HPWL: 51073937
[NesterovSolve] Iter: 100 overflow: 0.583857 HPWL: 51073937
[NesterovSolve] Iter: 110 overflow: 0.583857 HPWL: 51073937
[NesterovSolve] Iter: 120 overflow: 0.583857 HPWL: 51073937
[NesterovSolve] Iter: 130 overflow: 0.583857 HPWL: 51073937
[NesterovSolve] Iter: 140 overflow: 0.583857 HPWL: 51073937
[NesterovSolve] Iter: 150 overflow: 0.583857 HPWL: 51073937
[NesterovSolve] Iter: 160 overflow: 0.583857 HPWL: 51073937
[NesterovSolve] Iter: 170 overflow: 0.583857 HPWL: 51073937
[NesterovSolve] Iter: 180 overflow: 0.583857 HPWL: 51073937
[NesterovSolve] Iter: 190 overflow: 0.583857 HPWL: 51073937
[NesterovSolve] Iter: 200 overflow: 0.583857 HPWL: 51073937
[NesterovSolve] Iter: 210 overflow: 0.583857 HPWL: 51073937
[NesterovSolve] Iter: 220 overflow: 0.583857 HPWL: 51073937
[NesterovSolve] Iter: 230 overflow: 0.583857 HPWL: 51073937
[NesterovSolve] Iter: 240 overflow: 0.583857 HPWL: 51073937
[NesterovSolve] Iter: 250 overflow: 0.583857 HPWL: 51073937
[NesterovSolve] Iter: 260 overflow: 0.583857 HPWL: 51073937
[NesterovSolve] Iter: 270 overflow: 0.583857 HPWL: 51073937
[NesterovSolve] Iter: 280 overflow: 0.583857 HPWL: 51073937
[NesterovSolve] Iter: 290 overflow: 0.583857 HPWL: 51073937
[NesterovSolve] Iter: 300 overflow: 0.583857 HPWL: 51073937
[NesterovSolve] Iter: 310 overflow: 0.583857 HPWL: 51073937
[NesterovSolve] Iter: 320 overflow: 0.583857 HPWL: 51073937
[NesterovSolve] Iter: 330 overflow: 0.582054 HPWL: 51083535
[INFO GPL-0100] worst slack 6.24e-09
[INFO GPL-0103] Weighted 82 nets.
[INFO GPL-0100] worst slack 6.23e-09
[INFO GPL-0103] Weighted 83 nets.
[INFO GPL-0100] worst slack 6.2e-09
[INFO GPL-0103] Weighted 83 nets.
[INFO GPL-0075] Routability numCall: 1 inflationIterCnt: 1 bloatIterCnt: 0
[INFO GPL-0036] TileLxLy: 0 0
[INFO GPL-0037] TileSize: 6900 6900
[INFO GPL-0038] TileCnt: 289 289
[INFO GPL-0039] numRoutingLayers: 6
[INFO GPL-0040] NumTiles: 83521
[INFO GPL-0063] TotalRouteOverflowH2: 0.0
[INFO GPL-0064] TotalRouteOverflowV2: 0.0
[INFO GPL-0065] OverflowTileCnt2: 0
[INFO GPL-0066] 0.5%RC: 0.6632128714797009
[INFO GPL-0067] 1.0%RC: 0.5825597857624166
[INFO GPL-0068] 2.0%RC: 0.5216596408861096
[INFO GPL-0069] 5.0%RC: 0.5021138080608192
[INFO GPL-0070] 0.5rcK: 1.0
[INFO GPL-0071] 1.0rcK: 1.0
[INFO GPL-0072] 2.0rcK: 0.0
[INFO GPL-0073] 5.0rcK: 0.0
[INFO GPL-0074] FinalRC: 0.6228863
[NesterovSolve] Iter: 340 overflow: 0.263233 HPWL: 59633693
[NesterovSolve] Iter: 350 overflow: 0.292967 HPWL: 65440870
[NesterovSolve] Iter: 360 overflow: 0.575415 HPWL: 51378237
[NesterovSolve] Iter: 370 overflow: 0.573634 HPWL: 52817213
[NesterovSolve] Iter: 380 overflow: 0.539466 HPWL: 54920043
[NesterovSolve] Iter: 390 overflow: 0.563212 HPWL: 57409305
[NesterovSolve] Iter: 400 overflow: 0.50226 HPWL: 60276853
[NesterovSolve] Iter: 410 overflow: 0.521454 HPWL: 63452422
[NesterovSolve] Iter: 420 overflow: 0.486168 HPWL: 66986937
[NesterovSolve] Iter: 430 overflow: 0.520037 HPWL: 70840607
[NesterovSolve] Iter: 440 overflow: 0.517278 HPWL: 75143727
[NesterovSolve] Iter: 450 overflow: 0.505296 HPWL: 79927778
[NesterovSolve] Iter: 460 overflow: 0.502973 HPWL: 85324794
[NesterovSolve] Iter: 470 overflow: 0.515761 HPWL: 90948429
[NesterovSolve] Iter: 480 overflow: 0.498584 HPWL: 94930004
[NesterovSolve] Iter: 490 overflow: 0.496861 HPWL: 95922963
[NesterovSolve] Iter: 500 overflow: 0.496751 HPWL: 93593233
[NesterovSolve] Iter: 510 overflow: 0.497648 HPWL: 91761495
[NesterovSolve] Iter: 520 overflow: 0.480685 HPWL: 91340159
[NesterovSolve] Iter: 530 overflow: 0.479585 HPWL: 91841937
[NesterovSolve] Iter: 540 overflow: 0.499768 HPWL: 92171232
[NesterovSolve] Iter: 550 overflow: 0.496284 HPWL: 91875467
[NesterovSolve] Iter: 560 overflow: 0.484143 HPWL: 90846624
[NesterovSolve] Iter: 570 overflow: 0.488444 HPWL: 89415712
[NesterovSolve] Iter: 580 overflow: 0.476089 HPWL: 88009574
[NesterovSolve] Iter: 590 overflow: 0.504517 HPWL: 87014476
[NesterovSolve] Iter: 600 overflow: 0.498642 HPWL: 86545450
[NesterovSolve] Iter: 610 overflow: 0.48915 HPWL: 86236571
[NesterovSolve] Iter: 620 overflow: 0.504577 HPWL: 85747957
[NesterovSolve] Iter: 630 overflow: 0.502466 HPWL: 84968628
[NesterovSolve] Iter: 640 overflow: 0.50092 HPWL: 83906054
[NesterovSolve] Iter: 650 overflow: 0.509516 HPWL: 82657416
[NesterovSolve] Iter: 660 overflow: 0.519709 HPWL: 81405385
[NesterovSolve] Iter: 670 overflow: 0.49993 HPWL: 80365637
[NesterovSolve] Iter: 680 overflow: 0.495843 HPWL: 79565815
[NesterovSolve] Iter: 690 overflow: 0.514575 HPWL: 78832035
[NesterovSolve] Iter: 700 overflow: 0.515048 HPWL: 78006573
[NesterovSolve] Iter: 710 overflow: 0.506453 HPWL: 77004754
[NesterovSolve] Iter: 720 overflow: 0.507073 HPWL: 75818277
[NesterovSolve] Iter: 730 overflow: 0.489901 HPWL: 74592581
[NesterovSolve] Iter: 740 overflow: 0.485332 HPWL: 73425380
[NesterovSolve] Iter: 750 overflow: 0.458181 HPWL: 72464460
[NesterovSolve] Iter: 760 overflow: 0.417562 HPWL: 71672781
[NesterovSolve] Iter: 770 overflow: 0.402159 HPWL: 70798083
[NesterovSolve] Iter: 780 overflow: 0.383733 HPWL: 69784619
[NesterovSolve] Iter: 790 overflow: 0.356138 HPWL: 68813330
[NesterovSolve] Iter: 800 overflow: 0.338594 HPWL: 68060068
[NesterovSolve] Iter: 810 overflow: 0.336704 HPWL: 67493970
[NesterovSolve] Iter: 820 overflow: 0.333911 HPWL: 66791862
[NesterovSolve] Iter: 830 overflow: 0.29228 HPWL: 66049944
[NesterovSolve] Iter: 840 overflow: 0.257087 HPWL: 65634243
[NesterovSolve] Iter: 850 overflow: 0.216249 HPWL: 65254601
[NesterovSolve] Iter: 860 overflow: 0.193471 HPWL: 65041743
[NesterovSolve] Iter: 870 overflow: 0.191678 HPWL: 64930692
[NesterovSolve] Iter: 880 overflow: 0.170224 HPWL: 64707575
[NesterovSolve] Iter: 890 overflow: 0.153582 HPWL: 64409743
[NesterovSolve] Iter: 900 overflow: 0.145944 HPWL: 64168750
[INFO GPL-0100] worst slack 5.78e-09
[INFO GPL-0103] Weighted 82 nets.
[NesterovSolve] Iter: 910 overflow: 0.140869 HPWL: 64245185
[NesterovSolve] Iter: 920 overflow: 0.118087 HPWL: 64650835
[NesterovSolve] Iter: 930 overflow: 0.124225 HPWL: 65235247
[NesterovSolve] Iter: 940 overflow: 0.123021 HPWL: 65381935
[NesterovSolve] Finished with Overflow: 0.091555
Setting global connections for newly added cells...
Writing OpenROAD database to /openlane/designs/dff_ram/runs/second_run/tmp/placement/8-global.odb...
Writing layout to /openlane/designs/dff_ram/runs/second_run/tmp/placement/8-global.def...
[INFO]: Setting RC values...
min_report

===========================================================================
report_checks -path_delay min (Hold)
============================================================================
Startpoint: _109_ (rising edge-triggered flip-flop clocked by clk)
Endpoint: _109_ (rising edge-triggered flip-flop clocked by clk)
Path Group: clk
Path Type: min

Fanout     Cap    Slew   Delay    Time   Description
-----------------------------------------------------------------------------
                  0.15    0.00    0.00   clock clk (rise edge)
                          0.00    0.00   clock network delay (ideal)
                  0.15    0.00    0.00 ^ _109_/CLK (sky130_fd_sc_hd__dfxtp_2)
                  0.14    0.40    0.40 ^ _109_/Q (sky130_fd_sc_hd__dfxtp_2)
     2    0.03                           mem[1][3] (net)
                  0.14    0.00    0.40 ^ _074_/A0 (sky130_fd_sc_hd__mux2_2)
                  0.04    0.16    0.57 ^ _074_/X (sky130_fd_sc_hd__mux2_2)
     1    0.00                           _034_ (net)
                  0.04    0.00    0.57 ^ _075_/A (sky130_fd_sc_hd__buf_1)
                  0.05    0.08    0.65 ^ _075_/X (sky130_fd_sc_hd__buf_1)
     1    0.00                           _011_ (net)
                  0.05    0.00    0.65 ^ _109_/D (sky130_fd_sc_hd__dfxtp_2)
                                  0.65   data arrival time

                  0.15    0.00    0.00   clock clk (rise edge)
                          0.00    0.00   clock network delay (ideal)
                          0.25    0.25   clock uncertainty
                          0.00    0.25   clock reconvergence pessimism
                                  0.25 ^ _109_/CLK (sky130_fd_sc_hd__dfxtp_2)
                         -0.02    0.23   library hold time
                                  0.23   data required time
-----------------------------------------------------------------------------
                                  0.23   data required time
                                 -0.65   data arrival time
-----------------------------------------------------------------------------
                                  0.41   slack (MET)


Startpoint: _101_ (rising edge-triggered flip-flop clocked by clk)
Endpoint: _101_ (rising edge-triggered flip-flop clocked by clk)
Path Group: clk
Path Type: min

Fanout     Cap    Slew   Delay    Time   Description
-----------------------------------------------------------------------------
                  0.15    0.00    0.00   clock clk (rise edge)
                          0.00    0.00   clock network delay (ideal)
                  0.15    0.00    0.00 ^ _101_/CLK (sky130_fd_sc_hd__dfxtp_2)
                  0.11    0.39    0.39 ^ _101_/Q (sky130_fd_sc_hd__dfxtp_2)
     2    0.02                           mem[0][3] (net)
                  0.11    0.00    0.39 ^ _056_/A0 (sky130_fd_sc_hd__mux2_2)
                  0.05    0.16    0.55 ^ _056_/X (sky130_fd_sc_hd__mux2_2)
     1    0.01                           _024_ (net)
                  0.05    0.00    0.55 ^ _057_/A (sky130_fd_sc_hd__buf_1)
                  0.13    0.14    0.68 ^ _057_/X (sky130_fd_sc_hd__buf_1)
     1    0.01                           _003_ (net)
                  0.13    0.00    0.68 ^ _101_/D (sky130_fd_sc_hd__dfxtp_2)
                                  0.68   data arrival time

                  0.15    0.00    0.00   clock clk (rise edge)
                          0.00    0.00   clock network delay (ideal)
                          0.25    0.25   clock uncertainty
                          0.00    0.25   clock reconvergence pessimism
                                  0.25 ^ _101_/CLK (sky130_fd_sc_hd__dfxtp_2)
                         -0.04    0.21   library hold time
                                  0.21   data required time
-----------------------------------------------------------------------------
                                  0.21   data required time
                                 -0.68   data arrival time
-----------------------------------------------------------------------------
                                  0.47   slack (MET)


Startpoint: _105_ (rising edge-triggered flip-flop clocked by clk)
Endpoint: _105_ (rising edge-triggered flip-flop clocked by clk)
Path Group: clk
Path Type: min

Fanout     Cap    Slew   Delay    Time   Description
-----------------------------------------------------------------------------
                  0.15    0.00    0.00   clock clk (rise edge)
                          0.00    0.00   clock network delay (ideal)
                  0.15    0.00    0.00 ^ _105_/CLK (sky130_fd_sc_hd__dfxtp_2)
                  0.17    0.42    0.42 ^ _105_/Q (sky130_fd_sc_hd__dfxtp_2)
     2    0.03                           mem[2][3] (net)
                  0.17    0.00    0.42 ^ _065_/A0 (sky130_fd_sc_hd__mux2_2)
                  0.09    0.21    0.63 ^ _065_/X (sky130_fd_sc_hd__mux2_2)
     1    0.01                           _029_ (net)
                  0.09    0.00    0.64 ^ _066_/A (sky130_fd_sc_hd__buf_1)
                  0.05    0.09    0.72 ^ _066_/X (sky130_fd_sc_hd__buf_1)
     1    0.00                           _007_ (net)
                  0.05    0.00    0.72 ^ _105_/D (sky130_fd_sc_hd__dfxtp_2)
                                  0.72   data arrival time

                  0.15    0.00    0.00   clock clk (rise edge)
                          0.00    0.00   clock network delay (ideal)
                          0.25    0.25   clock uncertainty
                          0.00    0.25   clock reconvergence pessimism
                                  0.25 ^ _105_/CLK (sky130_fd_sc_hd__dfxtp_2)
                         -0.02    0.23   library hold time
                                  0.23   data required time
-----------------------------------------------------------------------------
                                  0.23   data required time
                                 -0.72   data arrival time
-----------------------------------------------------------------------------
                                  0.49   slack (MET)


Startpoint: _104_ (rising edge-triggered flip-flop clocked by clk)
Endpoint: _104_ (rising edge-triggered flip-flop clocked by clk)
Path Group: clk
Path Type: min

Fanout     Cap    Slew   Delay    Time   Description
-----------------------------------------------------------------------------
                  0.15    0.00    0.00   clock clk (rise edge)
                          0.00    0.00   clock network delay (ideal)
                  0.15    0.00    0.00 ^ _104_/CLK (sky130_fd_sc_hd__dfxtp_2)
                  0.11    0.38    0.38 ^ _104_/Q (sky130_fd_sc_hd__dfxtp_2)
     2    0.02                           mem[2][2] (net)
                  0.11    0.00    0.38 ^ _063_/A0 (sky130_fd_sc_hd__mux2_2)
                  0.04    0.15    0.53 ^ _063_/X (sky130_fd_sc_hd__mux2_2)
     1    0.00                           _028_ (net)
                  0.04    0.00    0.53 ^ _064_/A (sky130_fd_sc_hd__buf_1)
                  0.19    0.17    0.70 ^ _064_/X (sky130_fd_sc_hd__buf_1)
     1    0.02                           _006_ (net)
                  0.19    0.00    0.70 ^ _104_/D (sky130_fd_sc_hd__dfxtp_2)
                                  0.70   data arrival time

                  0.15    0.00    0.00   clock clk (rise edge)
                          0.00    0.00   clock network delay (ideal)
                          0.25    0.25   clock uncertainty
                          0.00    0.25   clock reconvergence pessimism
                                  0.25 ^ _104_/CLK (sky130_fd_sc_hd__dfxtp_2)
                         -0.05    0.20   library hold time
                                  0.20   data required time
-----------------------------------------------------------------------------
                                  0.20   data required time
                                 -0.70   data arrival time
-----------------------------------------------------------------------------
                                  0.50   slack (MET)


Startpoint: _098_ (rising edge-triggered flip-flop clocked by clk)
Endpoint: _098_ (rising edge-triggered flip-flop clocked by clk)
Path Group: clk
Path Type: min

Fanout     Cap    Slew   Delay    Time   Description
-----------------------------------------------------------------------------
                  0.15    0.00    0.00   clock clk (rise edge)
                          0.00    0.00   clock network delay (ideal)
                  0.15    0.00    0.00 ^ _098_/CLK (sky130_fd_sc_hd__dfxtp_2)
                  0.12    0.39    0.39 ^ _098_/Q (sky130_fd_sc_hd__dfxtp_2)
     2    0.02                           mem[0][0] (net)
                  0.12    0.00    0.39 ^ _050_/A0 (sky130_fd_sc_hd__mux2_2)
                  0.06    0.17    0.56 ^ _050_/X (sky130_fd_sc_hd__mux2_2)
     1    0.01                           _021_ (net)
                  0.06    0.00    0.56 ^ _051_/A (sky130_fd_sc_hd__buf_1)
                  0.17    0.16    0.73 ^ _051_/X (sky130_fd_sc_hd__buf_1)
     1    0.01                           _000_ (net)
                  0.17    0.00    0.73 ^ _098_/D (sky130_fd_sc_hd__dfxtp_2)
                                  0.73   data arrival time

                  0.15    0.00    0.00   clock clk (rise edge)
                          0.00    0.00   clock network delay (ideal)
                          0.25    0.25   clock uncertainty
                          0.00    0.25   clock reconvergence pessimism
                                  0.25 ^ _098_/CLK (sky130_fd_sc_hd__dfxtp_2)
                         -0.04    0.21   library hold time
                                  0.21   data required time
-----------------------------------------------------------------------------
                                  0.21   data required time
                                 -0.73   data arrival time
-----------------------------------------------------------------------------
                                  0.52   slack (MET)


min_report_end
max_report

===========================================================================
report_checks -path_delay max (Setup)
============================================================================
Startpoint: enb (input port clocked by clk)
Endpoint: _114_ (rising edge-triggered flip-flop clocked by clk)
Path Group: clk
Path Type: max

Fanout     Cap    Slew   Delay    Time   Description
-----------------------------------------------------------------------------
                  0.15    0.00    0.00   clock clk (rise edge)
                          0.00    0.00   clock network delay (ideal)
                          2.00    2.00 ^ input external delay
                  0.88    0.77    2.77 ^ enb (in)
     5    0.20                           enb (net)
                  0.96    0.00    2.77 ^ _089_/A (sky130_fd_sc_hd__and4_2)
                  0.23    0.58    3.34 ^ _089_/X (sky130_fd_sc_hd__and4_2)
     4    0.04                           _044_ (net)
                  0.23    0.00    3.35 ^ _090_/S (sky130_fd_sc_hd__mux2_2)
                  0.06    0.41    3.75 v _090_/X (sky130_fd_sc_hd__mux2_2)
     1    0.01                           _045_ (net)
                  0.06    0.00    3.75 v _091_/A (sky130_fd_sc_hd__buf_1)
                  0.11    0.17    3.92 v _091_/X (sky130_fd_sc_hd__buf_1)
     1    0.02                           _016_ (net)
                  0.11    0.00    3.93 v _114_/D (sky130_fd_sc_hd__dfxtp_2)
                                  3.93   data arrival time

                  0.15   10.00   10.00   clock clk (rise edge)
                          0.00   10.00   clock network delay (ideal)
                         -0.25    9.75   clock uncertainty
                          0.00    9.75   clock reconvergence pessimism
                                  9.75 ^ _114_/CLK (sky130_fd_sc_hd__dfxtp_2)
                         -0.12    9.63   library setup time
                                  9.63   data required time
-----------------------------------------------------------------------------
                                  9.63   data required time
                                 -3.93   data arrival time
-----------------------------------------------------------------------------
                                  5.71   slack (MET)


Startpoint: enb (input port clocked by clk)
Endpoint: _102_ (rising edge-triggered flip-flop clocked by clk)
Path Group: clk
Path Type: max

Fanout     Cap    Slew   Delay    Time   Description
-----------------------------------------------------------------------------
                  0.15    0.00    0.00   clock clk (rise edge)
                          0.00    0.00   clock network delay (ideal)
                          2.00    2.00 ^ input external delay
                  0.88    0.77    2.77 ^ enb (in)
     5    0.20                           enb (net)
                  0.96    0.00    2.77 ^ _058_/C (sky130_fd_sc_hd__and4b_2)
                  0.23    0.55    3.31 ^ _058_/X (sky130_fd_sc_hd__and4b_2)
     4    0.04                           _025_ (net)
                  0.23    0.00    3.32 ^ _059_/S (sky130_fd_sc_hd__mux2_2)
                  0.07    0.42    3.74 v _059_/X (sky130_fd_sc_hd__mux2_2)
     1    0.01                           _026_ (net)
                  0.07    0.00    3.74 v _060_/A (sky130_fd_sc_hd__buf_1)
                  0.12    0.18    3.92 v _060_/X (sky130_fd_sc_hd__buf_1)
     1    0.02                           _004_ (net)
                  0.12    0.00    3.92 v _102_/D (sky130_fd_sc_hd__dfxtp_2)
                                  3.92   data arrival time

                  0.15   10.00   10.00   clock clk (rise edge)
                          0.00   10.00   clock network delay (ideal)
                         -0.25    9.75   clock uncertainty
                          0.00    9.75   clock reconvergence pessimism
                                  9.75 ^ _102_/CLK (sky130_fd_sc_hd__dfxtp_2)
                         -0.12    9.63   library setup time
                                  9.63   data required time
-----------------------------------------------------------------------------
                                  9.63   data required time
                                 -3.92   data arrival time
-----------------------------------------------------------------------------
                                  5.71   slack (MET)


Startpoint: enb (input port clocked by clk)
Endpoint: _115_ (rising edge-triggered flip-flop clocked by clk)
Path Group: clk
Path Type: max

Fanout     Cap    Slew   Delay    Time   Description
-----------------------------------------------------------------------------
                  0.15    0.00    0.00   clock clk (rise edge)
                          0.00    0.00   clock network delay (ideal)
                          2.00    2.00 ^ input external delay
                  0.88    0.77    2.77 ^ enb (in)
     5    0.20                           enb (net)
                  0.96    0.00    2.77 ^ _089_/A (sky130_fd_sc_hd__and4_2)
                  0.23    0.58    3.34 ^ _089_/X (sky130_fd_sc_hd__and4_2)
     4    0.04                           _044_ (net)
                  0.23    0.00    3.35 ^ _092_/S (sky130_fd_sc_hd__mux2_2)
                  0.06    0.39    3.74 v _092_/X (sky130_fd_sc_hd__mux2_2)
     1    0.01                           _046_ (net)
                  0.06    0.00    3.74 v _093_/A (sky130_fd_sc_hd__buf_1)
                  0.11    0.17    3.91 v _093_/X (sky130_fd_sc_hd__buf_1)
     1    0.02                           _017_ (net)
                  0.11    0.00    3.91 v _115_/D (sky130_fd_sc_hd__dfxtp_2)
                                  3.91   data arrival time

                  0.15   10.00   10.00   clock clk (rise edge)
                          0.00   10.00   clock network delay (ideal)
                         -0.25    9.75   clock uncertainty
                          0.00    9.75   clock reconvergence pessimism
                                  9.75 ^ _115_/CLK (sky130_fd_sc_hd__dfxtp_2)
                         -0.12    9.63   library setup time
                                  9.63   data required time
-----------------------------------------------------------------------------
                                  9.63   data required time
                                 -3.91   data arrival time
-----------------------------------------------------------------------------
                                  5.73   slack (MET)


Startpoint: enb (input port clocked by clk)
Endpoint: _116_ (rising edge-triggered flip-flop clocked by clk)
Path Group: clk
Path Type: max

Fanout     Cap    Slew   Delay    Time   Description
-----------------------------------------------------------------------------
                  0.15    0.00    0.00   clock clk (rise edge)
                          0.00    0.00   clock network delay (ideal)
                          2.00    2.00 ^ input external delay
                  0.88    0.77    2.77 ^ enb (in)
     5    0.20                           enb (net)
                  0.96    0.00    2.77 ^ _089_/A (sky130_fd_sc_hd__and4_2)
                  0.23    0.58    3.34 ^ _089_/X (sky130_fd_sc_hd__and4_2)
     4    0.04                           _044_ (net)
                  0.23    0.00    3.35 ^ _094_/S (sky130_fd_sc_hd__mux2_2)
                  0.05    0.38    3.73 v _094_/X (sky130_fd_sc_hd__mux2_2)
     1    0.00                           _047_ (net)
                  0.05    0.00    3.73 v _095_/A (sky130_fd_sc_hd__buf_1)
                  0.12    0.17    3.90 v _095_/X (sky130_fd_sc_hd__buf_1)
     1    0.02                           _018_ (net)
                  0.12    0.00    3.90 v _116_/D (sky130_fd_sc_hd__dfxtp_2)
                                  3.90   data arrival time

                  0.15   10.00   10.00   clock clk (rise edge)
                          0.00   10.00   clock network delay (ideal)
                         -0.25    9.75   clock uncertainty
                          0.00    9.75   clock reconvergence pessimism
                                  9.75 ^ _116_/CLK (sky130_fd_sc_hd__dfxtp_2)
                         -0.12    9.63   library setup time
                                  9.63   data required time
-----------------------------------------------------------------------------
                                  9.63   data required time
                                 -3.90   data arrival time
-----------------------------------------------------------------------------
                                  5.73   slack (MET)


Startpoint: enb (input port clocked by clk)
Endpoint: _117_ (rising edge-triggered flip-flop clocked by clk)
Path Group: clk
Path Type: max

Fanout     Cap    Slew   Delay    Time   Description
-----------------------------------------------------------------------------
                  0.15    0.00    0.00   clock clk (rise edge)
                          0.00    0.00   clock network delay (ideal)
                          2.00    2.00 ^ input external delay
                  0.88    0.77    2.77 ^ enb (in)
     5    0.20                           enb (net)
                  0.96    0.00    2.77 ^ _089_/A (sky130_fd_sc_hd__and4_2)
                  0.23    0.58    3.34 ^ _089_/X (sky130_fd_sc_hd__and4_2)
     4    0.04                           _044_ (net)
                  0.23    0.01    3.35 ^ _096_/S (sky130_fd_sc_hd__mux2_2)
                  0.06    0.41    3.76 v _096_/X (sky130_fd_sc_hd__mux2_2)
     1    0.01                           _048_ (net)
                  0.06    0.00    3.76 v _097_/A (sky130_fd_sc_hd__buf_1)
                  0.07    0.14    3.90 v _097_/X (sky130_fd_sc_hd__buf_1)
     1    0.01                           _019_ (net)
                  0.07    0.00    3.90 v _117_/D (sky130_fd_sc_hd__dfxtp_2)
                                  3.90   data arrival time

                  0.15   10.00   10.00   clock clk (rise edge)
                          0.00   10.00   clock network delay (ideal)
                         -0.25    9.75   clock uncertainty
                          0.00    9.75   clock reconvergence pessimism
                                  9.75 ^ _117_/CLK (sky130_fd_sc_hd__dfxtp_2)
                         -0.10    9.65   library setup time
                                  9.65   data required time
-----------------------------------------------------------------------------
                                  9.65   data required time
                                 -3.90   data arrival time
-----------------------------------------------------------------------------
                                  5.75   slack (MET)


max_report_end
check_report

===========================================================================
report_checks -unconstrained
============================================================================
Startpoint: enb (input port clocked by clk)
Endpoint: _114_ (rising edge-triggered flip-flop clocked by clk)
Path Group: clk
Path Type: max

Fanout     Cap    Slew   Delay    Time   Description
-----------------------------------------------------------------------------
                  0.15    0.00    0.00   clock clk (rise edge)
                          0.00    0.00   clock network delay (ideal)
                          2.00    2.00 ^ input external delay
                  0.88    0.77    2.77 ^ enb (in)
     5    0.20                           enb (net)
                  0.96    0.00    2.77 ^ _089_/A (sky130_fd_sc_hd__and4_2)
                  0.23    0.58    3.34 ^ _089_/X (sky130_fd_sc_hd__and4_2)
     4    0.04                           _044_ (net)
                  0.23    0.00    3.35 ^ _090_/S (sky130_fd_sc_hd__mux2_2)
                  0.06    0.41    3.75 v _090_/X (sky130_fd_sc_hd__mux2_2)
     1    0.01                           _045_ (net)
                  0.06    0.00    3.75 v _091_/A (sky130_fd_sc_hd__buf_1)
                  0.11    0.17    3.92 v _091_/X (sky130_fd_sc_hd__buf_1)
     1    0.02                           _016_ (net)
                  0.11    0.00    3.93 v _114_/D (sky130_fd_sc_hd__dfxtp_2)
                                  3.93   data arrival time

                  0.15   10.00   10.00   clock clk (rise edge)
                          0.00   10.00   clock network delay (ideal)
                         -0.25    9.75   clock uncertainty
                          0.00    9.75   clock reconvergence pessimism
                                  9.75 ^ _114_/CLK (sky130_fd_sc_hd__dfxtp_2)
                         -0.12    9.63   library setup time
                                  9.63   data required time
-----------------------------------------------------------------------------
                                  9.63   data required time
                                 -3.93   data arrival time
-----------------------------------------------------------------------------
                                  5.71   slack (MET)



===========================================================================
report_checks --slack_max -0.01
============================================================================
No paths found.
check_report_end
parastic_annotation_check

===========================================================================
report_parasitic_annotation -report_unannotated
============================================================================
Found 69 unannotated nets.
 clk
 data[10]
 data[11]
 data[12]
 data[13]
 data[14]
 data[15]
 data[16]
 data[17]
 data[18]
 data[19]
 data[20]
 data[21]
 data[22]
 data[23]
 data[24]
 data[25]
 data[26]
 data[27]
 data[28]
 data[29]
 data[30]
 data[31]
 data[32]
 data[33]
 data[34]
 data[35]
 data[36]
 data[37]
 data[38]
 data[39]
 data[40]
 data[41]
 data[42]
 data[43]
 data[44]
 data[45]
 data[46]
 data[47]
 data[48]
 data[49]
 data[4]
 data[50]
 data[51]
 data[52]
 data[53]
 data[54]
 data[55]
 data[56]
 data[57]
 data[58]
 data[59]
 data[5]
 data[60]
 data[61]
 data[62]
 data[63]
 data[64]
 data[65]
 data[66]
 data[67]
 data[68]
 data[69]
 data[6]
 data[70]
 data[71]
 data[7]
 data[8]
 data[9]
Found 0 partially unannotated nets.
parastic_annotation_check
check_slew

===========================================================================
 report_check_types -max_slew -max_cap -max_fanout -violators
============================================================================

===========================================================================
max slew violation count 0
max fanout violation count 0
max cap violation count 0
============================================================================
check_slew_end
tns_report

===========================================================================
 report_tns
============================================================================
tns 0.00
tns_report_end
wns_report

===========================================================================
 report_wns
============================================================================
wns 0.00
wns_report_end
worst_slack

===========================================================================
 report_worst_slack -max (Setup)
============================================================================
worst slack 5.71

===========================================================================
 report_worst_slack -min (Hold)
============================================================================
worst slack 0.41
worst_slack_end
clock_skew

===========================================================================
 report_clock_skew
============================================================================
Clock clk
Latency      CRPR       Skew
_098_/CLK ^
   0.13
_098_/CLK ^
   0.11      0.00       0.01

clock_skew_end
power_report

===========================================================================
 report_power
============================================================================
Group                  Internal  Switching    Leakage      Total
                          Power      Power      Power      Power (Watts)
----------------------------------------------------------------
Sequential             8.74e-05   1.18e-05   1.69e-10   9.91e-05  77.8%
Combinational          1.22e-05   1.61e-05   3.22e-09   2.83e-05  22.2%
Macro                  0.00e+00   0.00e+00   0.00e+00   0.00e+00   0.0%
Pad                    0.00e+00   0.00e+00   0.00e+00   0.00e+00   0.0%
----------------------------------------------------------------
Total                  9.96e-05   2.79e-05   3.39e-09   1.27e-04 100.0%
                          78.1%      21.9%       0.0%
power_report_end
area_report

===========================================================================
 report_design_area
============================================================================
Design area 26841 u^2 2% utilization.
area_report_end
Setting global connections for newly added cells...
Writing OpenROAD database to /openlane/designs/dff_ram/runs/second_run/tmp/placement/8-global.odb...
Writing layout to /openlane/designs/dff_ram/runs/second_run/tmp/placement/8-global.def...
