OpenROAD 4f1108b6f558718ed142cbb6c1f5ba20958195ca 
This program is licensed under the BSD-3 license. See the LICENSE file for details.
Components of this program may be licensed under more restrictive licenses which must be honored.
[INFO]: Setting RC values...
[INFO RSZ-0027] Inserted 8 input buffers.
[INFO RSZ-0028] Inserted 4 output buffers.
[INFO RSZ-0058] Using max wire length 3048um.
[INFO RSZ-0039] Resized 72 instances.
[INFO RSZ-0042] Inserted 68 tie sky130_fd_sc_hd__conb_1 instances.
Placement Analysis
---------------------------------
total displacement        523.7 u
average displacement        0.0 u
max displacement           14.7 u
original HPWL           65247.6 u
legalized HPWL          65566.7 u
delta HPWL                    0 %

[INFO DPL-0020] Mirrored 75 instances
[INFO DPL-0021] HPWL before           65566.7 u
[INFO DPL-0022] HPWL after            65439.1 u
[INFO DPL-0023] HPWL delta               -0.2 %
Setting global connections for newly added cells...
Writing OpenROAD database to /openlane/designs/dff_ram/runs/second_run/tmp/placement/9-resizer.odb...
Writing netlist to /openlane/designs/dff_ram/runs/second_run/tmp/placement/9-resizer.nl.v...
Writing powered netlist to /openlane/designs/dff_ram/runs/second_run/tmp/placement/9-resizer.pnl.v...
Writing layout to /openlane/designs/dff_ram/runs/second_run/tmp/placement/9-resizer.def...
Writing timing constraints to /openlane/designs/dff_ram/runs/second_run/tmp/placement/9-resizer.sdc...
min_report

===========================================================================
report_checks -path_delay min (Hold)
============================================================================
Startpoint: _109_ (rising edge-triggered flip-flop clocked by clk)
Endpoint: _109_ (rising edge-triggered flip-flop clocked by clk)
Path Group: clk
Path Type: min

Fanout     Cap    Slew   Delay    Time   Description
-----------------------------------------------------------------------------
                  0.15    0.00    0.00   clock clk (rise edge)
                          0.00    0.00   clock network delay (ideal)
                  0.15    0.00    0.00 ^ _109_/CLK (sky130_fd_sc_hd__dfxtp_2)
                  0.13    0.40    0.40 ^ _109_/Q (sky130_fd_sc_hd__dfxtp_2)
     2    0.02                           mem[1][3] (net)
                  0.13    0.00    0.40 ^ _074_/A0 (sky130_fd_sc_hd__mux2_1)
                  0.05    0.14    0.54 ^ _074_/X (sky130_fd_sc_hd__mux2_1)
     1    0.00                           _034_ (net)
                  0.05    0.00    0.54 ^ _075_/A (sky130_fd_sc_hd__clkbuf_1)
                  0.05    0.08    0.62 ^ _075_/X (sky130_fd_sc_hd__clkbuf_1)
     1    0.00                           _011_ (net)
                  0.05    0.00    0.62 ^ _109_/D (sky130_fd_sc_hd__dfxtp_2)
                                  0.62   data arrival time

                  0.15    0.00    0.00   clock clk (rise edge)
                          0.00    0.00   clock network delay (ideal)
                          0.25    0.25   clock uncertainty
                          0.00    0.25   clock reconvergence pessimism
                                  0.25 ^ _109_/CLK (sky130_fd_sc_hd__dfxtp_2)
                         -0.02    0.23   library hold time
                                  0.23   data required time
-----------------------------------------------------------------------------
                                  0.23   data required time
                                 -0.62   data arrival time
-----------------------------------------------------------------------------
                                  0.39   slack (MET)


Startpoint: _107_ (rising edge-triggered flip-flop clocked by clk)
Endpoint: _107_ (rising edge-triggered flip-flop clocked by clk)
Path Group: clk
Path Type: min

Fanout     Cap    Slew   Delay    Time   Description
-----------------------------------------------------------------------------
                  0.15    0.00    0.00   clock clk (rise edge)
                          0.00    0.00   clock network delay (ideal)
                  0.15    0.00    0.00 ^ _107_/CLK (sky130_fd_sc_hd__dfxtp_2)
                  0.13    0.40    0.40 ^ _107_/Q (sky130_fd_sc_hd__dfxtp_2)
     2    0.02                           mem[1][1] (net)
                  0.13    0.00    0.40 ^ _070_/A0 (sky130_fd_sc_hd__mux2_1)
                  0.04    0.14    0.53 ^ _070_/X (sky130_fd_sc_hd__mux2_1)
     1    0.00                           _032_ (net)
                  0.04    0.00    0.53 ^ _071_/A (sky130_fd_sc_hd__clkbuf_2)
                  0.13    0.15    0.69 ^ _071_/X (sky130_fd_sc_hd__clkbuf_2)
     1    0.02                           _009_ (net)
                  0.13    0.00    0.69 ^ _107_/D (sky130_fd_sc_hd__dfxtp_2)
                                  0.69   data arrival time

                  0.15    0.00    0.00   clock clk (rise edge)
                          0.00    0.00   clock network delay (ideal)
                          0.25    0.25   clock uncertainty
                          0.00    0.25   clock reconvergence pessimism
                                  0.25 ^ _107_/CLK (sky130_fd_sc_hd__dfxtp_2)
                         -0.03    0.22   library hold time
                                  0.22   data required time
-----------------------------------------------------------------------------
                                  0.22   data required time
                                 -0.69   data arrival time
-----------------------------------------------------------------------------
                                  0.47   slack (MET)


Startpoint: _105_ (rising edge-triggered flip-flop clocked by clk)
Endpoint: _105_ (rising edge-triggered flip-flop clocked by clk)
Path Group: clk
Path Type: min

Fanout     Cap    Slew   Delay    Time   Description
-----------------------------------------------------------------------------
                  0.15    0.00    0.00   clock clk (rise edge)
                          0.00    0.00   clock network delay (ideal)
                  0.15    0.00    0.00 ^ _105_/CLK (sky130_fd_sc_hd__dfxtp_2)
                  0.16    0.42    0.42 ^ _105_/Q (sky130_fd_sc_hd__dfxtp_2)
     2    0.03                           mem[2][3] (net)
                  0.16    0.00    0.42 ^ _065_/A0 (sky130_fd_sc_hd__mux2_1)
                  0.13    0.21    0.63 ^ _065_/X (sky130_fd_sc_hd__mux2_1)
     1    0.01                           _029_ (net)
                  0.13    0.00    0.63 ^ _066_/A (sky130_fd_sc_hd__clkbuf_1)
                  0.05    0.10    0.73 ^ _066_/X (sky130_fd_sc_hd__clkbuf_1)
     1    0.00                           _007_ (net)
                  0.05    0.00    0.73 ^ _105_/D (sky130_fd_sc_hd__dfxtp_2)
                                  0.73   data arrival time

                  0.15    0.00    0.00   clock clk (rise edge)
                          0.00    0.00   clock network delay (ideal)
                          0.25    0.25   clock uncertainty
                          0.00    0.25   clock reconvergence pessimism
                                  0.25 ^ _105_/CLK (sky130_fd_sc_hd__dfxtp_2)
                         -0.02    0.23   library hold time
                                  0.23   data required time
-----------------------------------------------------------------------------
                                  0.23   data required time
                                 -0.73   data arrival time
-----------------------------------------------------------------------------
                                  0.50   slack (MET)


Startpoint: _101_ (rising edge-triggered flip-flop clocked by clk)
Endpoint: _101_ (rising edge-triggered flip-flop clocked by clk)
Path Group: clk
Path Type: min

Fanout     Cap    Slew   Delay    Time   Description
-----------------------------------------------------------------------------
                  0.15    0.00    0.00   clock clk (rise edge)
                          0.00    0.00   clock network delay (ideal)
                  0.15    0.00    0.00 ^ _101_/CLK (sky130_fd_sc_hd__dfxtp_1)
                  0.19    0.42    0.42 ^ _101_/Q (sky130_fd_sc_hd__dfxtp_1)
     2    0.02                           mem[0][3] (net)
                  0.19    0.00    0.42 ^ _056_/A0 (sky130_fd_sc_hd__mux2_1)
                  0.06    0.16    0.59 ^ _056_/X (sky130_fd_sc_hd__mux2_1)
     1    0.01                           _024_ (net)
                  0.06    0.00    0.59 ^ _057_/A (sky130_fd_sc_hd__clkbuf_1)
                  0.13    0.14    0.73 ^ _057_/X (sky130_fd_sc_hd__clkbuf_1)
     1    0.01                           _003_ (net)
                  0.13    0.00    0.73 ^ _101_/D (sky130_fd_sc_hd__dfxtp_1)
                                  0.73   data arrival time

                  0.15    0.00    0.00   clock clk (rise edge)
                          0.00    0.00   clock network delay (ideal)
                          0.25    0.25   clock uncertainty
                          0.00    0.25   clock reconvergence pessimism
                                  0.25 ^ _101_/CLK (sky130_fd_sc_hd__dfxtp_1)
                         -0.04    0.21   library hold time
                                  0.21   data required time
-----------------------------------------------------------------------------
                                  0.21   data required time
                                 -0.73   data arrival time
-----------------------------------------------------------------------------
                                  0.51   slack (MET)


Startpoint: _117_ (rising edge-triggered flip-flop clocked by clk)
Endpoint: _117_ (rising edge-triggered flip-flop clocked by clk)
Path Group: clk
Path Type: min

Fanout     Cap    Slew   Delay    Time   Description
-----------------------------------------------------------------------------
                  0.15    0.00    0.00   clock clk (rise edge)
                          0.00    0.00   clock network delay (ideal)
                  0.15    0.00    0.00 ^ _117_/CLK (sky130_fd_sc_hd__dfxtp_2)
                  0.15    0.41    0.41 ^ _117_/Q (sky130_fd_sc_hd__dfxtp_2)
     2    0.03                           mem[3][3] (net)
                  0.15    0.00    0.41 ^ _096_/A0 (sky130_fd_sc_hd__mux2_1)
                  0.08    0.18    0.59 ^ _096_/X (sky130_fd_sc_hd__mux2_1)
     1    0.01                           _048_ (net)
                  0.08    0.00    0.59 ^ _097_/A (sky130_fd_sc_hd__clkbuf_1)
                  0.14    0.15    0.74 ^ _097_/X (sky130_fd_sc_hd__clkbuf_1)
     1    0.01                           _019_ (net)
                  0.14    0.00    0.74 ^ _117_/D (sky130_fd_sc_hd__dfxtp_2)
                                  0.74   data arrival time

                  0.15    0.00    0.00   clock clk (rise edge)
                          0.00    0.00   clock network delay (ideal)
                          0.25    0.25   clock uncertainty
                          0.00    0.25   clock reconvergence pessimism
                                  0.25 ^ _117_/CLK (sky130_fd_sc_hd__dfxtp_2)
                         -0.04    0.21   library hold time
                                  0.21   data required time
-----------------------------------------------------------------------------
                                  0.21   data required time
                                 -0.74   data arrival time
-----------------------------------------------------------------------------
                                  0.52   slack (MET)


min_report_end
max_report

===========================================================================
report_checks -path_delay max (Setup)
============================================================================
Startpoint: addr[0] (input port clocked by clk)
Endpoint: _111_ (rising edge-triggered flip-flop clocked by clk)
Path Group: clk
Path Type: max

Fanout     Cap    Slew   Delay    Time   Description
-----------------------------------------------------------------------------
                  0.15    0.00    0.00   clock clk (rise edge)
                          0.00    0.00   clock network delay (ideal)
                          2.00    2.00 ^ input external delay
                  0.20    0.15    2.15 ^ addr[0] (in)
     1    0.04                           addr[0] (net)
                  0.20    0.00    2.15 ^ input1/A (sky130_fd_sc_hd__buf_12)
                  0.14    0.21    2.36 ^ input1/X (sky130_fd_sc_hd__buf_12)
     8    0.14                           net1 (net)
                  0.23    0.09    2.45 ^ _080_/S0 (sky130_fd_sc_hd__mux4_1)
                  0.11    0.64    3.10 v _080_/X (sky130_fd_sc_hd__mux4_1)
     1    0.01                           _038_ (net)
                  0.11    0.00    3.10 v _081_/A1 (sky130_fd_sc_hd__mux2_2)
                  0.11    0.38    3.47 v _081_/X (sky130_fd_sc_hd__mux2_2)
     1    0.03                           _039_ (net)
                  0.11    0.00    3.48 v _082_/A (sky130_fd_sc_hd__dlymetal6s2s_1)
                  0.10    0.23    3.71 v _082_/X (sky130_fd_sc_hd__dlymetal6s2s_1)
     1    0.02                           _013_ (net)
                  0.10    0.00    3.71 v _111_/D (sky130_fd_sc_hd__dfxtp_4)
                                  3.71   data arrival time

                  0.15   10.00   10.00   clock clk (rise edge)
                          0.00   10.00   clock network delay (ideal)
                         -0.25    9.75   clock uncertainty
                          0.00    9.75   clock reconvergence pessimism
                                  9.75 ^ _111_/CLK (sky130_fd_sc_hd__dfxtp_4)
                         -0.11    9.64   library setup time
                                  9.64   data required time
-----------------------------------------------------------------------------
                                  9.64   data required time
                                 -3.71   data arrival time
-----------------------------------------------------------------------------
                                  5.93   slack (MET)


Startpoint: addr[0] (input port clocked by clk)
Endpoint: _112_ (rising edge-triggered flip-flop clocked by clk)
Path Group: clk
Path Type: max

Fanout     Cap    Slew   Delay    Time   Description
-----------------------------------------------------------------------------
                  0.15    0.00    0.00   clock clk (rise edge)
                          0.00    0.00   clock network delay (ideal)
                          2.00    2.00 ^ input external delay
                  0.20    0.15    2.15 ^ addr[0] (in)
     1    0.04                           addr[0] (net)
                  0.20    0.00    2.15 ^ input1/A (sky130_fd_sc_hd__buf_12)
                  0.14    0.21    2.36 ^ input1/X (sky130_fd_sc_hd__buf_12)
     8    0.14                           net1 (net)
                  0.23    0.09    2.45 ^ _083_/S0 (sky130_fd_sc_hd__mux4_1)
                  0.08    0.60    3.05 v _083_/X (sky130_fd_sc_hd__mux4_1)
     1    0.00                           _040_ (net)
                  0.08    0.00    3.05 v _084_/A1 (sky130_fd_sc_hd__mux2_1)
                  0.10    0.38    3.44 v _084_/X (sky130_fd_sc_hd__mux2_1)
     1    0.01                           _041_ (net)
                  0.10    0.00    3.44 v _085_/A (sky130_fd_sc_hd__dlymetal6s2s_1)
                  0.08    0.21    3.65 v _085_/X (sky130_fd_sc_hd__dlymetal6s2s_1)
     1    0.01                           _014_ (net)
                  0.08    0.00    3.65 v _112_/D (sky130_fd_sc_hd__dfxtp_4)
                                  3.65   data arrival time

                  0.15   10.00   10.00   clock clk (rise edge)
                          0.00   10.00   clock network delay (ideal)
                         -0.25    9.75   clock uncertainty
                          0.00    9.75   clock reconvergence pessimism
                                  9.75 ^ _112_/CLK (sky130_fd_sc_hd__dfxtp_4)
                         -0.11    9.64   library setup time
                                  9.64   data required time
-----------------------------------------------------------------------------
                                  9.64   data required time
                                 -3.65   data arrival time
-----------------------------------------------------------------------------
                                  5.99   slack (MET)


Startpoint: addr[0] (input port clocked by clk)
Endpoint: _113_ (rising edge-triggered flip-flop clocked by clk)
Path Group: clk
Path Type: max

Fanout     Cap    Slew   Delay    Time   Description
-----------------------------------------------------------------------------
                  0.15    0.00    0.00   clock clk (rise edge)
                          0.00    0.00   clock network delay (ideal)
                          2.00    2.00 ^ input external delay
                  0.20    0.15    2.15 ^ addr[0] (in)
     1    0.04                           addr[0] (net)
                  0.20    0.00    2.15 ^ input1/A (sky130_fd_sc_hd__buf_12)
                  0.14    0.21    2.36 ^ input1/X (sky130_fd_sc_hd__buf_12)
     8    0.14                           net1 (net)
                  0.23    0.09    2.45 ^ _086_/S0 (sky130_fd_sc_hd__mux4_1)
                  0.12    0.67    3.12 v _086_/X (sky130_fd_sc_hd__mux4_1)
     1    0.01                           _042_ (net)
                  0.12    0.00    3.12 v _087_/A1 (sky130_fd_sc_hd__mux2_1)
                  0.08    0.37    3.49 v _087_/X (sky130_fd_sc_hd__mux2_1)
     1    0.01                           _043_ (net)
                  0.08    0.00    3.49 v _088_/A (sky130_fd_sc_hd__clkbuf_1)
                  0.06    0.14    3.63 v _088_/X (sky130_fd_sc_hd__clkbuf_1)
     1    0.01                           _015_ (net)
                  0.06    0.00    3.63 v _113_/D (sky130_fd_sc_hd__dfxtp_4)
                                  3.63   data arrival time

                  0.15   10.00   10.00   clock clk (rise edge)
                          0.00   10.00   clock network delay (ideal)
                         -0.25    9.75   clock uncertainty
                          0.00    9.75   clock reconvergence pessimism
                                  9.75 ^ _113_/CLK (sky130_fd_sc_hd__dfxtp_4)
                         -0.09    9.66   library setup time
                                  9.66   data required time
-----------------------------------------------------------------------------
                                  9.66   data required time
                                 -3.63   data arrival time
-----------------------------------------------------------------------------
                                  6.02   slack (MET)


Startpoint: addr[0] (input port clocked by clk)
Endpoint: _110_ (rising edge-triggered flip-flop clocked by clk)
Path Group: clk
Path Type: max

Fanout     Cap    Slew   Delay    Time   Description
-----------------------------------------------------------------------------
                  0.15    0.00    0.00   clock clk (rise edge)
                          0.00    0.00   clock network delay (ideal)
                          2.00    2.00 ^ input external delay
                  0.20    0.15    2.15 ^ addr[0] (in)
     1    0.04                           addr[0] (net)
                  0.20    0.00    2.15 ^ input1/A (sky130_fd_sc_hd__buf_12)
                  0.14    0.21    2.36 ^ input1/X (sky130_fd_sc_hd__buf_12)
     8    0.14                           net1 (net)
                  0.23    0.09    2.45 ^ _076_/S0 (sky130_fd_sc_hd__mux4_2)
                  0.12    0.63    3.08 v _076_/X (sky130_fd_sc_hd__mux4_2)
     1    0.02                           _035_ (net)
                  0.12    0.00    3.08 v _078_/A1 (sky130_fd_sc_hd__mux2_1)
                  0.10    0.39    3.48 v _078_/X (sky130_fd_sc_hd__mux2_1)
     1    0.01                           _037_ (net)
                  0.10    0.00    3.48 v _079_/A (sky130_fd_sc_hd__clkbuf_1)
                  0.05    0.14    3.61 v _079_/X (sky130_fd_sc_hd__clkbuf_1)
     1    0.01                           _012_ (net)
                  0.05    0.00    3.61 v _110_/D (sky130_fd_sc_hd__dfxtp_4)
                                  3.61   data arrival time

                  0.15   10.00   10.00   clock clk (rise edge)
                          0.00   10.00   clock network delay (ideal)
                         -0.25    9.75   clock uncertainty
                          0.00    9.75   clock reconvergence pessimism
                                  9.75 ^ _110_/CLK (sky130_fd_sc_hd__dfxtp_4)
                         -0.09    9.66   library setup time
                                  9.66   data required time
-----------------------------------------------------------------------------
                                  9.66   data required time
                                 -3.61   data arrival time
-----------------------------------------------------------------------------
                                  6.05   slack (MET)


Startpoint: enb (input port clocked by clk)
Endpoint: _098_ (rising edge-triggered flip-flop clocked by clk)
Path Group: clk
Path Type: max

Fanout     Cap    Slew   Delay    Time   Description
-----------------------------------------------------------------------------
                  0.15    0.00    0.00   clock clk (rise edge)
                          0.00    0.00   clock network delay (ideal)
                          2.00    2.00 ^ input external delay
                  0.20    0.15    2.15 ^ enb (in)
     1    0.04                           enb (net)
                  0.20    0.00    2.15 ^ input7/A (sky130_fd_sc_hd__buf_12)
                  0.16    0.23    2.38 ^ input7/X (sky130_fd_sc_hd__buf_12)
     5    0.17                           net7 (net)
                  0.30    0.13    2.51 ^ _049_/C (sky130_fd_sc_hd__and4bb_2)
                  0.18    0.41    2.92 ^ _049_/X (sky130_fd_sc_hd__and4bb_2)
     4    0.03                           _020_ (net)
                  0.18    0.00    2.92 ^ _050_/S (sky130_fd_sc_hd__mux2_1)
                  0.08    0.39    3.31 v _050_/X (sky130_fd_sc_hd__mux2_1)
     1    0.01                           _021_ (net)
                  0.08    0.00    3.31 v _051_/A (sky130_fd_sc_hd__dlymetal6s2s_1)
                  0.08    0.20    3.51 v _051_/X (sky130_fd_sc_hd__dlymetal6s2s_1)
     1    0.01                           _000_ (net)
                  0.08    0.00    3.51 v _098_/D (sky130_fd_sc_hd__dfxtp_1)
                                  3.51   data arrival time

                  0.15   10.00   10.00   clock clk (rise edge)
                          0.00   10.00   clock network delay (ideal)
                         -0.25    9.75   clock uncertainty
                          0.00    9.75   clock reconvergence pessimism
                                  9.75 ^ _098_/CLK (sky130_fd_sc_hd__dfxtp_1)
                         -0.10    9.65   library setup time
                                  9.65   data required time
-----------------------------------------------------------------------------
                                  9.65   data required time
                                 -3.51   data arrival time
-----------------------------------------------------------------------------
                                  6.14   slack (MET)


max_report_end
check_report

===========================================================================
report_checks -unconstrained
============================================================================
Startpoint: addr[0] (input port clocked by clk)
Endpoint: _111_ (rising edge-triggered flip-flop clocked by clk)
Path Group: clk
Path Type: max

Fanout     Cap    Slew   Delay    Time   Description
-----------------------------------------------------------------------------
                  0.15    0.00    0.00   clock clk (rise edge)
                          0.00    0.00   clock network delay (ideal)
                          2.00    2.00 ^ input external delay
                  0.20    0.15    2.15 ^ addr[0] (in)
     1    0.04                           addr[0] (net)
                  0.20    0.00    2.15 ^ input1/A (sky130_fd_sc_hd__buf_12)
                  0.14    0.21    2.36 ^ input1/X (sky130_fd_sc_hd__buf_12)
     8    0.14                           net1 (net)
                  0.23    0.09    2.45 ^ _080_/S0 (sky130_fd_sc_hd__mux4_1)
                  0.11    0.64    3.10 v _080_/X (sky130_fd_sc_hd__mux4_1)
     1    0.01                           _038_ (net)
                  0.11    0.00    3.10 v _081_/A1 (sky130_fd_sc_hd__mux2_2)
                  0.11    0.38    3.47 v _081_/X (sky130_fd_sc_hd__mux2_2)
     1    0.03                           _039_ (net)
                  0.11    0.00    3.48 v _082_/A (sky130_fd_sc_hd__dlymetal6s2s_1)
                  0.10    0.23    3.71 v _082_/X (sky130_fd_sc_hd__dlymetal6s2s_1)
     1    0.02                           _013_ (net)
                  0.10    0.00    3.71 v _111_/D (sky130_fd_sc_hd__dfxtp_4)
                                  3.71   data arrival time

                  0.15   10.00   10.00   clock clk (rise edge)
                          0.00   10.00   clock network delay (ideal)
                         -0.25    9.75   clock uncertainty
                          0.00    9.75   clock reconvergence pessimism
                                  9.75 ^ _111_/CLK (sky130_fd_sc_hd__dfxtp_4)
                         -0.11    9.64   library setup time
                                  9.64   data required time
-----------------------------------------------------------------------------
                                  9.64   data required time
                                 -3.71   data arrival time
-----------------------------------------------------------------------------
                                  5.93   slack (MET)



===========================================================================
report_checks --slack_max -0.01
============================================================================
No paths found.
check_report_end
parastic_annotation_check

===========================================================================
report_parasitic_annotation -report_unannotated
============================================================================
Found 69 unannotated nets.
 clk
 data[10]
 data[11]
 data[12]
 data[13]
 data[14]
 data[15]
 data[16]
 data[17]
 data[18]
 data[19]
 data[20]
 data[21]
 data[22]
 data[23]
 data[24]
 data[25]
 data[26]
 data[27]
 data[28]
 data[29]
 data[30]
 data[31]
 data[32]
 data[33]
 data[34]
 data[35]
 data[36]
 data[37]
 data[38]
 data[39]
 data[40]
 data[41]
 data[42]
 data[43]
 data[44]
 data[45]
 data[46]
 data[47]
 data[48]
 data[49]
 data[4]
 data[50]
 data[51]
 data[52]
 data[53]
 data[54]
 data[55]
 data[56]
 data[57]
 data[58]
 data[59]
 data[5]
 data[60]
 data[61]
 data[62]
 data[63]
 data[64]
 data[65]
 data[66]
 data[67]
 data[68]
 data[69]
 data[6]
 data[70]
 data[71]
 data[7]
 data[8]
 data[9]
Found 0 partially unannotated nets.
parastic_annotation_check
check_slew

===========================================================================
 report_check_types -max_slew -max_cap -max_fanout -violators
============================================================================

===========================================================================
max slew violation count 0
max fanout violation count 0
max cap violation count 0
============================================================================
check_slew_end
tns_report

===========================================================================
 report_tns
============================================================================
tns 0.00
tns_report_end
wns_report

===========================================================================
 report_wns
============================================================================
wns 0.00
wns_report_end
worst_slack

===========================================================================
 report_worst_slack -max (Setup)
============================================================================
worst slack 5.93

===========================================================================
 report_worst_slack -min (Hold)
============================================================================
worst slack 0.39
worst_slack_end
clock_skew

===========================================================================
 report_clock_skew
============================================================================
Clock clk
Latency      CRPR       Skew
_098_/CLK ^
   0.13
_098_/CLK ^
   0.11      0.00       0.01

clock_skew_end
power_report

===========================================================================
 report_power
============================================================================
Group                  Internal  Switching    Leakage      Total
                          Power      Power      Power      Power (Watts)
----------------------------------------------------------------
Sequential             8.64e-05   2.27e-05   1.70e-10   1.09e-04  66.5%
Combinational          2.03e-05   3.48e-05   3.42e-09   5.51e-05  33.5%
Macro                  0.00e+00   0.00e+00   0.00e+00   0.00e+00   0.0%
Pad                    0.00e+00   0.00e+00   0.00e+00   0.00e+00   0.0%
----------------------------------------------------------------
Total                  1.07e-04   5.75e-05   3.59e-09   1.64e-04 100.0%
                          65.0%      35.0%       0.0%
power_report_end
area_report

===========================================================================
 report_design_area
============================================================================
Design area 27093 u^2 2% utilization.
area_report_end
Setting global connections for newly added cells...
Writing OpenROAD database to /openlane/designs/dff_ram/runs/second_run/tmp/placement/9-resizer.odb...
Writing netlist to /openlane/designs/dff_ram/runs/second_run/tmp/placement/9-resizer.nl.v...
Writing powered netlist to /openlane/designs/dff_ram/runs/second_run/tmp/placement/9-resizer.pnl.v...
Writing layout to /openlane/designs/dff_ram/runs/second_run/tmp/placement/9-resizer.def...
Writing timing constraints to /openlane/designs/dff_ram/runs/second_run/tmp/placement/9-resizer.sdc...
