OpenROAD 4f1108b6f558718ed142cbb6c1f5ba20958195ca 
This program is licensed under the BSD-3 license. See the LICENSE file for details.
Components of this program may be licensed under more restrictive licenses which must be honored.
[INFO ODB-0222] Reading LEF file: /openlane/designs/dff_ram/runs/second_run/tmp/merged.nom.lef
[WARNING ODB-0220] WARNING (LEFPARS-2036): SOURCE statement is obsolete in version 5.6 and later.
The LEF parser will ignore this statement.
To avoid this warning in the future, remove this statement from the LEF file with version 5.6 or later. See file /openlane/designs/dff_ram/runs/second_run/tmp/merged.nom.lef at line 930.

[INFO ODB-0223]     Created 13 technology layers
[INFO ODB-0224]     Created 25 technology vias
[INFO ODB-0225]     Created 441 library cells
[INFO ODB-0226] Finished LEF file:  /openlane/designs/dff_ram/runs/second_run/tmp/merged.nom.lef
Reading netlist...
[INFO]: Setting output delay to: 2.0
[INFO]: Setting input delay to: 2.0
[INFO]: Setting load to: 0.033442
[INFO]: Setting clock uncertainty to: 0.25
[INFO]: Setting clock transition to: 0.15
[INFO]: Setting timing derate to: 0.5 %
min_report

===========================================================================
report_checks -path_delay min (Hold)
============================================================================
Startpoint: _102_ (rising edge-triggered flip-flop clocked by clk)
Endpoint: _102_ (rising edge-triggered flip-flop clocked by clk)
Path Group: clk
Path Type: min

Fanout     Cap    Slew   Delay    Time   Description
-----------------------------------------------------------------------------
                  0.15    0.00    0.00   clock clk (rise edge)
                          0.00    0.00   clock network delay (ideal)
                  0.15    0.00    0.00 ^ _102_/CLK (sky130_fd_sc_hd__dfxtp_2)
                  0.04    0.33    0.33 ^ _102_/Q (sky130_fd_sc_hd__dfxtp_2)
     2    0.00                           mem[2][0] (net)
                  0.04    0.00    0.33 ^ _059_/A0 (sky130_fd_sc_hd__mux2_2)
                  0.03    0.12    0.45 ^ _059_/X (sky130_fd_sc_hd__mux2_2)
     1    0.00                           _026_ (net)
                  0.03    0.00    0.45 ^ _060_/A (sky130_fd_sc_hd__buf_1)
                  0.03    0.06    0.51 ^ _060_/X (sky130_fd_sc_hd__buf_1)
     1    0.00                           _004_ (net)
                  0.03    0.00    0.51 ^ _102_/D (sky130_fd_sc_hd__dfxtp_2)
                                  0.51   data arrival time

                  0.15    0.00    0.00   clock clk (rise edge)
                          0.00    0.00   clock network delay (ideal)
                          0.25    0.25   clock uncertainty
                          0.00    0.25   clock reconvergence pessimism
                                  0.25 ^ _102_/CLK (sky130_fd_sc_hd__dfxtp_2)
                         -0.01    0.24   library hold time
                                  0.24   data required time
-----------------------------------------------------------------------------
                                  0.24   data required time
                                 -0.51   data arrival time
-----------------------------------------------------------------------------
                                  0.28   slack (MET)


Startpoint: _103_ (rising edge-triggered flip-flop clocked by clk)
Endpoint: _103_ (rising edge-triggered flip-flop clocked by clk)
Path Group: clk
Path Type: min

Fanout     Cap    Slew   Delay    Time   Description
-----------------------------------------------------------------------------
                  0.15    0.00    0.00   clock clk (rise edge)
                          0.00    0.00   clock network delay (ideal)
                  0.15    0.00    0.00 ^ _103_/CLK (sky130_fd_sc_hd__dfxtp_2)
                  0.04    0.33    0.33 ^ _103_/Q (sky130_fd_sc_hd__dfxtp_2)
     2    0.00                           mem[2][1] (net)
                  0.04    0.00    0.33 ^ _061_/A0 (sky130_fd_sc_hd__mux2_2)
                  0.03    0.12    0.45 ^ _061_/X (sky130_fd_sc_hd__mux2_2)
     1    0.00                           _027_ (net)
                  0.03    0.00    0.45 ^ _062_/A (sky130_fd_sc_hd__buf_1)
                  0.03    0.06    0.51 ^ _062_/X (sky130_fd_sc_hd__buf_1)
     1    0.00                           _005_ (net)
                  0.03    0.00    0.51 ^ _103_/D (sky130_fd_sc_hd__dfxtp_2)
                                  0.51   data arrival time

                  0.15    0.00    0.00   clock clk (rise edge)
                          0.00    0.00   clock network delay (ideal)
                          0.25    0.25   clock uncertainty
                          0.00    0.25   clock reconvergence pessimism
                                  0.25 ^ _103_/CLK (sky130_fd_sc_hd__dfxtp_2)
                         -0.01    0.24   library hold time
                                  0.24   data required time
-----------------------------------------------------------------------------
                                  0.24   data required time
                                 -0.51   data arrival time
-----------------------------------------------------------------------------
                                  0.28   slack (MET)


Startpoint: _104_ (rising edge-triggered flip-flop clocked by clk)
Endpoint: _104_ (rising edge-triggered flip-flop clocked by clk)
Path Group: clk
Path Type: min

Fanout     Cap    Slew   Delay    Time   Description
-----------------------------------------------------------------------------
                  0.15    0.00    0.00   clock clk (rise edge)
                          0.00    0.00   clock network delay (ideal)
                  0.15    0.00    0.00 ^ _104_/CLK (sky130_fd_sc_hd__dfxtp_2)
                  0.04    0.33    0.33 ^ _104_/Q (sky130_fd_sc_hd__dfxtp_2)
     2    0.00                           mem[2][2] (net)
                  0.04    0.00    0.33 ^ _063_/A0 (sky130_fd_sc_hd__mux2_2)
                  0.03    0.12    0.45 ^ _063_/X (sky130_fd_sc_hd__mux2_2)
     1    0.00                           _028_ (net)
                  0.03    0.00    0.45 ^ _064_/A (sky130_fd_sc_hd__buf_1)
                  0.03    0.06    0.51 ^ _064_/X (sky130_fd_sc_hd__buf_1)
     1    0.00                           _006_ (net)
                  0.03    0.00    0.51 ^ _104_/D (sky130_fd_sc_hd__dfxtp_2)
                                  0.51   data arrival time

                  0.15    0.00    0.00   clock clk (rise edge)
                          0.00    0.00   clock network delay (ideal)
                          0.25    0.25   clock uncertainty
                          0.00    0.25   clock reconvergence pessimism
                                  0.25 ^ _104_/CLK (sky130_fd_sc_hd__dfxtp_2)
                         -0.01    0.24   library hold time
                                  0.24   data required time
-----------------------------------------------------------------------------
                                  0.24   data required time
                                 -0.51   data arrival time
-----------------------------------------------------------------------------
                                  0.28   slack (MET)


Startpoint: _105_ (rising edge-triggered flip-flop clocked by clk)
Endpoint: _105_ (rising edge-triggered flip-flop clocked by clk)
Path Group: clk
Path Type: min

Fanout     Cap    Slew   Delay    Time   Description
-----------------------------------------------------------------------------
                  0.15    0.00    0.00   clock clk (rise edge)
                          0.00    0.00   clock network delay (ideal)
                  0.15    0.00    0.00 ^ _105_/CLK (sky130_fd_sc_hd__dfxtp_2)
                  0.04    0.33    0.33 ^ _105_/Q (sky130_fd_sc_hd__dfxtp_2)
     2    0.00                           mem[2][3] (net)
                  0.04    0.00    0.33 ^ _065_/A0 (sky130_fd_sc_hd__mux2_2)
                  0.03    0.12    0.45 ^ _065_/X (sky130_fd_sc_hd__mux2_2)
     1    0.00                           _029_ (net)
                  0.03    0.00    0.45 ^ _066_/A (sky130_fd_sc_hd__buf_1)
                  0.03    0.06    0.51 ^ _066_/X (sky130_fd_sc_hd__buf_1)
     1    0.00                           _007_ (net)
                  0.03    0.00    0.51 ^ _105_/D (sky130_fd_sc_hd__dfxtp_2)
                                  0.51   data arrival time

                  0.15    0.00    0.00   clock clk (rise edge)
                          0.00    0.00   clock network delay (ideal)
                          0.25    0.25   clock uncertainty
                          0.00    0.25   clock reconvergence pessimism
                                  0.25 ^ _105_/CLK (sky130_fd_sc_hd__dfxtp_2)
                         -0.01    0.24   library hold time
                                  0.24   data required time
-----------------------------------------------------------------------------
                                  0.24   data required time
                                 -0.51   data arrival time
-----------------------------------------------------------------------------
                                  0.28   slack (MET)


Startpoint: _114_ (rising edge-triggered flip-flop clocked by clk)
Endpoint: _114_ (rising edge-triggered flip-flop clocked by clk)
Path Group: clk
Path Type: min

Fanout     Cap    Slew   Delay    Time   Description
-----------------------------------------------------------------------------
                  0.15    0.00    0.00   clock clk (rise edge)
                          0.00    0.00   clock network delay (ideal)
                  0.15    0.00    0.00 ^ _114_/CLK (sky130_fd_sc_hd__dfxtp_2)
                  0.04    0.33    0.33 ^ _114_/Q (sky130_fd_sc_hd__dfxtp_2)
     2    0.00                           mem[3][0] (net)
                  0.04    0.00    0.33 ^ _090_/A0 (sky130_fd_sc_hd__mux2_2)
                  0.03    0.12    0.45 ^ _090_/X (sky130_fd_sc_hd__mux2_2)
     1    0.00                           _045_ (net)
                  0.03    0.00    0.45 ^ _091_/A (sky130_fd_sc_hd__buf_1)
                  0.03    0.06    0.51 ^ _091_/X (sky130_fd_sc_hd__buf_1)
     1    0.00                           _016_ (net)
                  0.03    0.00    0.51 ^ _114_/D (sky130_fd_sc_hd__dfxtp_2)
                                  0.51   data arrival time

                  0.15    0.00    0.00   clock clk (rise edge)
                          0.00    0.00   clock network delay (ideal)
                          0.25    0.25   clock uncertainty
                          0.00    0.25   clock reconvergence pessimism
                                  0.25 ^ _114_/CLK (sky130_fd_sc_hd__dfxtp_2)
                         -0.01    0.24   library hold time
                                  0.24   data required time
-----------------------------------------------------------------------------
                                  0.24   data required time
                                 -0.51   data arrival time
-----------------------------------------------------------------------------
                                  0.28   slack (MET)


min_report_end
max_report

===========================================================================
report_checks -path_delay max (Setup)
============================================================================
Startpoint: addr[0] (input port clocked by clk)
Endpoint: _110_ (rising edge-triggered flip-flop clocked by clk)
Path Group: clk
Path Type: max

Fanout     Cap    Slew   Delay    Time   Description
-----------------------------------------------------------------------------
                  0.15    0.00    0.00   clock clk (rise edge)
                          0.00    0.00   clock network delay (ideal)
                          2.00    2.00 ^ input external delay
                  0.14    0.10    2.10 ^ addr[0] (in)
     8    0.03                           addr[0] (net)
                  0.14    0.00    2.10 ^ _076_/S0 (sky130_fd_sc_hd__mux4_2)
                  0.07    0.52    2.62 v _076_/X (sky130_fd_sc_hd__mux4_2)
     1    0.00                           _035_ (net)
                  0.07    0.00    2.62 v _078_/A1 (sky130_fd_sc_hd__mux2_2)
                  0.05    0.28    2.90 v _078_/X (sky130_fd_sc_hd__mux2_2)
     1    0.00                           _037_ (net)
                  0.05    0.00    2.90 v _079_/A (sky130_fd_sc_hd__buf_1)
                  0.02    0.09    2.98 v _079_/X (sky130_fd_sc_hd__buf_1)
     1    0.00                           _012_ (net)
                  0.02    0.00    2.98 v _110_/D (sky130_fd_sc_hd__dfxtp_2)
                                  2.98   data arrival time

                  0.15   10.00   10.00   clock clk (rise edge)
                          0.00   10.00   clock network delay (ideal)
                         -0.25    9.75   clock uncertainty
                          0.00    9.75   clock reconvergence pessimism
                                  9.75 ^ _110_/CLK (sky130_fd_sc_hd__dfxtp_2)
                         -0.08    9.67   library setup time
                                  9.67   data required time
-----------------------------------------------------------------------------
                                  9.67   data required time
                                 -2.98   data arrival time
-----------------------------------------------------------------------------
                                  6.69   slack (MET)


Startpoint: addr[0] (input port clocked by clk)
Endpoint: _111_ (rising edge-triggered flip-flop clocked by clk)
Path Group: clk
Path Type: max

Fanout     Cap    Slew   Delay    Time   Description
-----------------------------------------------------------------------------
                  0.15    0.00    0.00   clock clk (rise edge)
                          0.00    0.00   clock network delay (ideal)
                          2.00    2.00 ^ input external delay
                  0.14    0.10    2.10 ^ addr[0] (in)
     8    0.03                           addr[0] (net)
                  0.14    0.00    2.10 ^ _080_/S0 (sky130_fd_sc_hd__mux4_2)
                  0.07    0.52    2.62 v _080_/X (sky130_fd_sc_hd__mux4_2)
     1    0.00                           _038_ (net)
                  0.07    0.00    2.62 v _081_/A1 (sky130_fd_sc_hd__mux2_2)
                  0.05    0.28    2.90 v _081_/X (sky130_fd_sc_hd__mux2_2)
     1    0.00                           _039_ (net)
                  0.05    0.00    2.90 v _082_/A (sky130_fd_sc_hd__buf_1)
                  0.02    0.09    2.98 v _082_/X (sky130_fd_sc_hd__buf_1)
     1    0.00                           _013_ (net)
                  0.02    0.00    2.98 v _111_/D (sky130_fd_sc_hd__dfxtp_2)
                                  2.98   data arrival time

                  0.15   10.00   10.00   clock clk (rise edge)
                          0.00   10.00   clock network delay (ideal)
                         -0.25    9.75   clock uncertainty
                          0.00    9.75   clock reconvergence pessimism
                                  9.75 ^ _111_/CLK (sky130_fd_sc_hd__dfxtp_2)
                         -0.08    9.67   library setup time
                                  9.67   data required time
-----------------------------------------------------------------------------
                                  9.67   data required time
                                 -2.98   data arrival time
-----------------------------------------------------------------------------
                                  6.69   slack (MET)


Startpoint: addr[0] (input port clocked by clk)
Endpoint: _112_ (rising edge-triggered flip-flop clocked by clk)
Path Group: clk
Path Type: max

Fanout     Cap    Slew   Delay    Time   Description
-----------------------------------------------------------------------------
                  0.15    0.00    0.00   clock clk (rise edge)
                          0.00    0.00   clock network delay (ideal)
                          2.00    2.00 ^ input external delay
                  0.14    0.10    2.10 ^ addr[0] (in)
     8    0.03                           addr[0] (net)
                  0.14    0.00    2.10 ^ _083_/S0 (sky130_fd_sc_hd__mux4_2)
                  0.07    0.52    2.62 v _083_/X (sky130_fd_sc_hd__mux4_2)
     1    0.00                           _040_ (net)
                  0.07    0.00    2.62 v _084_/A1 (sky130_fd_sc_hd__mux2_2)
                  0.05    0.28    2.90 v _084_/X (sky130_fd_sc_hd__mux2_2)
     1    0.00                           _041_ (net)
                  0.05    0.00    2.90 v _085_/A (sky130_fd_sc_hd__buf_1)
                  0.02    0.09    2.98 v _085_/X (sky130_fd_sc_hd__buf_1)
     1    0.00                           _014_ (net)
                  0.02    0.00    2.98 v _112_/D (sky130_fd_sc_hd__dfxtp_2)
                                  2.98   data arrival time

                  0.15   10.00   10.00   clock clk (rise edge)
                          0.00   10.00   clock network delay (ideal)
                         -0.25    9.75   clock uncertainty
                          0.00    9.75   clock reconvergence pessimism
                                  9.75 ^ _112_/CLK (sky130_fd_sc_hd__dfxtp_2)
                         -0.08    9.67   library setup time
                                  9.67   data required time
-----------------------------------------------------------------------------
                                  9.67   data required time
                                 -2.98   data arrival time
-----------------------------------------------------------------------------
                                  6.69   slack (MET)


Startpoint: addr[0] (input port clocked by clk)
Endpoint: _113_ (rising edge-triggered flip-flop clocked by clk)
Path Group: clk
Path Type: max

Fanout     Cap    Slew   Delay    Time   Description
-----------------------------------------------------------------------------
                  0.15    0.00    0.00   clock clk (rise edge)
                          0.00    0.00   clock network delay (ideal)
                          2.00    2.00 ^ input external delay
                  0.14    0.10    2.10 ^ addr[0] (in)
     8    0.03                           addr[0] (net)
                  0.14    0.00    2.10 ^ _086_/S0 (sky130_fd_sc_hd__mux4_2)
                  0.07    0.52    2.62 v _086_/X (sky130_fd_sc_hd__mux4_2)
     1    0.00                           _042_ (net)
                  0.07    0.00    2.62 v _087_/A1 (sky130_fd_sc_hd__mux2_2)
                  0.05    0.28    2.90 v _087_/X (sky130_fd_sc_hd__mux2_2)
     1    0.00                           _043_ (net)
                  0.05    0.00    2.90 v _088_/A (sky130_fd_sc_hd__buf_1)
                  0.02    0.09    2.98 v _088_/X (sky130_fd_sc_hd__buf_1)
     1    0.00                           _015_ (net)
                  0.02    0.00    2.98 v _113_/D (sky130_fd_sc_hd__dfxtp_2)
                                  2.98   data arrival time

                  0.15   10.00   10.00   clock clk (rise edge)
                          0.00   10.00   clock network delay (ideal)
                         -0.25    9.75   clock uncertainty
                          0.00    9.75   clock reconvergence pessimism
                                  9.75 ^ _113_/CLK (sky130_fd_sc_hd__dfxtp_2)
                         -0.08    9.67   library setup time
                                  9.67   data required time
-----------------------------------------------------------------------------
                                  9.67   data required time
                                 -2.98   data arrival time
-----------------------------------------------------------------------------
                                  6.69   slack (MET)


Startpoint: addr[0] (input port clocked by clk)
Endpoint: _098_ (rising edge-triggered flip-flop clocked by clk)
Path Group: clk
Path Type: max

Fanout     Cap    Slew   Delay    Time   Description
-----------------------------------------------------------------------------
                  0.15    0.00    0.00   clock clk (rise edge)
                          0.00    0.00   clock network delay (ideal)
                          2.00    2.00 v input external delay
                  0.06    0.04    2.04 v addr[0] (in)
     8    0.03                           addr[0] (net)
                  0.06    0.00    2.04 v _049_/A_N (sky130_fd_sc_hd__and4bb_2)
                  0.11    0.35    2.40 ^ _049_/X (sky130_fd_sc_hd__and4bb_2)
     4    0.01                           _020_ (net)
                  0.11    0.00    2.40 ^ _050_/S (sky130_fd_sc_hd__mux2_2)
                  0.05    0.35    2.75 v _050_/X (sky130_fd_sc_hd__mux2_2)
     1    0.00                           _021_ (net)
                  0.05    0.00    2.75 v _051_/A (sky130_fd_sc_hd__buf_1)
                  0.02    0.09    2.83 v _051_/X (sky130_fd_sc_hd__buf_1)
     1    0.00                           _000_ (net)
                  0.02    0.00    2.83 v _098_/D (sky130_fd_sc_hd__dfxtp_2)
                                  2.83   data arrival time

                  0.15   10.00   10.00   clock clk (rise edge)
                          0.00   10.00   clock network delay (ideal)
                         -0.25    9.75   clock uncertainty
                          0.00    9.75   clock reconvergence pessimism
                                  9.75 ^ _098_/CLK (sky130_fd_sc_hd__dfxtp_2)
                         -0.08    9.67   library setup time
                                  9.67   data required time
-----------------------------------------------------------------------------
                                  9.67   data required time
                                 -2.83   data arrival time
-----------------------------------------------------------------------------
                                  6.84   slack (MET)


max_report_end
check_report

===========================================================================
report_checks -unconstrained
============================================================================
Startpoint: addr[0] (input port clocked by clk)
Endpoint: _110_ (rising edge-triggered flip-flop clocked by clk)
Path Group: clk
Path Type: max

Fanout     Cap    Slew   Delay    Time   Description
-----------------------------------------------------------------------------
                  0.15    0.00    0.00   clock clk (rise edge)
                          0.00    0.00   clock network delay (ideal)
                          2.00    2.00 ^ input external delay
                  0.14    0.10    2.10 ^ addr[0] (in)
     8    0.03                           addr[0] (net)
                  0.14    0.00    2.10 ^ _076_/S0 (sky130_fd_sc_hd__mux4_2)
                  0.07    0.52    2.62 v _076_/X (sky130_fd_sc_hd__mux4_2)
     1    0.00                           _035_ (net)
                  0.07    0.00    2.62 v _078_/A1 (sky130_fd_sc_hd__mux2_2)
                  0.05    0.28    2.90 v _078_/X (sky130_fd_sc_hd__mux2_2)
     1    0.00                           _037_ (net)
                  0.05    0.00    2.90 v _079_/A (sky130_fd_sc_hd__buf_1)
                  0.02    0.09    2.98 v _079_/X (sky130_fd_sc_hd__buf_1)
     1    0.00                           _012_ (net)
                  0.02    0.00    2.98 v _110_/D (sky130_fd_sc_hd__dfxtp_2)
                                  2.98   data arrival time

                  0.15   10.00   10.00   clock clk (rise edge)
                          0.00   10.00   clock network delay (ideal)
                         -0.25    9.75   clock uncertainty
                          0.00    9.75   clock reconvergence pessimism
                                  9.75 ^ _110_/CLK (sky130_fd_sc_hd__dfxtp_2)
                         -0.08    9.67   library setup time
                                  9.67   data required time
-----------------------------------------------------------------------------
                                  9.67   data required time
                                 -2.98   data arrival time
-----------------------------------------------------------------------------
                                  6.69   slack (MET)



===========================================================================
report_checks --slack_max -0.01
============================================================================
No paths found.
check_report_end
parastic_annotation_check

===========================================================================
report_parasitic_annotation -report_unannotated
============================================================================
Found 214 unannotated nets.
 _000_
 _001_
 _002_
 _003_
 _004_
 _005_
 _006_
 _007_
 _008_
 _009_
 _010_
 _011_
 _012_
 _013_
 _014_
 _015_
 _016_
 _017_
 _018_
 _019_
 _020_
 _021_
 _022_
 _023_
 _024_
 _025_
 _026_
 _027_
 _028_
 _029_
 _030_
 _031_
 _032_
 _033_
 _034_
 _035_
 _036_
 _037_
 _038_
 _039_
 _040_
 _041_
 _042_
 _043_
 _044_
 _045_
 _046_
 _047_
 _048_
 addr[0]
 addr[1]
 clk
 data[0]
 data[10]
 data[11]
 data[12]
 data[13]
 data[14]
 data[15]
 data[16]
 data[17]
 data[18]
 data[19]
 data[1]
 data[20]
 data[21]
 data[22]
 data[23]
 data[24]
 data[25]
 data[26]
 data[27]
 data[28]
 data[29]
 data[2]
 data[30]
 data[31]
 data[32]
 data[33]
 data[34]
 data[35]
 data[36]
 data[37]
 data[38]
 data[39]
 data[3]
 data[40]
 data[41]
 data[42]
 data[43]
 data[44]
 data[45]
 data[46]
 data[47]
 data[48]
 data[49]
 data[4]
 data[50]
 data[51]
 data[52]
 data[53]
 data[54]
 data[55]
 data[56]
 data[57]
 data[58]
 data[59]
 data[5]
 data[60]
 data[61]
 data[62]
 data[63]
 data[64]
 data[65]
 data[66]
 data[67]
 data[68]
 data[69]
 data[6]
 data[70]
 data[71]
 data[7]
 data[8]
 data[9]
 enb
 mem\[0\]\[0\]
 mem\[0\]\[1\]
 mem\[0\]\[2\]
 mem\[0\]\[3\]
 mem\[1\]\[0\]
 mem\[1\]\[1\]
 mem\[1\]\[2\]
 mem\[1\]\[3\]
 mem\[2\]\[0\]
 mem\[2\]\[1\]
 mem\[2\]\[2\]
 mem\[2\]\[3\]
 mem\[3\]\[0\]
 mem\[3\]\[1\]
 mem\[3\]\[2\]
 mem\[3\]\[3\]
 r_data[0]
 r_data[10]
 r_data[11]
 r_data[12]
 r_data[13]
 r_data[14]
 r_data[15]
 r_data[16]
 r_data[17]
 r_data[18]
 r_data[19]
 r_data[1]
 r_data[20]
 r_data[21]
 r_data[22]
 r_data[23]
 r_data[24]
 r_data[25]
 r_data[26]
 r_data[27]
 r_data[28]
 r_data[29]
 r_data[2]
 r_data[30]
 r_data[31]
 r_data[32]
 r_data[33]
 r_data[34]
 r_data[35]
 r_data[36]
 r_data[37]
 r_data[38]
 r_data[39]
 r_data[3]
 r_data[40]
 r_data[41]
 r_data[42]
 r_data[43]
 r_data[44]
 r_data[45]
 r_data[46]
 r_data[47]
 r_data[48]
 r_data[49]
 r_data[4]
 r_data[50]
 r_data[51]
 r_data[52]
 r_data[53]
 r_data[54]
 r_data[55]
 r_data[56]
 r_data[57]
 r_data[58]
 r_data[59]
 r_data[5]
 r_data[60]
 r_data[61]
 r_data[62]
 r_data[63]
 r_data[64]
 r_data[65]
 r_data[66]
 r_data[67]
 r_data[68]
 r_data[69]
 r_data[6]
 r_data[70]
 r_data[71]
 r_data[7]
 r_data[8]
 r_data[9]
 wr
Found 0 partially unannotated nets.
parastic_annotation_check
check_slew

===========================================================================
 report_check_types -max_slew -max_cap -max_fanout -violators
============================================================================

===========================================================================
max slew violation count 0
max fanout violation count 0
max cap violation count 0
============================================================================
check_slew_end
tns_report

===========================================================================
 report_tns
============================================================================
tns 0.00
tns_report_end
wns_report

===========================================================================
 report_wns
============================================================================
wns 0.00
wns_report_end
worst_slack

===========================================================================
 report_worst_slack -max (Setup)
============================================================================
worst slack 6.69

===========================================================================
 report_worst_slack -min (Hold)
============================================================================
worst slack 0.28
worst_slack_end
clock_skew

===========================================================================
 report_clock_skew
============================================================================
Clock clk
Latency      CRPR       Skew
_098_/CLK ^
   0.13
_098_/CLK ^
   0.11      0.00       0.01

clock_skew_end
power_report

===========================================================================
 report_power
============================================================================
Group                  Internal  Switching    Leakage      Total
                          Power      Power      Power      Power (Watts)
----------------------------------------------------------------
Sequential             8.71e-05   5.19e-06   1.69e-10   9.23e-05  86.1%
Combinational          1.19e-05   3.06e-06   3.71e-10   1.50e-05  13.9%
Macro                  0.00e+00   0.00e+00   0.00e+00   0.00e+00   0.0%
Pad                    0.00e+00   0.00e+00   0.00e+00   0.00e+00   0.0%
----------------------------------------------------------------
Total                  9.90e-05   8.25e-06   5.40e-10   1.07e-04 100.0%
                          92.3%       7.7%       0.0%
power_report_end
area_report

===========================================================================
 report_design_area
============================================================================
Design area 1125 u^2 100% utilization.
area_report_end
[WARNING] Did not save OpenROAD database!
Writing SDF to /openlane/designs/dff_ram/runs/second_run/results/synthesis/dff_ram.sdf...
