
===========================================================================
report_checks -unconstrained
============================================================================
Startpoint: addr[0] (input port clocked by clk)
Endpoint: _125_ (rising edge-triggered flip-flop clocked by clk)
Path Group: clk
Path Type: max

Fanout     Cap    Slew   Delay    Time   Description
-----------------------------------------------------------------------------
                  0.15    0.00    0.00   clock clk (rise edge)
                          0.00    0.00   clock network delay (ideal)
                          2.00    2.00 ^ input external delay
                  0.17    0.12    2.12 ^ addr[0] (in)
     9    0.04                           addr[0] (net)
                  0.17    0.00    2.12 ^ _071_/S0 (sky130_fd_sc_hd__mux4_2)
                  0.07    0.53    2.64 v _071_/X (sky130_fd_sc_hd__mux4_2)
     1    0.00                           _041_ (net)
                  0.07    0.00    2.64 v _073_/A1 (sky130_fd_sc_hd__mux2_2)
                  0.05    0.28    2.92 v _073_/X (sky130_fd_sc_hd__mux2_2)
     1    0.00                           _043_ (net)
                  0.05    0.00    2.92 v _074_/A (sky130_fd_sc_hd__buf_1)
                  0.02    0.09    3.01 v _074_/X (sky130_fd_sc_hd__buf_1)
     1    0.00                           _005_ (net)
                  0.02    0.00    3.01 v _125_/D (sky130_fd_sc_hd__dfxtp_2)
                                  3.01   data arrival time

                  0.15   10.00   10.00   clock clk (rise edge)
                          0.00   10.00   clock network delay (ideal)
                         -0.25    9.75   clock uncertainty
                          0.00    9.75   clock reconvergence pessimism
                                  9.75 ^ _125_/CLK (sky130_fd_sc_hd__dfxtp_2)
                         -0.08    9.67   library setup time
                                  9.67   data required time
-----------------------------------------------------------------------------
                                  9.67   data required time
                                 -3.01   data arrival time
-----------------------------------------------------------------------------
                                  6.67   slack (MET)



===========================================================================
report_checks --slack_max -0.01
============================================================================
No paths found.
