
===========================================================================
report_checks -path_delay max (Setup)
============================================================================
Startpoint: addr[0] (input port clocked by clk)
Endpoint: _125_ (rising edge-triggered flip-flop clocked by clk)
Path Group: clk
Path Type: max

Fanout     Cap    Slew   Delay    Time   Description
-----------------------------------------------------------------------------
                  0.15    0.00    0.00   clock clk (rise edge)
                          0.00    0.00   clock network delay (ideal)
                          2.00    2.00 ^ input external delay
                  0.17    0.12    2.12 ^ addr[0] (in)
     9    0.04                           addr[0] (net)
                  0.17    0.00    2.12 ^ _071_/S0 (sky130_fd_sc_hd__mux4_2)
                  0.07    0.53    2.64 v _071_/X (sky130_fd_sc_hd__mux4_2)
     1    0.00                           _041_ (net)
                  0.07    0.00    2.64 v _073_/A1 (sky130_fd_sc_hd__mux2_2)
                  0.05    0.28    2.92 v _073_/X (sky130_fd_sc_hd__mux2_2)
     1    0.00                           _043_ (net)
                  0.05    0.00    2.92 v _074_/A (sky130_fd_sc_hd__buf_1)
                  0.02    0.09    3.01 v _074_/X (sky130_fd_sc_hd__buf_1)
     1    0.00                           _005_ (net)
                  0.02    0.00    3.01 v _125_/D (sky130_fd_sc_hd__dfxtp_2)
                                  3.01   data arrival time

                  0.15   10.00   10.00   clock clk (rise edge)
                          0.00   10.00   clock network delay (ideal)
                         -0.25    9.75   clock uncertainty
                          0.00    9.75   clock reconvergence pessimism
                                  9.75 ^ _125_/CLK (sky130_fd_sc_hd__dfxtp_2)
                         -0.08    9.67   library setup time
                                  9.67   data required time
-----------------------------------------------------------------------------
                                  9.67   data required time
                                 -3.01   data arrival time
-----------------------------------------------------------------------------
                                  6.67   slack (MET)


Startpoint: addr[0] (input port clocked by clk)
Endpoint: _126_ (rising edge-triggered flip-flop clocked by clk)
Path Group: clk
Path Type: max

Fanout     Cap    Slew   Delay    Time   Description
-----------------------------------------------------------------------------
                  0.15    0.00    0.00   clock clk (rise edge)
                          0.00    0.00   clock network delay (ideal)
                          2.00    2.00 ^ input external delay
                  0.17    0.12    2.12 ^ addr[0] (in)
     9    0.04                           addr[0] (net)
                  0.17    0.00    2.12 ^ _075_/S0 (sky130_fd_sc_hd__mux4_2)
                  0.07    0.53    2.64 v _075_/X (sky130_fd_sc_hd__mux4_2)
     1    0.00                           _044_ (net)
                  0.07    0.00    2.64 v _076_/A1 (sky130_fd_sc_hd__mux2_2)
                  0.05    0.28    2.92 v _076_/X (sky130_fd_sc_hd__mux2_2)
     1    0.00                           _045_ (net)
                  0.05    0.00    2.92 v _077_/A (sky130_fd_sc_hd__buf_1)
                  0.02    0.09    3.01 v _077_/X (sky130_fd_sc_hd__buf_1)
     1    0.00                           _006_ (net)
                  0.02    0.00    3.01 v _126_/D (sky130_fd_sc_hd__dfxtp_2)
                                  3.01   data arrival time

                  0.15   10.00   10.00   clock clk (rise edge)
                          0.00   10.00   clock network delay (ideal)
                         -0.25    9.75   clock uncertainty
                          0.00    9.75   clock reconvergence pessimism
                                  9.75 ^ _126_/CLK (sky130_fd_sc_hd__dfxtp_2)
                         -0.08    9.67   library setup time
                                  9.67   data required time
-----------------------------------------------------------------------------
                                  9.67   data required time
                                 -3.01   data arrival time
-----------------------------------------------------------------------------
                                  6.67   slack (MET)


Startpoint: addr[0] (input port clocked by clk)
Endpoint: _127_ (rising edge-triggered flip-flop clocked by clk)
Path Group: clk
Path Type: max

Fanout     Cap    Slew   Delay    Time   Description
-----------------------------------------------------------------------------
                  0.15    0.00    0.00   clock clk (rise edge)
                          0.00    0.00   clock network delay (ideal)
                          2.00    2.00 ^ input external delay
                  0.17    0.12    2.12 ^ addr[0] (in)
     9    0.04                           addr[0] (net)
                  0.17    0.00    2.12 ^ _078_/S0 (sky130_fd_sc_hd__mux4_2)
                  0.07    0.53    2.64 v _078_/X (sky130_fd_sc_hd__mux4_2)
     1    0.00                           _046_ (net)
                  0.07    0.00    2.64 v _079_/A1 (sky130_fd_sc_hd__mux2_2)
                  0.05    0.28    2.92 v _079_/X (sky130_fd_sc_hd__mux2_2)
     1    0.00                           _047_ (net)
                  0.05    0.00    2.92 v _080_/A (sky130_fd_sc_hd__buf_1)
                  0.02    0.09    3.01 v _080_/X (sky130_fd_sc_hd__buf_1)
     1    0.00                           _007_ (net)
                  0.02    0.00    3.01 v _127_/D (sky130_fd_sc_hd__dfxtp_2)
                                  3.01   data arrival time

                  0.15   10.00   10.00   clock clk (rise edge)
                          0.00   10.00   clock network delay (ideal)
                         -0.25    9.75   clock uncertainty
                          0.00    9.75   clock reconvergence pessimism
                                  9.75 ^ _127_/CLK (sky130_fd_sc_hd__dfxtp_2)
                         -0.08    9.67   library setup time
                                  9.67   data required time
-----------------------------------------------------------------------------
                                  9.67   data required time
                                 -3.01   data arrival time
-----------------------------------------------------------------------------
                                  6.67   slack (MET)


Startpoint: addr[0] (input port clocked by clk)
Endpoint: _128_ (rising edge-triggered flip-flop clocked by clk)
Path Group: clk
Path Type: max

Fanout     Cap    Slew   Delay    Time   Description
-----------------------------------------------------------------------------
                  0.15    0.00    0.00   clock clk (rise edge)
                          0.00    0.00   clock network delay (ideal)
                          2.00    2.00 ^ input external delay
                  0.17    0.12    2.12 ^ addr[0] (in)
     9    0.04                           addr[0] (net)
                  0.17    0.00    2.12 ^ _081_/S0 (sky130_fd_sc_hd__mux4_2)
                  0.07    0.53    2.64 v _081_/X (sky130_fd_sc_hd__mux4_2)
     1    0.00                           _048_ (net)
                  0.07    0.00    2.64 v _082_/A1 (sky130_fd_sc_hd__mux2_2)
                  0.05    0.28    2.92 v _082_/X (sky130_fd_sc_hd__mux2_2)
     1    0.00                           _049_ (net)
                  0.05    0.00    2.92 v _083_/A (sky130_fd_sc_hd__buf_1)
                  0.02    0.09    3.01 v _083_/X (sky130_fd_sc_hd__buf_1)
     1    0.00                           _008_ (net)
                  0.02    0.00    3.01 v _128_/D (sky130_fd_sc_hd__dfxtp_2)
                                  3.01   data arrival time

                  0.15   10.00   10.00   clock clk (rise edge)
                          0.00   10.00   clock network delay (ideal)
                         -0.25    9.75   clock uncertainty
                          0.00    9.75   clock reconvergence pessimism
                                  9.75 ^ _128_/CLK (sky130_fd_sc_hd__dfxtp_2)
                         -0.08    9.67   library setup time
                                  9.67   data required time
-----------------------------------------------------------------------------
                                  9.67   data required time
                                 -3.01   data arrival time
-----------------------------------------------------------------------------
                                  6.67   slack (MET)


Startpoint: addr[0] (input port clocked by clk)
Endpoint: _129_ (rising edge-triggered flip-flop clocked by clk)
Path Group: clk
Path Type: max

Fanout     Cap    Slew   Delay    Time   Description
-----------------------------------------------------------------------------
                  0.15    0.00    0.00   clock clk (rise edge)
                          0.00    0.00   clock network delay (ideal)
                          2.00    2.00 ^ input external delay
                  0.17    0.12    2.12 ^ addr[0] (in)
     9    0.04                           addr[0] (net)
                  0.17    0.00    2.12 ^ _084_/S0 (sky130_fd_sc_hd__mux4_2)
                  0.07    0.53    2.64 v _084_/X (sky130_fd_sc_hd__mux4_2)
     1    0.00                           _050_ (net)
                  0.07    0.00    2.64 v _085_/A1 (sky130_fd_sc_hd__mux2_2)
                  0.05    0.28    2.92 v _085_/X (sky130_fd_sc_hd__mux2_2)
     1    0.00                           _051_ (net)
                  0.05    0.00    2.92 v _086_/A (sky130_fd_sc_hd__buf_1)
                  0.02    0.09    3.01 v _086_/X (sky130_fd_sc_hd__buf_1)
     1    0.00                           _009_ (net)
                  0.02    0.00    3.01 v _129_/D (sky130_fd_sc_hd__dfxtp_2)
                                  3.01   data arrival time

                  0.15   10.00   10.00   clock clk (rise edge)
                          0.00   10.00   clock network delay (ideal)
                         -0.25    9.75   clock uncertainty
                          0.00    9.75   clock reconvergence pessimism
                                  9.75 ^ _129_/CLK (sky130_fd_sc_hd__dfxtp_2)
                         -0.08    9.67   library setup time
                                  9.67   data required time
-----------------------------------------------------------------------------
                                  9.67   data required time
                                 -3.01   data arrival time
-----------------------------------------------------------------------------
                                  6.67   slack (MET)


