OpenROAD 4f1108b6f558718ed142cbb6c1f5ba20958195ca 
This program is licensed under the BSD-3 license. See the LICENSE file for details.
Components of this program may be licensed under more restrictive licenses which must be honored.
Net: net3
  Pin: _059_/A1 (sky130_fd_sc_hd__mux2_1)
    Layer: met2
      Partial area ratio:   16.97
      Required ratio:    0.00 (Gate area) 
      Partial area ratio:   86.61
      Required ratio: 8529.20 (Side area) 
      Cumulative area ratio: 1200.33
      Required ratio:    0.00 (Cumulative area) 
      Cumulative area ratio: 6018.17
      Required ratio:    0.00 (Cumulative side area) 

    Layer: met1
      Partial area ratio:   57.04
      Required ratio:    0.00 (Gate area) 
      Partial area ratio:  286.78
      Required ratio:  400.00 (Side area) 
      Cumulative area ratio:   57.04
      Required ratio:    0.00 (Cumulative area) 
      Cumulative area ratio:  286.78
      Required ratio:    0.00 (Cumulative side area) 

    Layer: li1
      Partial area ratio:    0.00
      Required ratio:    0.00 (Gate area) 
      Partial area ratio:    0.00
      Required ratio:   75.00 (Side area) 
      Cumulative area ratio:    0.00
      Required ratio:    0.00 (Cumulative area) 
      Cumulative area ratio:    0.00
      Required ratio:    0.00 (Cumulative side area) 

    Via: M1M2_PR
      Partial area ratio:    0.36
      Required ratio:    6.00 (Gate area) 
      Cumulative area ratio:    0.59
      Required ratio:    0.00 (Cumulative area) 

    Via: L1M1_PR
      Partial area ratio:    0.23
      Required ratio:    3.00 (Gate area) 
      Cumulative area ratio:    0.23
      Required ratio:    0.00 (Cumulative area) 

  Pin: _090_/A1 (sky130_fd_sc_hd__mux2_1)
    Layer: met2
      Partial area ratio:   16.97
      Required ratio:    0.00 (Gate area) 
      Partial area ratio:   86.61
      Required ratio: 8529.20 (Side area) 
      Cumulative area ratio: 1200.33
      Required ratio:    0.00 (Cumulative area) 
      Cumulative area ratio: 6018.17
      Required ratio:    0.00 (Cumulative side area) 

    Layer: met1
      Partial area ratio:    0.00
      Required ratio:    0.00 (Gate area) 
      Partial area ratio:    0.00
      Required ratio:  400.00 (Side area) 
      Cumulative area ratio:    0.00
      Required ratio:    0.00 (Cumulative area) 
      Cumulative area ratio:    0.00
      Required ratio:    0.00 (Cumulative side area) 

    Layer: li1
      Partial area ratio:    0.00
      Required ratio:    0.00 (Gate area) 
      Partial area ratio:    0.00
      Required ratio:   75.00 (Side area) 
      Cumulative area ratio:    0.00
      Required ratio:    0.00 (Cumulative area) 
      Cumulative area ratio:    0.00
      Required ratio:    0.00 (Cumulative side area) 

    Via: M1M2_PR
      Partial area ratio:    0.18
      Required ratio:    6.00 (Gate area) 
      Cumulative area ratio:    0.41
      Required ratio:    0.00 (Cumulative area) 

    Via: L1M1_PR
      Partial area ratio:    0.23
      Required ratio:    3.00 (Gate area) 
      Cumulative area ratio:    0.23
      Required ratio:    0.00 (Cumulative area) 

  Pin: _068_/A1 (sky130_fd_sc_hd__mux2_1)
    Layer: met2
      Partial area ratio:   16.97
      Required ratio:    0.00 (Gate area) 
      Partial area ratio:   86.61
      Required ratio: 8529.20 (Side area) 
      Cumulative area ratio: 1143.28
      Required ratio:    0.00 (Cumulative area) 
      Cumulative area ratio: 5731.39
      Required ratio:    0.00 (Cumulative side area) 

    Layer: met1
      Partial area ratio:    0.00
      Required ratio:    0.00 (Gate area) 
      Partial area ratio:    0.00
      Required ratio:  400.00 (Side area) 
      Cumulative area ratio:    0.00
      Required ratio:    0.00 (Cumulative area) 
      Cumulative area ratio:    0.00
      Required ratio:    0.00 (Cumulative side area) 

    Layer: li1
      Partial area ratio:    0.00
      Required ratio:    0.00 (Gate area) 
      Partial area ratio:    0.00
      Required ratio:   75.00 (Side area) 
      Cumulative area ratio:    0.00
      Required ratio:    0.00 (Cumulative area) 
      Cumulative area ratio:    0.00
      Required ratio:    0.00 (Cumulative side area) 

    Via: M1M2_PR
      Partial area ratio:    0.18
      Required ratio:    6.00 (Gate area) 
      Cumulative area ratio:    0.41
      Required ratio:    0.00 (Cumulative area) 

    Via: L1M1_PR
      Partial area ratio:    0.23
      Required ratio:    3.00 (Gate area) 
      Cumulative area ratio:    0.23
      Required ratio:    0.00 (Cumulative area) 

  Pin: _050_/A1 (sky130_fd_sc_hd__mux2_1)
    Layer: met2
      Partial area ratio:   16.97
      Required ratio:    0.00 (Gate area) 
      Partial area ratio:   86.61
      Required ratio: 8529.20 (Side area) 
      Cumulative area ratio: 1143.28
      Required ratio:    0.00 (Cumulative area) 
      Cumulative area ratio: 5731.39
      Required ratio:    0.00 (Cumulative side area) 

    Layer: met1
      Partial area ratio: 1126.31
      Required ratio:    0.00 (Gate area) 
      Partial area ratio: 5644.78
      Required ratio: 4512.68 (Side area) (VIOLATED)
      Cumulative area ratio: 1126.31
      Required ratio:    0.00 (Cumulative area) 
      Cumulative area ratio: 5644.78
      Required ratio:    0.00 (Cumulative side area) 

    Layer: li1
      Partial area ratio:    0.00
      Required ratio:    0.00 (Gate area) 
      Partial area ratio:    0.00
      Required ratio:   75.00 (Side area) 
      Cumulative area ratio:    0.00
      Required ratio:    0.00 (Cumulative area) 
      Cumulative area ratio:    0.00
      Required ratio:    0.00 (Cumulative side area) 

    Via: M1M2_PR
      Partial area ratio:    0.71
      Required ratio:    6.00 (Gate area) 
      Cumulative area ratio:    0.94
      Required ratio:    0.00 (Cumulative area) 

    Via: L1M1_PR
      Partial area ratio:    0.23
      Required ratio:    3.00 (Gate area) 
      Cumulative area ratio:    0.23
      Required ratio:    0.00 (Cumulative area) 


Net: net4
  Pin: _052_/A1 (sky130_fd_sc_hd__mux2_1)
    Layer: met2
      Partial area ratio:  254.10
      Required ratio:    0.00 (Gate area) 
      Partial area ratio: 1271.67
      Required ratio: 4220.08 (Side area) 
      Cumulative area ratio:  571.28
      Required ratio:    0.00 (Cumulative area) 
      Cumulative area ratio: 2862.22
      Required ratio:    0.00 (Cumulative side area) 

    Layer: met1
      Partial area ratio:   14.47
      Required ratio:    0.00 (Gate area) 
      Partial area ratio:   73.11
      Required ratio:  400.00 (Side area) 
      Cumulative area ratio:   14.47
      Required ratio:    0.00 (Cumulative area) 
      Cumulative area ratio:   73.11
      Required ratio:    0.00 (Cumulative side area) 

    Layer: li1
      Partial area ratio:    0.00
      Required ratio:    0.00 (Gate area) 
      Partial area ratio:    0.00
      Required ratio:   75.00 (Side area) 
      Cumulative area ratio:    0.00
      Required ratio:    0.00 (Cumulative area) 
      Cumulative area ratio:    0.00
      Required ratio:    0.00 (Cumulative side area) 

    Via: M1M2_PR
      Partial area ratio:    0.18
      Required ratio:    6.00 (Gate area) 
      Cumulative area ratio:    0.41
      Required ratio:    0.00 (Cumulative area) 

    Via: L1M1_PR
      Partial area ratio:    0.23
      Required ratio:    3.00 (Gate area) 
      Cumulative area ratio:    0.23
      Required ratio:    0.00 (Cumulative area) 

  Pin: _092_/A1 (sky130_fd_sc_hd__mux2_1)
    Layer: met2
      Partial area ratio:  254.10
      Required ratio:    0.00 (Gate area) 
      Partial area ratio: 1271.67
      Required ratio: 4220.08 (Side area) 
      Cumulative area ratio:  556.81
      Required ratio:    0.00 (Cumulative area) 
      Cumulative area ratio: 2789.11
      Required ratio:    0.00 (Cumulative side area) 

    Layer: met1
      Partial area ratio:    0.00
      Required ratio:    0.00 (Gate area) 
      Partial area ratio:    0.00
      Required ratio:  400.00 (Side area) 
      Cumulative area ratio:    0.00
      Required ratio:    0.00 (Cumulative area) 
      Cumulative area ratio:    0.00
      Required ratio:    0.00 (Cumulative side area) 

    Layer: li1
      Partial area ratio:    0.00
      Required ratio:    0.00 (Gate area) 
      Partial area ratio:    0.00
      Required ratio:   75.00 (Side area) 
      Cumulative area ratio:    0.00
      Required ratio:    0.00 (Cumulative area) 
      Cumulative area ratio:    0.00
      Required ratio:    0.00 (Cumulative side area) 

    Via: M1M2_PR
      Partial area ratio:    0.18
      Required ratio:    6.00 (Gate area) 
      Cumulative area ratio:    0.41
      Required ratio:    0.00 (Cumulative area) 

    Via: L1M1_PR
      Partial area ratio:    0.23
      Required ratio:    3.00 (Gate area) 
      Cumulative area ratio:    0.23
      Required ratio:    0.00 (Cumulative area) 

  Pin: _061_/A1 (sky130_fd_sc_hd__mux2_1)
    Layer: met2
      Partial area ratio:  254.10
      Required ratio:    0.00 (Gate area) 
      Partial area ratio: 1271.67
      Required ratio: 4220.08 (Side area) 
      Cumulative area ratio:  557.99
      Required ratio:    0.00 (Cumulative area) 
      Cumulative area ratio: 2795.78
      Required ratio:    0.00 (Cumulative side area) 

    Layer: met1
      Partial area ratio:    1.18
      Required ratio:    0.00 (Gate area) 
      Partial area ratio:    6.67
      Required ratio:  400.00 (Side area) 
      Cumulative area ratio:    1.18
      Required ratio:    0.00 (Cumulative area) 
      Cumulative area ratio:    6.67
      Required ratio:    0.00 (Cumulative side area) 

    Layer: li1
      Partial area ratio:    0.00
      Required ratio:    0.00 (Gate area) 
      Partial area ratio:    0.00
      Required ratio:   75.00 (Side area) 
      Cumulative area ratio:    0.00
      Required ratio:    0.00 (Cumulative area) 
      Cumulative area ratio:    0.00
      Required ratio:    0.00 (Cumulative side area) 

    Via: M1M2_PR
      Partial area ratio:    0.18
      Required ratio:    6.00 (Gate area) 
      Cumulative area ratio:    0.41
      Required ratio:    0.00 (Cumulative area) 

    Via: L1M1_PR
      Partial area ratio:    0.23
      Required ratio:    3.00 (Gate area) 
      Cumulative area ratio:    0.23
      Required ratio:    0.00 (Cumulative area) 

  Pin: _070_/A1 (sky130_fd_sc_hd__mux2_1)
    Layer: met2
      Partial area ratio:  254.10
      Required ratio:    0.00 (Gate area) 
      Partial area ratio: 1271.67
      Required ratio: 4220.08 (Side area) 
      Cumulative area ratio:  556.81
      Required ratio:    0.00 (Cumulative area) 
      Cumulative area ratio: 2789.11
      Required ratio:    0.00 (Cumulative side area) 

    Layer: met1
      Partial area ratio:  302.71
      Required ratio:    0.00 (Gate area) 
      Partial area ratio: 1517.44
      Required ratio:  400.00 (Side area) (VIOLATED)
      Cumulative area ratio:  302.71
      Required ratio:    0.00 (Cumulative area) 
      Cumulative area ratio: 1517.44
      Required ratio:    0.00 (Cumulative side area) 

    Layer: li1
      Partial area ratio:    0.00
      Required ratio:    0.00 (Gate area) 
      Partial area ratio:    0.00
      Required ratio:   75.00 (Side area) 
      Cumulative area ratio:    0.00
      Required ratio:    0.00 (Cumulative area) 
      Cumulative area ratio:    0.00
      Required ratio:    0.00 (Cumulative side area) 

    Via: M1M2_PR
      Partial area ratio:    0.54
      Required ratio:    6.00 (Gate area) 
      Cumulative area ratio:    0.77
      Required ratio:    0.00 (Cumulative area) 

    Via: L1M1_PR
      Partial area ratio:    0.23
      Required ratio:    3.00 (Gate area) 
      Cumulative area ratio:    0.23
      Required ratio:    0.00 (Cumulative area) 


[INFO ANT-0002] Found 2 net violations.
[INFO ANT-0001] Found 2 pin violations.
