Mon Mar 04 12:07:39 UTC 2024 - Executing "openroad -exit -no_init -python /openlane/scripts/odbpy/lefutil.py get_metal_layers -o /openlane/designs/dff_ram/runs/second_run/tmp/layers.list /home/sajjad/OpenLane/pdks/sky130A/libs.ref/sky130_fd_sc_hd/techlef/sky130_fd_sc_hd__nom.tlef"

Mon Mar 04 12:07:39 UTC 2024 - Executing "/openlane/scripts/mergeLef.py -o /openlane/designs/dff_ram/runs/second_run/tmp/merged.nom.lef -i /home/sajjad/OpenLane/pdks/sky130A/libs.ref/sky130_fd_sc_hd/techlef/sky130_fd_sc_hd__nom.tlef {/home/sajjad/OpenLane/pdks/sky130A/libs.ref/sky130_fd_sc_hd/lef/sky130_ef_sc_hd.lef /home/sajjad/OpenLane/pdks/sky130A/libs.ref/sky130_fd_sc_hd/lef/sky130_fd_sc_hd.lef} |& tee /dev/null"

Mon Mar 04 12:07:39 UTC 2024 - Executing "/openlane/scripts/mergeLef.py -o /openlane/designs/dff_ram/runs/second_run/tmp/merged.min.lef -i /home/sajjad/OpenLane/pdks/sky130A/libs.ref/sky130_fd_sc_hd/techlef/sky130_fd_sc_hd__min.tlef {/home/sajjad/OpenLane/pdks/sky130A/libs.ref/sky130_fd_sc_hd/lef/sky130_ef_sc_hd.lef /home/sajjad/OpenLane/pdks/sky130A/libs.ref/sky130_fd_sc_hd/lef/sky130_fd_sc_hd.lef} |& tee /dev/null"

Mon Mar 04 12:07:39 UTC 2024 - Executing "/openlane/scripts/mergeLef.py -o /openlane/designs/dff_ram/runs/second_run/tmp/merged.max.lef -i /home/sajjad/OpenLane/pdks/sky130A/libs.ref/sky130_fd_sc_hd/techlef/sky130_fd_sc_hd__max.tlef {/home/sajjad/OpenLane/pdks/sky130A/libs.ref/sky130_fd_sc_hd/lef/sky130_ef_sc_hd.lef /home/sajjad/OpenLane/pdks/sky130A/libs.ref/sky130_fd_sc_hd/lef/sky130_fd_sc_hd.lef} |& tee /dev/null"

Mon Mar 04 12:07:40 UTC 2024 - Executing "python3 /openlane/scripts/mergeLib.py --output /openlane/designs/dff_ram/runs/second_run/tmp/synthesis/merged.lib --name sky130A_merged /home/sajjad/OpenLane/pdks/sky130A/libs.ref/sky130_fd_sc_hd/lib/sky130_fd_sc_hd__tt_025C_1v80.lib"

Mon Mar 04 12:07:40 UTC 2024 - Executing "python3 /openlane/scripts/libtrim.py --cell-file /openlane/designs/dff_ram/runs/second_run/tmp/synthesis/trimmed.lib.exclude.list --output /openlane/designs/dff_ram/runs/second_run/tmp/synthesis/trimmed.lib /openlane/designs/dff_ram/runs/second_run/tmp/synthesis/merged.lib"

Mon Mar 04 12:07:40 UTC 2024 - Executing "python3 /openlane/scripts/libtrim.py --cell-file /openlane/designs/dff_ram/runs/second_run/tmp/cts/cts.lib.exclude.list --output /openlane/designs/dff_ram/runs/second_run/tmp/cts/cts.lib /home/sajjad/OpenLane/pdks/sky130A/libs.ref/sky130_fd_sc_hd/lib/sky130_fd_sc_hd__tt_025C_1v80.lib"

Mon Mar 04 12:07:41 UTC 2024 - Executing "python3 /openlane/scripts/new_tracks.py -i /home/sajjad/OpenLane/pdks/sky130A/libs.tech/openlane/sky130_fd_sc_hd/tracks.info -o /openlane/designs/dff_ram/runs/second_run/tmp/routing/config.tracks"

Mon Mar 04 12:07:41 UTC 2024 - Executing "echo {OpenLane f507637dbcb9e58fa08bcf86ce54289c23cd6817} > /openlane/designs/dff_ram/runs/second_run/OPENLANE_VERSION"

Mon Mar 04 12:07:51 UTC 2024 - Executing "sed -E {s/^([[:space:]]+)pg_pin(.*)/\1pin\2\n\1    direction : "inout";/g} /home/sajjad/OpenLane/pdks/sky130A/libs.ref/sky130_fd_sc_hd/lib/sky130_fd_sc_hd__tt_025C_1v80.lib > /openlane/designs/dff_ram/runs/second_run/tmp/synthesis/1-sky130_fd_sc_hd__tt_025C_1v80.no_pg.lib"

Mon Mar 04 12:07:51 UTC 2024 - Executing "sed -E {s/^([[:space:]]+)pg_pin(.*)/\1pin\2\n\1    direction : "inout";/g} /openlane/designs/dff_ram/runs/second_run/tmp/synthesis/trimmed.lib > /openlane/designs/dff_ram/runs/second_run/tmp/synthesis/1-trimmed.no_pg.lib"

Mon Mar 04 12:07:51 UTC 2024 - Executing "yosys -c /openlane/scripts/yosys/synth.tcl |& tee /dev/null /openlane/designs/dff_ram/runs/second_run/logs/synthesis/1-synthesis.log"

Mon Mar 04 12:08:14 UTC 2024 - Executing "sed -E {s/^([[:space:]]+)pg_pin(.*)/\1pin\2\n\1    direction : "inout";/g} /home/sajjad/OpenLane/pdks/sky130A/libs.ref/sky130_fd_sc_hd/lib/sky130_fd_sc_hd__tt_025C_1v80.lib > /openlane/designs/dff_ram/runs/second_run/tmp/synthesis/2-sky130_fd_sc_hd__tt_025C_1v80.no_pg.lib"

Mon Mar 04 12:08:15 UTC 2024 - Executing "sed -E {s/^([[:space:]]+)pg_pin(.*)/\1pin\2\n\1    direction : "inout";/g} /openlane/designs/dff_ram/runs/second_run/tmp/synthesis/trimmed.lib > /openlane/designs/dff_ram/runs/second_run/tmp/synthesis/2-trimmed.no_pg.lib"

Mon Mar 04 12:08:15 UTC 2024 - Executing "yosys -c /openlane/scripts/yosys/synth.tcl |& tee /dev/null /openlane/designs/dff_ram/runs/second_run/logs/synthesis/2-synthesis.log"

Mon Mar 04 12:08:16 UTC 2024 - Executing "sed -i -e {s/\(set ::env(CURRENT_NETLIST)\).*/\1 \/openlane\/designs\/dff_ram\/runs\/second_run\/results\/synthesis\/dff_ram.v/} /openlane/designs/dff_ram/runs/second_run/config.tcl"

Mon Mar 04 12:08:16 UTC 2024 - Executing "sed -i /defparam/d /openlane/designs/dff_ram/runs/second_run/results/synthesis/dff_ram.v"

Mon Mar 04 12:08:16 UTC 2024 - Executing "openroad -exit /openlane/scripts/openroad/sta.tcl |& tee /dev/null /openlane/designs/dff_ram/runs/second_run/logs/synthesis/3-sta.log"

Mon Mar 04 12:08:24 UTC 2024 - Executing "openroad -exit /openlane/scripts/openroad/floorplan.tcl |& tee /dev/null /openlane/designs/dff_ram/runs/second_run/logs/floorplan/4-initial_fp.log"

Mon Mar 04 12:08:25 UTC 2024 - Executing "openroad -exit -no_init -python /openlane/scripts/odbpy/defutil.py extract_core_dims --output-data /openlane/designs/dff_ram/runs/second_run/tmp/dimensions.txt --input-lef /openlane/designs/dff_ram/runs/second_run/tmp/merged.nom.lef /openlane/designs/dff_ram/runs/second_run/tmp/floorplan/4-initial_fp.def"

Mon Mar 04 12:08:25 UTC 2024 - Executing "openroad -exit /openlane/scripts/openroad/ioplacer.tcl |& tee /dev/null /openlane/designs/dff_ram/runs/second_run/logs/floorplan/5-io.log"

Mon Mar 04 12:08:26 UTC 2024 - Executing "openroad -exit /openlane/scripts/openroad/tapcell.tcl |& tee /dev/null /openlane/designs/dff_ram/runs/second_run/logs/floorplan/6-tap.log"

Mon Mar 04 12:08:27 UTC 2024 - Executing "openroad -exit /openlane/scripts/openroad/pdn.tcl |& tee /dev/null /openlane/designs/dff_ram/runs/second_run/logs/floorplan/7-pdn.log"

Mon Mar 04 12:08:37 UTC 2024 - Executing "openroad -exit /openlane/scripts/openroad/gpl.tcl |& tee /dev/null /openlane/designs/dff_ram/runs/second_run/logs/placement/8-global.log"

Mon Mar 04 12:09:33 UTC 2024 - Executing "openroad -exit /openlane/scripts/openroad/resizer.tcl |& tee /dev/null /openlane/designs/dff_ram/runs/second_run/logs/placement/9-resizer.log"

Mon Mar 04 12:09:35 UTC 2024 - Executing "sed -i -e {s/\(set ::env(CURRENT_NETLIST)\).*/\1 \/openlane\/designs\/dff_ram\/runs\/second_run\/tmp\/placement\/9-resizer.nl.v/} /openlane/designs/dff_ram/runs/second_run/config.tcl"

Mon Mar 04 12:09:35 UTC 2024 - Executing "openroad -exit /openlane/scripts/openroad/dpl.tcl |& tee /dev/null /openlane/designs/dff_ram/runs/second_run/logs/placement/10-detailed.log"

Mon Mar 04 12:09:36 UTC 2024 - Executing "sed -i -e {s/\(set ::env(CURRENT_NETLIST)\).*/\1 \/openlane\/designs\/dff_ram\/runs\/second_run\/results\/placement\/dff_ram.nl.v/} /openlane/designs/dff_ram/runs/second_run/config.tcl"

Mon Mar 04 12:09:50 UTC 2024 - Executing "openroad -exit /openlane/scripts/openroad/cts.tcl |& tee /dev/null /openlane/designs/dff_ram/runs/second_run/logs/cts/11-cts.log"

Mon Mar 04 12:10:49 UTC 2024 - Executing "openroad -exit /openlane/scripts/openroad/resizer_routing_timing.tcl |& tee /dev/null /openlane/designs/dff_ram/runs/second_run/logs/routing/12-resizer.log"

Mon Mar 04 12:10:51 UTC 2024 - Executing "sed -i -e {s/\(set ::env(CURRENT_NETLIST)\).*/\1 \/openlane\/designs\/dff_ram\/runs\/second_run\/tmp\/12-dff_ram.nl.v/} /openlane/designs/dff_ram/runs/second_run/config.tcl"

Mon Mar 04 12:10:52 UTC 2024 - Executing "openroad -exit /openlane/scripts/openroad/dpl.tcl |& tee /dev/null /openlane/designs/dff_ram/runs/second_run/logs/routing/13-diode_legalization.log"

Mon Mar 04 12:10:53 UTC 2024 - Executing "sed -i -e {s/\(set ::env(CURRENT_NETLIST)\).*/\1 \/openlane\/designs\/dff_ram\/runs\/second_run\/tmp\/routing\/diode.nl.v/} /openlane/designs/dff_ram/runs/second_run/config.tcl"

Mon Mar 04 12:10:53 UTC 2024 - Executing "openroad -exit /openlane/scripts/openroad/groute.tcl |& tee /dev/null /openlane/designs/dff_ram/runs/second_run/logs/routing/14-global.log"

Mon Mar 04 12:10:56 UTC 2024 - Executing "openroad -exit -no_init -python /openlane/scripts/odbpy/defutil.py replace_instance_prefixes --original-prefix ANTENNA --new-prefix INSDIODE1 --input-lef /openlane/designs/dff_ram/runs/second_run/tmp/merged.nom.lef --output-def /openlane/designs/dff_ram/runs/second_run/tmp/routing/diode.def --output /openlane/designs/dff_ram/runs/second_run/tmp/routing/diode.odb /openlane/designs/dff_ram/runs/second_run/tmp/routing/diode.odb |& tee /dev/null /openlane/designs/dff_ram/runs/second_run/logs/routing/14-antenna_diodes_1.log"

Mon Mar 04 12:10:56 UTC 2024 - Executing "openroad -exit /openlane/scripts/openroad/groute.tcl |& tee /dev/null /openlane/designs/dff_ram/runs/second_run/logs/routing/14-antenna_route_1.log"

Mon Mar 04 12:10:59 UTC 2024 - Executing "openroad -exit /openlane/scripts/openroad/write_views.tcl |& tee /dev/null /openlane/designs/dff_ram/runs/second_run/logs/routing/14-global_write_netlist.log"

Mon Mar 04 12:11:00 UTC 2024 - Executing "sed -i -e {s/\(set ::env(CURRENT_NETLIST)\).*/\1 \/openlane\/designs\/dff_ram\/runs\/second_run\/tmp\/routing\/global.nl.v/} /openlane/designs/dff_ram/runs/second_run/config.tcl"

Mon Mar 04 12:11:00 UTC 2024 - Executing "openroad -exit /openlane/scripts/openroad/fill.tcl |& tee /dev/null /openlane/designs/dff_ram/runs/second_run/logs/routing/16-fill.log"

Mon Mar 04 12:11:03 UTC 2024 - Executing "sed -i -e {s/\(set ::env(CURRENT_NETLIST)\).*/\1 \/openlane\/designs\/dff_ram\/runs\/second_run\/tmp\/routing\/16-fill.nl.v/} /openlane/designs/dff_ram/runs/second_run/config.tcl"

Mon Mar 04 12:11:04 UTC 2024 - Executing "openroad -exit /openlane/scripts/openroad/droute.tcl |& tee /dev/null /openlane/designs/dff_ram/runs/second_run/logs/routing/17-detailed.log"

Mon Mar 04 12:12:41 UTC 2024 - Executing "sed -i -e {s/\(set ::env(CURRENT_NETLIST)\).*/\1 \/openlane\/designs\/dff_ram\/runs\/second_run\/results\/routing\/dff_ram.nl.v/} /openlane/designs/dff_ram/runs/second_run/config.tcl"

Mon Mar 04 12:12:41 UTC 2024 - Executing "python3 /openlane/scripts/drc_rosetta.py tr to_klayout -o /openlane/designs/dff_ram/runs/second_run/reports/routing/drt.klayout.xml --design-name dff_ram /openlane/designs/dff_ram/runs/second_run/reports/routing/drt.drc"

Mon Mar 04 12:12:42 UTC 2024 - Executing "openroad -exit -no_init -python /openlane/scripts/odbpy/wire_lengths.py --report-out /openlane/designs/dff_ram/runs/second_run/reports/routing/18-wire_lengths.csv --input-lef /openlane/designs/dff_ram/runs/second_run/tmp/merged.nom.lef --output-def /dev/null --output /openlane/designs/dff_ram/runs/second_run/results/routing/dff_ram.odb /openlane/designs/dff_ram/runs/second_run/results/routing/dff_ram.odb |& tee /dev/null /openlane/designs/dff_ram/runs/second_run/logs/routing/18-wire_lengths.log"

Mon Mar 04 12:13:11 UTC 2024 - Executing "magic -noconsole -dnull -rcfile /home/sajjad/OpenLane/pdks/sky130A/libs.tech/magic/sky130A.magicrc < /openlane/scripts/magic/def/mag_gds.tcl |& tee /dev/null /openlane/designs/dff_ram/runs/second_run/logs/signoff/19-gdsii.log"

Mon Mar 04 12:13:15 UTC 2024 - Executing "magic -noconsole -dnull -rcfile /home/sajjad/OpenLane/pdks/sky130A/libs.tech/magic/sky130A.magicrc < /openlane/scripts/magic/gds/mag_with_pointers.tcl |& tee /dev/null /openlane/designs/dff_ram/runs/second_run/logs/signoff/19-gds_ptrs.log"

Mon Mar 04 12:13:19 UTC 2024 - Executing "sed -i -n {/^<< properties >>/,/^<< end >>/p} /openlane/designs/dff_ram/runs/second_run/tmp/signoff/gds_ptrs.mag"

Mon Mar 04 12:13:20 UTC 2024 - Executing "magic -noconsole -dnull -rcfile /home/sajjad/OpenLane/pdks/sky130A/libs.tech/magic/sky130A.magicrc < /openlane/scripts/magic/mag/lef.tcl |& tee /dev/null /openlane/designs/dff_ram/runs/second_run/logs/signoff/19-lef.log"

Mon Mar 04 12:14:12 UTC 2024 - Executing "magic -noconsole -dnull -rcfile /home/sajjad/OpenLane/pdks/sky130A/libs.tech/magic/sky130A.magicrc < /openlane/scripts/magic/lef/maglef.tcl |& tee /dev/null /openlane/designs/dff_ram/runs/second_run/logs/signoff/19-maglef.log"

Mon Mar 04 12:14:45 UTC 2024 - Executing "magic -noconsole -dnull -rcfile /home/sajjad/OpenLane/pdks/sky130A/libs.tech/magic/sky130A.magicrc < /openlane/scripts/magic/extract_spice.tcl |& tee /dev/null /openlane/designs/dff_ram/runs/second_run/logs/signoff/20-spice.log"

Mon Mar 04 12:17:22 UTC 2024 - Executing "openroad -exit -no_init -python /openlane/scripts/odbpy/power_utils.py write_powered_def --output /openlane/designs/dff_ram/runs/second_run/tmp/signoff/20-dff_ram.p.def --input-lef /openlane/designs/dff_ram/runs/second_run/tmp/merged.nom.lef --power-port VPWR --ground-port VGND --powered-netlist {} /openlane/designs/dff_ram/runs/second_run/results/routing/dff_ram.def |& tee /dev/null /openlane/designs/dff_ram/runs/second_run/logs/signoff/21-write_powered_def.log"

Mon Mar 04 12:17:25 UTC 2024 - Executing "openroad -exit /openlane/scripts/openroad/write_views.tcl |& tee /dev/null /openlane/designs/dff_ram/runs/second_run/logs/signoff/21-write_powered_verilog.log"

Mon Mar 04 12:17:27 UTC 2024 - Executing "sed -i -e {s/\(set ::env(CURRENT_NETLIST)\).*/\1 \/openlane\/designs\/dff_ram\/runs\/second_run\/tmp\/signoff\/20-dff_ram.nl.v/} /openlane/designs/dff_ram/runs/second_run/config.tcl"

Mon Mar 04 12:17:28 UTC 2024 - Executing "netgen -batch source /openlane/designs/dff_ram/runs/second_run/tmp/signoff/23-setup_file.lef.lvs |& tee /dev/null /openlane/designs/dff_ram/runs/second_run/logs/signoff/23-lvs.lef.log"

Mon Mar 04 12:17:50 UTC 2024 - Executing "openroad -exit /openlane/scripts/openroad/antenna_check.tcl |& tee /dev/null /openlane/designs/dff_ram/runs/second_run/logs/signoff/24-antenna.log"

Mon Mar 04 12:17:52 UTC 2024 - Executing "python3 /openlane/scripts/extract_antenna_violators.py --output /openlane/designs/dff_ram/runs/second_run/reports/signoff/24-antenna_violators.rpt /openlane/designs/dff_ram/runs/second_run/logs/signoff/24-antenna.log"

