[INFO]: Run Directory: /openlane/designs/dff_ram/runs/second_run
[INFO]: Preparing LEF files for the nom corner...
[INFO]: Preparing LEF files for the min corner...
[INFO]: Preparing LEF files for the max corner...
[INFO]: Running Synthesis (log: designs/dff_ram/runs/second_run/logs/synthesis/1-synthesis.log)...
[INFO]: Running Synthesis (log: designs/dff_ram/runs/second_run/logs/synthesis/2-synthesis.log)...
[INFO]: Executing yosys with Tcl script 'scripts/yosys/synth.tcl'...
[INFO]: Changing netlist to 'designs/dff_ram/runs/second_run/results/synthesis/dff_ram.v'...
[INFO]: Running Single-Corner Static Timing Analysis (log: designs/dff_ram/runs/second_run/logs/synthesis/3-sta.log)...
[INFO]: Executing openroad with Tcl script 'scripts/openroad/sta.tcl'...
[INFO]: Running Initial Floorplanning (log: designs/dff_ram/runs/second_run/logs/floorplan/4-initial_fp.log)...
[INFO]: Executing openroad with Tcl script 'scripts/openroad/floorplan.tcl'...
[INFO]: Changing layout to 'designs/dff_ram/runs/second_run/tmp/floorplan/4-initial_fp.def'...
[INFO]: Changing timing constraints to 'designs/dff_ram/runs/second_run/tmp/floorplan/4-initial_fp.sdc'...
[INFO]: Changing database to 'designs/dff_ram/runs/second_run/tmp/floorplan/4-initial_fp.odb'...
[INFO]: Core area width: 1199.68
[INFO]: Core area height: 1196.8
[INFO]: Final Vertical PDN Offset: 16.32
[INFO]: Final Horizontal PDN Offset: 16.65
[INFO]: Final Vertical PDN Pitch: 153.6
[INFO]: Final Horizontal PDN Pitch: 153.18
[INFO]: Extracting core dimensions...
[INFO]: Floorplanned with width 1199.68 and height 1196.8.
[INFO]: Running IO Placement...
[INFO]: Executing openroad with Tcl script 'scripts/openroad/ioplacer.tcl'...
[INFO]: Changing layout to 'designs/dff_ram/runs/second_run/tmp/floorplan/5-io.def'...
[INFO]: Changing database to 'designs/dff_ram/runs/second_run/tmp/floorplan/5-io.odb'...
[INFO]: Running Tap/Decap Insertion (log: designs/dff_ram/runs/second_run/logs/floorplan/6-tap.log)...
[INFO]: Executing openroad with Tcl script 'scripts/openroad/tapcell.tcl'...
[INFO]: Changing layout to 'designs/dff_ram/runs/second_run/results/floorplan/dff_ram.def'...
[INFO]: Changing database to 'designs/dff_ram/runs/second_run/results/floorplan/dff_ram.odb'...
[INFO]: Power planning with power {VPWR} and ground {VGND}...
[INFO]: Generating PDN (log: designs/dff_ram/runs/second_run/logs/floorplan/7-pdn.log)...
[INFO]: Executing openroad with Tcl script 'scripts/openroad/pdn.tcl'...
[INFO]: Changing layout to 'designs/dff_ram/runs/second_run/tmp/floorplan/7-pdn.def'...
[INFO]: Changing database to 'designs/dff_ram/runs/second_run/tmp/floorplan/7-pdn.odb'...
[INFO]: Running Global Placement (log: designs/dff_ram/runs/second_run/logs/placement/8-global.log)...
[INFO]: Executing openroad with Tcl script 'scripts/openroad/gpl.tcl'...
[INFO]: Changing layout to 'designs/dff_ram/runs/second_run/tmp/placement/8-global.def'...
[INFO]: Changing database to 'designs/dff_ram/runs/second_run/tmp/placement/8-global.odb'...
[INFO]: Running Placement Resizer Design Optimizations (log: designs/dff_ram/runs/second_run/logs/placement/9-resizer.log)...
[INFO]: Executing openroad with Tcl script 'scripts/openroad/resizer.tcl'...
[INFO]: Changing layout to 'designs/dff_ram/runs/second_run/tmp/placement/9-resizer.def'...
[INFO]: Changing database to 'designs/dff_ram/runs/second_run/tmp/placement/9-resizer.odb'...
[INFO]: Changing timing constraints to 'designs/dff_ram/runs/second_run/tmp/placement/9-resizer.sdc'...
[INFO]: Changing netlist to 'designs/dff_ram/runs/second_run/tmp/placement/9-resizer.nl.v'...
[INFO]: Running Detailed Placement (log: designs/dff_ram/runs/second_run/logs/placement/10-detailed.log)...
[INFO]: Executing openroad with Tcl script 'scripts/openroad/dpl.tcl'...
[INFO]: Changing layout to 'designs/dff_ram/runs/second_run/results/placement/dff_ram.def'...
[INFO]: Changing database to 'designs/dff_ram/runs/second_run/results/placement/dff_ram.odb'...
[INFO]: Changing netlist to 'designs/dff_ram/runs/second_run/results/placement/dff_ram.nl.v'...
[INFO]: Running Clock Tree Synthesis (log: designs/dff_ram/runs/second_run/logs/cts/11-cts.log)...
[INFO]: Executing openroad with Tcl script 'scripts/openroad/cts.tcl'...
[INFO]: Changing layout to 'designs/dff_ram/runs/second_run/results/cts/dff_ram.def'...
[INFO]: Changing timing constraints to 'designs/dff_ram/runs/second_run/results/cts/dff_ram.sdc'...
[INFO]: Changing database to 'designs/dff_ram/runs/second_run/results/cts/dff_ram.odb'...
[INFO]: Starting routing process...
[INFO]: Running Global Routing Resizer Timing Optimizations (log: designs/dff_ram/runs/second_run/logs/routing/12-resizer.log)...
[INFO]: Executing openroad with Tcl script 'scripts/openroad/resizer_routing_timing.tcl'...
[INFO]: Changing layout to 'designs/dff_ram/runs/second_run/tmp/12-dff_ram.def'...
[INFO]: Changing timing constraints to 'designs/dff_ram/runs/second_run/tmp/12-dff_ram.sdc'...
[INFO]: Changing database to 'designs/dff_ram/runs/second_run/tmp/12-dff_ram.odb'...
[INFO]: Changing netlist to 'designs/dff_ram/runs/second_run/tmp/12-dff_ram.nl.v'...
[INFO]: Running Detailed Placement (log: designs/dff_ram/runs/second_run/logs/routing/13-diode_legalization.log)...
[INFO]: Executing openroad with Tcl script 'scripts/openroad/dpl.tcl'...
[INFO]: Changing layout to 'designs/dff_ram/runs/second_run/tmp/routing/diode.def'...
[INFO]: Changing database to 'designs/dff_ram/runs/second_run/tmp/routing/diode.odb'...
[INFO]: Changing netlist to 'designs/dff_ram/runs/second_run/tmp/routing/diode.nl.v'...
[INFO]: Running Global Routing (log: designs/dff_ram/runs/second_run/logs/routing/14-global.log)...
[INFO]: Executing openroad with Tcl script 'scripts/openroad/groute.tcl'...
[INFO]: Starting OpenROAD Antenna Repair Iterations...
[INFO]: Starting antenna repair iteration 1 with 2 violations...
[INFO]: Executing openroad with Tcl script 'scripts/openroad/groute.tcl'...
[INFO]: [Iteration 1] Failed to reduce antenna violations (2 -> 2), stopping iterations...
[INFO]: Changing layout to 'designs/dff_ram/runs/second_run/tmp/routing/14-global.def'...
[INFO]: Changing guide to 'designs/dff_ram/runs/second_run/tmp/routing/14-global.guide'...
[INFO]: Changing database to 'designs/dff_ram/runs/second_run/tmp/routing/14-global.odb'...
[INFO]: Writing Verilog (log: designs/dff_ram/runs/second_run/logs/routing/14-global_write_netlist.log)...
[INFO]: Executing openroad with Tcl script 'scripts/openroad/write_views.tcl'...
[INFO]: Changing netlist to 'designs/dff_ram/runs/second_run/tmp/routing/global.nl.v'...
[INFO]: Running Fill Insertion (log: designs/dff_ram/runs/second_run/logs/routing/16-fill.log)...
[INFO]: Executing openroad with Tcl script 'scripts/openroad/fill.tcl'...
[INFO]: Changing layout to 'designs/dff_ram/runs/second_run/tmp/routing/16-fill.def'...
[INFO]: Changing database to 'designs/dff_ram/runs/second_run/tmp/routing/16-fill.odb'...
[INFO]: Changing netlist to 'designs/dff_ram/runs/second_run/tmp/routing/16-fill.nl.v'...
[INFO]: Running Detailed Routing (log: designs/dff_ram/runs/second_run/logs/routing/17-detailed.log)...
[INFO]: Executing openroad with Tcl script 'scripts/openroad/droute.tcl'...
[INFO]: Changing layout to 'designs/dff_ram/runs/second_run/results/routing/dff_ram.def'...
[INFO]: Changing database to 'designs/dff_ram/runs/second_run/results/routing/dff_ram.odb'...
[INFO]: Changing netlist to 'designs/dff_ram/runs/second_run/results/routing/dff_ram.nl.v'...
[INFO]: No DRC violations after detailed routing.
[INFO]: Checking Wire Lengths (log: designs/dff_ram/runs/second_run/logs/routing/18-wire_lengths.log)...
[INFO]: Running Magic to generate various views...
[INFO]: Streaming out GDSII with Magic (log: designs/dff_ram/runs/second_run/logs/signoff/19-gdsii.log)...
[INFO]: Executing magic with Tcl script 'scripts/magic/def/mag_gds.tcl'...
[INFO]: Generating MAGLEF views...
[INFO]: Executing magic with Tcl script 'scripts/magic/gds/mag_with_pointers.tcl'...
[INFO]: Executing magic with Tcl script 'scripts/magic/mag/lef.tcl'...
[INFO]: Executing magic with Tcl script 'scripts/magic/lef/maglef.tcl'...
[INFO]: Running Magic Spice Export from LEF (log: designs/dff_ram/runs/second_run/logs/signoff/20-spice.log)...
[INFO]: Executing magic with Tcl script 'scripts/magic/extract_spice.tcl'...
[INFO]: Starting LVS process...
[INFO]: Writing Powered Verilog (logs: designs/dff_ram/runs/second_run/logs/signoff/21-write_powered_def.log, designs/dff_ram/runs/second_run/logs/signoff/21-write_powered_verilog.log)...
[INFO]: Writing Verilog (log: designs/dff_ram/runs/second_run/logs/signoff/21-write_powered_verilog.log)...
[INFO]: Executing openroad with Tcl script 'scripts/openroad/write_views.tcl'...
[INFO]: Changing netlist to 'designs/dff_ram/runs/second_run/tmp/signoff/20-dff_ram.nl.v'...
[INFO]: Running LVS (log: designs/dff_ram/runs/second_run/logs/signoff/23-lvs.lef.log)...
[INFO]: /openlane/designs/dff_ram/runs/second_run/results/signoff/dff_ram.spice against /openlane/designs/dff_ram/runs/second_run/tmp/signoff/20-dff_ram.pnl.v
[INFO]: Running OpenROAD Antenna Rule Checker (log: designs/dff_ram/runs/second_run/logs/signoff/24-antenna.log)...
[INFO]: Executing openroad with Tcl script 'scripts/openroad/antenna_check.tcl'...
